-------------------------------------------------------------------------------
Test set: codingblackfemales.gettingstarted.MyAlgoBackTest
-------------------------------------------------------------------------------
Tests run: 6, Failures: 0, Errors: 4, Skipped: 0, Time elapsed: 9.912 s <<< FAILURE! -- in codingblackfemales.gettingstarted.MyAlgoBackTest
codingblackfemales.gettingstarted.MyAlgoBackTest.monteCarloSim -- Time elapsed: 2.908 s <<< ERROR!
java.lang.StackOverflowError
	at java.base/java.util.regex.Pattern$BmpCharProperty.match(Pattern.java:3954)
	at java.base/java.util.regex.Pattern$GroupHead.match(Pattern.java:4789)
	at java.base/java.util.regex.Pattern$Branch.match(Pattern.java:4734)
	at java.base/java.util.regex.Pattern$Branch.match(Pattern.java:4732)
	at java.base/java.util.regex.Pattern$BranchConn.match(Pattern.java:4698)
	at java.base/java.util.regex.Pattern$GroupTail.match(Pattern.java:4820)
	at java.base/java.util.regex.Pattern$BmpCharPropertyGreedy.match(Pattern.java:4329)
	at java.base/java.util.regex.Pattern$GroupHead.match(Pattern.java:4789)
	at java.base/java.util.regex.Pattern$Branch.match(Pattern.java:4734)
	at java.base/java.util.regex.Pattern$BranchConn.match(Pattern.java:4698)
	at java.base/java.util.regex.Pattern$GroupTail.match(Pattern.java:4820)
	at java.base/java.util.regex.Pattern$BmpCharPropertyGreedy.match(Pattern.java:4329)
	at java.base/java.util.regex.Pattern$GroupHead.match(Pattern.java:4789)
	at java.base/java.util.regex.Pattern$Branch.match(Pattern.java:4734)
	at java.base/java.util.regex.Pattern$Branch.match(Pattern.java:4732)
	at java.base/java.util.regex.Pattern$BmpCharProperty.match(Pattern.java:3955)
	at java.base/java.util.regex.Pattern$Start.match(Pattern.java:3608)
	at java.base/java.util.regex.Matcher.search(Matcher.java:1728)
	at java.base/java.util.regex.Matcher.find(Matcher.java:772)
	at java.base/java.util.Formatter.parse(Formatter.java:2746)
	at java.base/java.util.Formatter.format(Formatter.java:2671)
	at java.base/java.util.Formatter.format(Formatter.java:2625)
	at java.base/java.lang.String.format(String.java:4143)
	at codingblackfemales.sequencer.util.MessageUtil.padLeft(MessageUtil.java:16)
	at codingblackfemales.sequencer.util.MessageUtil.bookUpdateToString(MessageUtil.java:27)
	at codingblackfemales.sequencer.consumer.LoggingConsumer.onMessage(LoggingConsumer.java:37)
	at codingblackfemales.sequencer.net.TestNetwork.dispatch(TestNetwork.java:15)
	at codingblackfemales.sequencer.DefaultSequencer.dispatchToNetwork(DefaultSequencer.java:95)
	at codingblackfemales.sequencer.DefaultSequencer.sequenceAndDispatchMessage(DefaultSequencer.java:91)
	at codingblackfemales.sequencer.DefaultSequencer.onCommand(DefaultSequencer.java:50)
	at codingblackfemales.orderbook.channel.MarketDataChannel.publish(MarketDataChannel.java:20)
	at codingblackfemales.orderbook.OrderBook.publishBook(OrderBook.java:188)
	at codingblackfemales.orderbook.OrderBook.onLimitOrder(OrderBook.java:174)
	at codingblackfemales.orderbook.consumer.OrderBookInboundOrderConsumer.onCreateOrder(OrderBookInboundOrderConsumer.java:24)
	at codingblackfemales.sequencer.event.OrderEventListener.onMessage(OrderEventListener.java:33)
	at codingblackfemales.sequencer.net.TestNetwork.dispatch(TestNetwork.java:15)
	at codingblackfemales.sequencer.DefaultSequencer.dispatchToNetwork(DefaultSequencer.java:95)
	at codingblackfemales.sequencer.DefaultSequencer.sequenceAndDispatchMessage(DefaultSequencer.java:91)
	at codingblackfemales.sequencer.DefaultSequencer.onCommand(DefaultSequencer.java:47)
	at codingblackfemales.action.CreateChildOrder.apply(CreateChildOrder.java:47)
	at codingblackfemales.container.Actioner.processAction(Actioner.java:20)
	at codingblackfemales.container.AlgoContainer.runAlgoLogic(AlgoContainer.java:62)
	at codingblackfemales.container.AlgoContainer.onMessage(AlgoContainer.java:49)
	at codingblackfemales.sequencer.net.TestNetwork.dispatch(TestNetwork.java:15)
	at codingblackfemales.sequencer.DefaultSequencer.dispatchToNetwork(DefaultSequencer.java:95)
	at codingblackfemales.sequencer.DefaultSequencer.sequenceAndDispatchMessage(DefaultSequencer.java:91)
	at codingblackfemales.sequencer.DefaultSequencer.onCommand(DefaultSequencer.java:50)
	at codingblackfemales.orderbook.channel.MarketDataChannel.publish(MarketDataChannel.java:20)
	at codingblackfemales.orderbook.OrderBook.publishBook(OrderBook.java:188)
	at codingblackfemales.orderbook.OrderBook.onCancelOrder(OrderBook.java:182)
	at codingblackfemales.orderbook.consumer.OrderBookInboundOrderConsumer.onCancelOrder(OrderBookInboundOrderConsumer.java:29)
	at codingblackfemales.sequencer.event.OrderEventListener.onMessage(OrderEventListener.java:36)
	at codingblackfemales.sequencer.net.TestNetwork.dispatch(TestNetwork.java:15)
	at codingblackfemales.sequencer.DefaultSequencer.dispatchToNetwork(DefaultSequencer.java:95)
	at codingblackfemales.sequencer.DefaultSequencer.sequenceAndDispatchMessage(DefaultSequencer.java:91)
	at codingblackfemales.sequencer.DefaultSequencer.onCommand(DefaultSequencer.java:50)
	at codingblackfemales.action.CancelChildOrder.apply(CancelChildOrder.java:38)
	at codingblackfemales.container.Actioner.processAction(Actioner.java:20)
	at codingblackfemales.container.AlgoContainer.runAlgoLogic(AlgoContainer.java:62)
	at codingblackfemales.container.AlgoContainer.onMessage(AlgoContainer.java:49)
	at codingblackfemales.sequencer.net.TestNetwork.dispatch(TestNetwork.java:15)
	at codingblackfemales.sequencer.DefaultSequencer.dispatchToNetwork(DefaultSequencer.java:95)
	at codingblackfemales.sequencer.DefaultSequencer.sequenceAndDispatchMessage(DefaultSequencer.java:91)
	at codingblackfemales.sequencer.DefaultSequencer.onCommand(DefaultSequencer.java:50)
	at codingblackfemales.orderbook.channel.MarketDataChannel.publish(MarketDataChannel.java:20)
	at codingblackfemales.orderbook.OrderBook.publishBook(OrderBook.java:188)
	at codingblackfemales.orderbook.OrderBook.onLimitOrder(OrderBook.java:174)
	at codingblackfemales.orderbook.consumer.OrderBookInboundOrderConsumer.onCreateOrder(OrderBookInboundOrderConsumer.java:24)
	at codingblackfemales.sequencer.event.OrderEventListener.onMessage(OrderEventListener.java:33)
	at codingblackfemales.sequencer.net.TestNetwork.dispatch(TestNetwork.java:15)
	at codingblackfemales.sequencer.DefaultSequencer.dispatchToNetwork(DefaultSequencer.java:95)
	at codingblackfemales.sequencer.DefaultSequencer.sequenceAndDispatchMessage(DefaultSequencer.java:91)
	at codingblackfemales.sequencer.DefaultSequencer.onCommand(DefaultSequencer.java:47)
	at codingblackfemales.action.CreateChildOrder.apply(CreateChildOrder.java:47)
	at codingblackfemales.container.Actioner.processAction(Actioner.java:20)
	at codingblackfemales.container.AlgoContainer.runAlgoLogic(AlgoContainer.java:62)
	at codingblackfemales.container.AlgoContainer.onMessage(AlgoContainer.java:49)
	at codingblackfemales.sequencer.net.TestNetwork.dispatch(TestNetwork.java:15)
	at codingblackfemales.sequencer.DefaultSequencer.dispatchToNetwork(DefaultSequencer.java:95)
	at codingblackfemales.sequencer.DefaultSequencer.sequenceAndDispatchMessage(DefaultSequencer.java:91)
	at codingblackfemales.sequencer.DefaultSequencer.onCommand(DefaultSequencer.java:50)
	at codingblackfemales.orderbook.channel.MarketDataChannel.publish(MarketDataChannel.java:20)
	at codingblackfemales.orderbook.OrderBook.publishBook(OrderBook.java:188)
	at codingblackfemales.orderbook.OrderBook.onCancelOrder(OrderBook.java:182)
	at codingblackfemales.orderbook.consumer.OrderBookInboundOrderConsumer.onCancelOrder(OrderBookInboundOrderConsumer.java:29)
	at codingblackfemales.sequencer.event.OrderEventListener.onMessage(OrderEventListener.java:36)
	at codingblackfemales.sequencer.net.TestNetwork.dispatch(TestNetwork.java:15)
	at codingblackfemales.sequencer.DefaultSequencer.dispatchToNetwork(DefaultSequencer.java:95)
	at codingblackfemales.sequencer.DefaultSequencer.sequenceAndDispatchMessage(DefaultSequencer.java:91)
	at codingblackfemales.sequencer.DefaultSequencer.onCommand(DefaultSequencer.java:50)
	at codingblackfemales.action.CancelChildOrder.apply(CancelChildOrder.java:38)
	at codingblackfemales.container.Actioner.processAction(Actioner.java:20)
	at codingblackfemales.container.AlgoContainer.runAlgoLogic(AlgoContainer.java:62)
	at codingblackfemales.container.AlgoContainer.onMessage(AlgoContainer.java:49)
	at codingblackfemales.sequencer.net.TestNetwork.dispatch(TestNetwork.java:15)
	at codingblackfemales.sequencer.DefaultSequencer.dispatchToNetwork(DefaultSequencer.java:95)
	at codingblackfemales.sequencer.DefaultSequencer.sequenceAndDispatchMessage(DefaultSequencer.java:91)
	at codingblackfemales.sequencer.DefaultSequencer.onCommand(DefaultSequencer.java:50)
	at codingblackfemales.orderbook.channel.MarketDataChannel.publish(MarketDataChannel.java:20)
	at codingblackfemales.orderbook.OrderBook.publishBook(OrderBook.java:188)
	at codingblackfemales.orderbook.OrderBook.onLimitOrder(OrderBook.java:174)
	at codingblackfemales.orderbook.consumer.OrderBookInboundOrderConsumer.onCreateOrder(OrderBookInboundOrderConsumer.java:24)
	at codingblackfemales.sequencer.event.OrderEventListener.onMessage(OrderEventListener.java:33)
	at codingblackfemales.sequencer.net.TestNetwork.dispatch(TestNetwork.java:15)
	at codingblackfemales.sequencer.DefaultSequencer.dispatchToNetwork(DefaultSequencer.java:95)
	at codingblackfemales.sequencer.DefaultSequencer.sequenceAndDispatchMessage(DefaultSequencer.java:91)
	at codingblackfemales.sequencer.DefaultSequencer.onCommand(DefaultSequencer.java:47)
	at codingblackfemales.action.CreateChildOrder.apply(CreateChildOrder.java:47)
	at codingblackfemales.container.Actioner.processAction(Actioner.java:20)
	at codingblackfemales.container.AlgoContainer.runAlgoLogic(AlgoContainer.java:62)
	at codingblackfemales.container.AlgoContainer.onMessage(AlgoContainer.java:49)
	at codingblackfemales.sequencer.net.TestNetwork.dispatch(TestNetwork.java:15)
	at codingblackfemales.sequencer.DefaultSequencer.dispatchToNetwork(DefaultSequencer.java:95)
	at codingblackfemales.sequencer.DefaultSequencer.sequenceAndDispatchMessage(DefaultSequencer.java:91)
	at codingblackfemales.sequencer.DefaultSequencer.onCommand(DefaultSequencer.java:50)
	at codingblackfemales.orderbook.channel.MarketDataChannel.publish(MarketDataChannel.java:20)
	at codingblackfemales.orderbook.OrderBook.publishBook(OrderBook.java:188)
	at codingblackfemales.orderbook.OrderBook.onCancelOrder(OrderBook.java:182)
	at codingblackfemales.orderbook.consumer.OrderBookInboundOrderConsumer.onCancelOrder(OrderBookInboundOrderConsumer.java:29)
	at codingblackfemales.sequencer.event.OrderEventListener.onMessage(OrderEventListener.java:36)
	at codingblackfemales.sequencer.net.TestNetwork.dispatch(TestNetwork.java:15)
	at codingblackfemales.sequencer.DefaultSequencer.dispatchToNetwork(DefaultSequencer.java:95)
	at codingblackfemales.sequencer.DefaultSequencer.sequenceAndDispatchMessage(DefaultSequencer.java:91)
	at codingblackfemales.sequencer.DefaultSequencer.onCommand(DefaultSequencer.java:50)
	at codingblackfemales.action.CancelChildOrder.apply(CancelChildOrder.java:38)
	at codingblackfemales.container.Actioner.processAction(Actioner.java:20)
	at codingblackfemales.container.AlgoContainer.runAlgoLogic(AlgoContainer.java:62)
	at codingblackfemales.container.AlgoContainer.onMessage(AlgoContainer.java:49)
	at codingblackfemales.sequencer.net.TestNetwork.dispatch(TestNetwork.java:15)
	at codingblackfemales.sequencer.DefaultSequencer.dispatchToNetwork(DefaultSequencer.java:95)
	at codingblackfemales.sequencer.DefaultSequencer.sequenceAndDispatchMessage(DefaultSequencer.java:91)
	at codingblackfemales.sequencer.DefaultSequencer.onCommand(DefaultSequencer.java:50)
	at codingblackfemales.orderbook.channel.MarketDataChannel.publish(MarketDataChannel.java:20)
	at codingblackfemales.orderbook.OrderBook.publishBook(OrderBook.java:188)
	at codingblackfemales.orderbook.OrderBook.onLimitOrder(OrderBook.java:174)
	at codingblackfemales.orderbook.consumer.OrderBookInboundOrderConsumer.onCreateOrder(OrderBookInboundOrderConsumer.java:24)
	at codingblackfemales.sequencer.event.OrderEventListener.onMessage(OrderEventListener.java:33)
	at codingblackfemales.sequencer.net.TestNetwork.dispatch(TestNetwork.java:15)
	at codingblackfemales.sequencer.DefaultSequencer.dispatchToNetwork(DefaultSequencer.java:95)
	at codingblackfemales.sequencer.DefaultSequencer.sequenceAndDispatchMessage(DefaultSequencer.java:91)
	at codingblackfemales.sequencer.DefaultSequencer.onCommand(DefaultSequencer.java:47)
	at codingblackfemales.action.CreateChildOrder.apply(CreateChildOrder.java:47)
	at codingblackfemales.container.Actioner.processAction(Actioner.java:20)
	at codingblackfemales.container.AlgoContainer.runAlgoLogic(AlgoContainer.java:62)
	at codingblackfemales.container.AlgoContainer.onMessage(AlgoContainer.java:49)
	at codingblackfemales.sequencer.net.TestNetwork.dispatch(TestNetwork.java:15)
	at codingblackfemales.sequencer.DefaultSequencer.dispatchToNetwork(DefaultSequencer.java:95)
	at codingblackfemales.sequencer.DefaultSequencer.sequenceAndDispatchMessage(DefaultSequencer.java:91)
	at codingblackfemales.sequencer.DefaultSequencer.onCommand(DefaultSequencer.java:50)
	at codingblackfemales.orderbook.channel.MarketDataChannel.publish(MarketDataChannel.java:20)
	at codingblackfemales.orderbook.OrderBook.publishBook(OrderBook.java:188)
	at codingblackfemales.orderbook.OrderBook.onCancelOrder(OrderBook.java:182)
	at codingblackfemales.orderbook.consumer.OrderBookInboundOrderConsumer.onCancelOrder(OrderBookInboundOrderConsumer.java:29)
	at codingblackfemales.sequencer.event.OrderEventListener.onMessage(OrderEventListener.java:36)
	at codingblackfemales.sequencer.net.TestNetwork.dispatch(TestNetwork.java:15)
	at codingblackfemales.sequencer.DefaultSequencer.dispatchToNetwork(DefaultSequencer.java:95)
	at codingblackfemales.sequencer.DefaultSequencer.sequenceAndDispatchMessage(DefaultSequencer.java:91)
	at codingblackfemales.sequencer.DefaultSequencer.onCommand(DefaultSequencer.java:50)
	at codingblackfemales.action.CancelChildOrder.apply(CancelChildOrder.java:38)
	at codingblackfemales.container.Actioner.processAction(Actioner.java:20)
	at codingblackfemales.container.AlgoContainer.runAlgoLogic(AlgoContainer.java:62)
	at codingblackfemales.container.AlgoContainer.onMessage(AlgoContainer.java:49)
	at codingblackfemales.sequencer.net.TestNetwork.dispatch(TestNetwork.java:15)
	at codingblackfemales.sequencer.DefaultSequencer.dispatchToNetwork(DefaultSequencer.java:95)
	at codingblackfemales.sequencer.DefaultSequencer.sequenceAndDispatchMessage(DefaultSequencer.java:91)
	at codingblackfemales.sequencer.DefaultSequencer.onCommand(DefaultSequencer.java:50)
	at codingblackfemales.orderbook.channel.MarketDataChannel.publish(MarketDataChannel.java:20)
	at codingblackfemales.orderbook.OrderBook.publishBook(OrderBook.java:188)
	at codingblackfemales.orderbook.OrderBook.onLimitOrder(OrderBook.java:174)
	at codingblackfemales.orderbook.consumer.OrderBookInboundOrderConsumer.onCreateOrder(OrderBookInboundOrderConsumer.java:24)
	at codingblackfemales.sequencer.event.OrderEventListener.onMessage(OrderEventListener.java:33)
	at codingblackfemales.sequencer.net.TestNetwork.dispatch(TestNetwork.java:15)
	at codingblackfemales.sequencer.DefaultSequencer.dispatchToNetwork(DefaultSequencer.java:95)
	at codingblackfemales.sequencer.DefaultSequencer.sequenceAndDispatchMessage(DefaultSequencer.java:91)
	at codingblackfemales.sequencer.DefaultSequencer.onCommand(DefaultSequencer.java:47)
	at codingblackfemales.action.CreateChildOrder.apply(CreateChildOrder.java:47)
	at codingblackfemales.container.Actioner.processAction(Actioner.java:20)
	at codingblackfemales.container.AlgoContainer.runAlgoLogic(AlgoContainer.java:62)
	at codingblackfemales.container.AlgoContainer.onMessage(AlgoContainer.java:49)
	at codingblackfemales.sequencer.net.TestNetwork.dispatch(TestNetwork.java:15)
	at codingblackfemales.sequencer.DefaultSequencer.dispatchToNetwork(DefaultSequencer.java:95)
	at codingblackfemales.sequencer.DefaultSequencer.sequenceAndDispatchMessage(DefaultSequencer.java:91)
	at codingblackfemales.sequencer.DefaultSequencer.onCommand(DefaultSequencer.java:50)
	at codingblackfemales.orderbook.channel.MarketDataChannel.publish(MarketDataChannel.java:20)
	at codingblackfemales.orderbook.OrderBook.publishBook(OrderBook.java:188)
	at codingblackfemales.orderbook.OrderBook.onCancelOrder(OrderBook.java:182)
	at codingblackfemales.orderbook.consumer.OrderBookInboundOrderConsumer.onCancelOrder(OrderBookInboundOrderConsumer.java:29)
	at codingblackfemales.sequencer.event.OrderEventListener.onMessage(OrderEventListener.java:36)
	at codingblackfemales.sequencer.net.TestNetwork.dispatch(TestNetwork.java:15)
	at codingblackfemales.sequencer.DefaultSequencer.dispatchToNetwork(DefaultSequencer.java:95)
	at codingblackfemales.sequencer.DefaultSequencer.sequenceAndDispatchMessage(DefaultSequencer.java:91)
	at codingblackfemales.sequencer.DefaultSequencer.onCommand(DefaultSequencer.java:50)
	at codingblackfemales.action.CancelChildOrder.apply(CancelChildOrder.java:38)
	at codingblackfemales.container.Actioner.processAction(Actioner.java:20)
	at codingblackfemales.container.AlgoContainer.runAlgoLogic(AlgoContainer.java:62)
	at codingblackfemales.container.AlgoContainer.onMessage(AlgoContainer.java:49)
	at codingblackfemales.sequencer.net.TestNetwork.dispatch(TestNetwork.java:15)
	at codingblackfemales.sequencer.DefaultSequencer.dispatchToNetwork(DefaultSequencer.java:95)
	at codingblackfemales.sequencer.DefaultSequencer.sequenceAndDispatchMessage(DefaultSequencer.java:91)
	at codingblackfemales.sequencer.DefaultSequencer.onCommand(DefaultSequencer.java:50)
	at codingblackfemales.orderbook.channel.MarketDataChannel.publish(MarketDataChannel.java:20)
	at codingblackfemales.orderbook.OrderBook.publishBook(OrderBook.java:188)
	at codingblackfemales.orderbook.OrderBook.onLimitOrder(OrderBook.java:174)
	at codingblackfemales.orderbook.consumer.OrderBookInboundOrderConsumer.onCreateOrder(OrderBookInboundOrderConsumer.java:24)
	at codingblackfemales.sequencer.event.OrderEventListener.onMessage(OrderEventListener.java:33)
	at codingblackfemales.sequencer.net.TestNetwork.dispatch(TestNetwork.java:15)
	at codingblackfemales.sequencer.DefaultSequencer.dispatchToNetwork(DefaultSequencer.java:95)
	at codingblackfemales.sequencer.DefaultSequencer.sequenceAndDispatchMessage(DefaultSequencer.java:91)
	at codingblackfemales.sequencer.DefaultSequencer.onCommand(DefaultSequencer.java:47)
	at codingblackfemales.action.CreateChildOrder.apply(CreateChildOrder.java:47)
	at codingblackfemales.container.Actioner.processAction(Actioner.java:20)
	at codingblackfemales.container.AlgoContainer.runAlgoLogic(AlgoContainer.java:62)
	at codingblackfemales.container.AlgoContainer.onMessage(AlgoContainer.java:49)
	at codingblackfemales.sequencer.net.TestNetwork.dispatch(TestNetwork.java:15)
	at codingblackfemales.sequencer.DefaultSequencer.dispatchToNetwork(DefaultSequencer.java:95)
	at codingblackfemales.sequencer.DefaultSequencer.sequenceAndDispatchMessage(DefaultSequencer.java:91)
	at codingblackfemales.sequencer.DefaultSequencer.onCommand(DefaultSequencer.java:50)
	at codingblackfemales.orderbook.channel.MarketDataChannel.publish(MarketDataChannel.java:20)
	at codingblackfemales.orderbook.OrderBook.publishBook(OrderBook.java:188)
	at codingblackfemales.orderbook.OrderBook.onCancelOrder(OrderBook.java:182)
	at codingblackfemales.orderbook.consumer.OrderBookInboundOrderConsumer.onCancelOrder(OrderBookInboundOrderConsumer.java:29)
	at codingblackfemales.sequencer.event.OrderEventListener.onMessage(OrderEventListener.java:36)
	at codingblackfemales.sequencer.net.TestNetwork.dispatch(TestNetwork.java:15)
	at codingblackfemales.sequencer.DefaultSequencer.dispatchToNetwork(DefaultSequencer.java:95)
	at codingblackfemales.sequencer.DefaultSequencer.sequenceAndDispatchMessage(DefaultSequencer.java:91)
	at codingblackfemales.sequencer.DefaultSequencer.onCommand(DefaultSequencer.java:50)
	at codingblackfemales.action.CancelChildOrder.apply(CancelChildOrder.java:38)
	at codingblackfemales.container.Actioner.processAction(Actioner.java:20)
	at codingblackfemales.container.AlgoContainer.runAlgoLogic(AlgoContainer.java:62)
	at codingblackfemales.container.AlgoContainer.onMessage(AlgoContainer.java:49)
	at codingblackfemales.sequencer.net.TestNetwork.dispatch(TestNetwork.java:15)
	at codingblackfemales.sequencer.DefaultSequencer.dispatchToNetwork(DefaultSequencer.java:95)
	at codingblackfemales.sequencer.DefaultSequencer.sequenceAndDispatchMessage(DefaultSequencer.java:91)
	at codingblackfemales.sequencer.DefaultSequencer.onCommand(DefaultSequencer.java:50)
	at codingblackfemales.orderbook.channel.MarketDataChannel.publish(MarketDataChannel.java:20)
	at codingblackfemales.orderbook.OrderBook.publishBook(OrderBook.java:188)
	at codingblackfemales.orderbook.OrderBook.onLimitOrder(OrderBook.java:174)
	at codingblackfemales.orderbook.consumer.OrderBookInboundOrderConsumer.onCreateOrder(OrderBookInboundOrderConsumer.java:24)
	at codingblackfemales.sequencer.event.OrderEventListener.onMessage(OrderEventListener.java:33)
	at codingblackfemales.sequencer.net.TestNetwork.dispatch(TestNetwork.java:15)
	at codingblackfemales.sequencer.DefaultSequencer.dispatchToNetwork(DefaultSequencer.java:95)
	at codingblackfemales.sequencer.DefaultSequencer.sequenceAndDispatchMessage(DefaultSequencer.java:91)
	at codingblackfemales.sequencer.DefaultSequencer.onCommand(DefaultSequencer.java:47)
	at codingblackfemales.action.CreateChildOrder.apply(CreateChildOrder.java:47)
	at codingblackfemales.container.Actioner.processAction(Actioner.java:20)
	at codingblackfemales.container.AlgoContainer.runAlgoLogic(AlgoContainer.java:62)
	at codingblackfemales.container.AlgoContainer.onMessage(AlgoContainer.java:49)
	at codingblackfemales.sequencer.net.TestNetwork.dispatch(TestNetwork.java:15)
	at codingblackfemales.sequencer.DefaultSequencer.dispatchToNetwork(DefaultSequencer.java:95)
	at codingblackfemales.sequencer.DefaultSequencer.sequenceAndDispatchMessage(DefaultSequencer.java:91)
	at codingblackfemales.sequencer.DefaultSequencer.onCommand(DefaultSequencer.java:50)
	at codingblackfemales.orderbook.channel.MarketDataChannel.publish(MarketDataChannel.java:20)
	at codingblackfemales.orderbook.OrderBook.publishBook(OrderBook.java:188)
	at codingblackfemales.orderbook.OrderBook.onCancelOrder(OrderBook.java:182)
	at codingblackfemales.orderbook.consumer.OrderBookInboundOrderConsumer.onCancelOrder(OrderBookInboundOrderConsumer.java:29)
	at codingblackfemales.sequencer.event.OrderEventListener.onMessage(OrderEventListener.java:36)
	at codingblackfemales.sequencer.net.TestNetwork.dispatch(TestNetwork.java:15)
	at codingblackfemales.sequencer.DefaultSequencer.dispatchToNetwork(DefaultSequencer.java:95)
	at codingblackfemales.sequencer.DefaultSequencer.sequenceAndDispatchMessage(DefaultSequencer.java:91)
	at codingblackfemales.sequencer.DefaultSequencer.onCommand(DefaultSequencer.java:50)
	at codingblackfemales.action.CancelChildOrder.apply(CancelChildOrder.java:38)
	at codingblackfemales.container.Actioner.processAction(Actioner.java:20)
	at codingblackfemales.container.AlgoContainer.runAlgoLogic(AlgoContainer.java:62)
	at codingblackfemales.container.AlgoContainer.onMessage(AlgoContainer.java:49)
	at codingblackfemales.sequencer.net.TestNetwork.dispatch(TestNetwork.java:15)
	at codingblackfemales.sequencer.DefaultSequencer.dispatchToNetwork(DefaultSequencer.java:95)
	at codingblackfemales.sequencer.DefaultSequencer.sequenceAndDispatchMessage(DefaultSequencer.java:91)
	at codingblackfemales.sequencer.DefaultSequencer.onCommand(DefaultSequencer.java:50)
	at codingblackfemales.orderbook.channel.MarketDataChannel.publish(MarketDataChannel.java:20)
	at codingblackfemales.orderbook.OrderBook.publishBook(OrderBook.java:188)
	at codingblackfemales.orderbook.OrderBook.onLimitOrder(OrderBook.java:174)
	at codingblackfemales.orderbook.consumer.OrderBookInboundOrderConsumer.onCreateOrder(OrderBookInboundOrderConsumer.java:24)
	at codingblackfemales.sequencer.event.OrderEventListener.onMessage(OrderEventListener.java:33)
	at codingblackfemales.sequencer.net.TestNetwork.dispatch(TestNetwork.java:15)
	at codingblackfemales.sequencer.DefaultSequencer.dispatchToNetwork(DefaultSequencer.java:95)
	at codingblackfemales.sequencer.DefaultSequencer.sequenceAndDispatchMessage(DefaultSequencer.java:91)
	at codingblackfemales.sequencer.DefaultSequencer.onCommand(DefaultSequencer.java:47)
	at codingblackfemales.action.CreateChildOrder.apply(CreateChildOrder.java:47)
	at codingblackfemales.container.Actioner.processAction(Actioner.java:20)
	at codingblackfemales.container.AlgoContainer.runAlgoLogic(AlgoContainer.java:62)
	at codingblackfemales.container.AlgoContainer.onMessage(AlgoContainer.java:49)
	at codingblackfemales.sequencer.net.TestNetwork.dispatch(TestNetwork.java:15)
	at codingblackfemales.sequencer.DefaultSequencer.dispatchToNetwork(DefaultSequencer.java:95)
	at codingblackfemales.sequencer.DefaultSequencer.sequenceAndDispatchMessage(DefaultSequencer.java:91)
	at codingblackfemales.sequencer.DefaultSequencer.onCommand(DefaultSequencer.java:50)
	at codingblackfemales.orderbook.channel.MarketDataChannel.publish(MarketDataChannel.java:20)
	at codingblackfemales.orderbook.OrderBook.publishBook(OrderBook.java:188)
	at codingblackfemales.orderbook.OrderBook.onCancelOrder(OrderBook.java:182)
	at codingblackfemales.orderbook.consumer.OrderBookInboundOrderConsumer.onCancelOrder(OrderBookInboundOrderConsumer.java:29)
	at codingblackfemales.sequencer.event.OrderEventListener.onMessage(OrderEventListener.java:36)
	at codingblackfemales.sequencer.net.TestNetwork.dispatch(TestNetwork.java:15)
	at codingblackfemales.sequencer.DefaultSequencer.dispatchToNetwork(DefaultSequencer.java:95)
	at codingblackfemales.sequencer.DefaultSequencer.sequenceAndDispatchMessage(DefaultSequencer.java:91)
	at codingblackfemales.sequencer.DefaultSequencer.onCommand(DefaultSequencer.java:50)
	at codingblackfemales.action.CancelChildOrder.apply(CancelChildOrder.java:38)
	at codingblackfemales.container.Actioner.processAction(Actioner.java:20)
	at codingblackfemales.container.AlgoContainer.runAlgoLogic(AlgoContainer.java:62)
	at codingblackfemales.container.AlgoContainer.onMessage(AlgoContainer.java:49)
	at codingblackfemales.sequencer.net.TestNetwork.dispatch(TestNetwork.java:15)
	at codingblackfemales.sequencer.DefaultSequencer.dispatchToNetwork(DefaultSequencer.java:95)
	at codingblackfemales.sequencer.DefaultSequencer.sequenceAndDispatchMessage(DefaultSequencer.java:91)
	at codingblackfemales.sequencer.DefaultSequencer.onCommand(DefaultSequencer.java:50)
	at codingblackfemales.orderbook.channel.MarketDataChannel.publish(MarketDataChannel.java:20)
	at codingblackfemales.orderbook.OrderBook.publishBook(OrderBook.java:188)
	at codingblackfemales.orderbook.OrderBook.onLimitOrder(OrderBook.java:174)
	at codingblackfemales.orderbook.consumer.OrderBookInboundOrderConsumer.onCreateOrder(OrderBookInboundOrderConsumer.java:24)
	at codingblackfemales.sequencer.event.OrderEventListener.onMessage(OrderEventListener.java:33)
	at codingblackfemales.sequencer.net.TestNetwork.dispatch(TestNetwork.java:15)
	at codingblackfemales.sequencer.DefaultSequencer.dispatchToNetwork(DefaultSequencer.java:95)
	at codingblackfemales.sequencer.DefaultSequencer.sequenceAndDispatchMessage(DefaultSequencer.java:91)
	at codingblackfemales.sequencer.DefaultSequencer.onCommand(DefaultSequencer.java:47)
	at codingblackfemales.action.CreateChildOrder.apply(CreateChildOrder.java:47)
	at codingblackfemales.container.Actioner.processAction(Actioner.java:20)
	at codingblackfemales.container.AlgoContainer.runAlgoLogic(AlgoContainer.java:62)
	at codingblackfemales.container.AlgoContainer.onMessage(AlgoContainer.java:49)
	at codingblackfemales.sequencer.net.TestNetwork.dispatch(TestNetwork.java:15)
	at codingblackfemales.sequencer.DefaultSequencer.dispatchToNetwork(DefaultSequencer.java:95)
	at codingblackfemales.sequencer.DefaultSequencer.sequenceAndDispatchMessage(DefaultSequencer.java:91)
	at codingblackfemales.sequencer.DefaultSequencer.onCommand(DefaultSequencer.java:50)
	at codingblackfemales.orderbook.channel.MarketDataChannel.publish(MarketDataChannel.java:20)
	at codingblackfemales.orderbook.OrderBook.publishBook(OrderBook.java:188)
	at codingblackfemales.orderbook.OrderBook.onCancelOrder(OrderBook.java:182)
	at codingblackfemales.orderbook.consumer.OrderBookInboundOrderConsumer.onCancelOrder(OrderBookInboundOrderConsumer.java:29)
	at codingblackfemales.sequencer.event.OrderEventListener.onMessage(OrderEventListener.java:36)
	at codingblackfemales.sequencer.net.TestNetwork.dispatch(TestNetwork.java:15)
	at codingblackfemales.sequencer.DefaultSequencer.dispatchToNetwork(DefaultSequencer.java:95)
	at codingblackfemales.sequencer.DefaultSequencer.sequenceAndDispatchMessage(DefaultSequencer.java:91)
	at codingblackfemales.sequencer.DefaultSequencer.onCommand(DefaultSequencer.java:50)
	at codingblackfemales.action.CancelChildOrder.apply(CancelChildOrder.java:38)
	at codingblackfemales.container.Actioner.processAction(Actioner.java:20)
	at codingblackfemales.container.AlgoContainer.runAlgoLogic(AlgoContainer.java:62)
	at codingblackfemales.container.AlgoContainer.onMessage(AlgoContainer.java:49)
	at codingblackfemales.sequencer.net.TestNetwork.dispatch(TestNetwork.java:15)
	at codingblackfemales.sequencer.DefaultSequencer.dispatchToNetwork(DefaultSequencer.java:95)
	at codingblackfemales.sequencer.DefaultSequencer.sequenceAndDispatchMessage(DefaultSequencer.java:91)
	at codingblackfemales.sequencer.DefaultSequencer.onCommand(DefaultSequencer.java:50)
	at codingblackfemales.orderbook.channel.MarketDataChannel.publish(MarketDataChannel.java:20)
	at codingblackfemales.orderbook.OrderBook.publishBook(OrderBook.java:188)
	at codingblackfemales.orderbook.OrderBook.onLimitOrder(OrderBook.java:174)
	at codingblackfemales.orderbook.consumer.OrderBookInboundOrderConsumer.onCreateOrder(OrderBookInboundOrderConsumer.java:24)
	at codingblackfemales.sequencer.event.OrderEventListener.onMessage(OrderEventListener.java:33)
	at codingblackfemales.sequencer.net.TestNetwork.dispatch(TestNetwork.java:15)
	at codingblackfemales.sequencer.DefaultSequencer.dispatchToNetwork(DefaultSequencer.java:95)
	at codingblackfemales.sequencer.DefaultSequencer.sequenceAndDispatchMessage(DefaultSequencer.java:91)
	at codingblackfemales.sequencer.DefaultSequencer.onCommand(DefaultSequencer.java:47)
	at codingblackfemales.action.CreateChildOrder.apply(CreateChildOrder.java:47)
	at codingblackfemales.container.Actioner.processAction(Actioner.java:20)
	at codingblackfemales.container.AlgoContainer.runAlgoLogic(AlgoContainer.java:62)
	at codingblackfemales.container.AlgoContainer.onMessage(AlgoContainer.java:49)
	at codingblackfemales.sequencer.net.TestNetwork.dispatch(TestNetwork.java:15)
	at codingblackfemales.sequencer.DefaultSequencer.dispatchToNetwork(DefaultSequencer.java:95)
	at codingblackfemales.sequencer.DefaultSequencer.sequenceAndDispatchMessage(DefaultSequencer.java:91)
	at codingblackfemales.sequencer.DefaultSequencer.onCommand(DefaultSequencer.java:50)
	at codingblackfemales.orderbook.channel.MarketDataChannel.publish(MarketDataChannel.java:20)
	at codingblackfemales.orderbook.OrderBook.publishBook(OrderBook.java:188)
	at codingblackfemales.orderbook.OrderBook.onCancelOrder(OrderBook.java:182)
	at codingblackfemales.orderbook.consumer.OrderBookInboundOrderConsumer.onCancelOrder(OrderBookInboundOrderConsumer.java:29)
	at codingblackfemales.sequencer.event.OrderEventListener.onMessage(OrderEventListener.java:36)
	at codingblackfemales.sequencer.net.TestNetwork.dispatch(TestNetwork.java:15)
	at codingblackfemales.sequencer.DefaultSequencer.dispatchToNetwork(DefaultSequencer.java:95)
	at codingblackfemales.sequencer.DefaultSequencer.sequenceAndDispatchMessage(DefaultSequencer.java:91)
	at codingblackfemales.sequencer.DefaultSequencer.onCommand(DefaultSequencer.java:50)
	at codingblackfemales.action.CancelChildOrder.apply(CancelChildOrder.java:38)
	at codingblackfemales.container.Actioner.processAction(Actioner.java:20)
	at codingblackfemales.container.AlgoContainer.runAlgoLogic(AlgoContainer.java:62)
	at codingblackfemales.container.AlgoContainer.onMessage(AlgoContainer.java:49)
	at codingblackfemales.sequencer.net.TestNetwork.dispatch(TestNetwork.java:15)
	at codingblackfemales.sequencer.DefaultSequencer.dispatchToNetwork(DefaultSequencer.java:95)
	at codingblackfemales.sequencer.DefaultSequencer.sequenceAndDispatchMessage(DefaultSequencer.java:91)
	at codingblackfemales.sequencer.DefaultSequencer.onCommand(DefaultSequencer.java:50)
	at codingblackfemales.orderbook.channel.MarketDataChannel.publish(MarketDataChannel.java:20)
	at codingblackfemales.orderbook.OrderBook.publishBook(OrderBook.java:188)
	at codingblackfemales.orderbook.OrderBook.onLimitOrder(OrderBook.java:174)
	at codingblackfemales.orderbook.consumer.OrderBookInboundOrderConsumer.onCreateOrder(OrderBookInboundOrderConsumer.java:24)
	at codingblackfemales.sequencer.event.OrderEventListener.onMessage(OrderEventListener.java:33)
	at codingblackfemales.sequencer.net.TestNetwork.dispatch(TestNetwork.java:15)
	at codingblackfemales.sequencer.DefaultSequencer.dispatchToNetwork(DefaultSequencer.java:95)
	at codingblackfemales.sequencer.DefaultSequencer.sequenceAndDispatchMessage(DefaultSequencer.java:91)
	at codingblackfemales.sequencer.DefaultSequencer.onCommand(DefaultSequencer.java:47)
	at codingblackfemales.action.CreateChildOrder.apply(CreateChildOrder.java:47)
	at codingblackfemales.container.Actioner.processAction(Actioner.java:20)
	at codingblackfemales.container.AlgoContainer.runAlgoLogic(AlgoContainer.java:62)
	at codingblackfemales.container.AlgoContainer.onMessage(AlgoContainer.java:49)
	at codingblackfemales.sequencer.net.TestNetwork.dispatch(TestNetwork.java:15)
	at codingblackfemales.sequencer.DefaultSequencer.dispatchToNetwork(DefaultSequencer.java:95)
	at codingblackfemales.sequencer.DefaultSequencer.sequenceAndDispatchMessage(DefaultSequencer.java:91)
	at codingblackfemales.sequencer.DefaultSequencer.onCommand(DefaultSequencer.java:50)
	at codingblackfemales.orderbook.channel.MarketDataChannel.publish(MarketDataChannel.java:20)
	at codingblackfemales.orderbook.OrderBook.publishBook(OrderBook.java:188)
	at codingblackfemales.orderbook.OrderBook.onCancelOrder(OrderBook.java:182)
	at codingblackfemales.orderbook.consumer.OrderBookInboundOrderConsumer.onCancelOrder(OrderBookInboundOrderConsumer.java:29)
	at codingblackfemales.sequencer.event.OrderEventListener.onMessage(OrderEventListener.java:36)
	at codingblackfemales.sequencer.net.TestNetwork.dispatch(TestNetwork.java:15)
	at codingblackfemales.sequencer.DefaultSequencer.dispatchToNetwork(DefaultSequencer.java:95)
	at codingblackfemales.sequencer.DefaultSequencer.sequenceAndDispatchMessage(DefaultSequencer.java:91)
	at codingblackfemales.sequencer.DefaultSequencer.onCommand(DefaultSequencer.java:50)
	at codingblackfemales.action.CancelChildOrder.apply(CancelChildOrder.java:38)
	at codingblackfemales.container.Actioner.processAction(Actioner.java:20)
	at codingblackfemales.container.AlgoContainer.runAlgoLogic(AlgoContainer.java:62)
	at codingblackfemales.container.AlgoContainer.onMessage(AlgoContainer.java:49)
	at codingblackfemales.sequencer.net.TestNetwork.dispatch(TestNetwork.java:15)
	at codingblackfemales.sequencer.DefaultSequencer.dispatchToNetwork(DefaultSequencer.java:95)
	at codingblackfemales.sequencer.DefaultSequencer.sequenceAndDispatchMessage(DefaultSequencer.java:91)
	at codingblackfemales.sequencer.DefaultSequencer.onCommand(DefaultSequencer.java:50)
	at codingblackfemales.orderbook.channel.MarketDataChannel.publish(MarketDataChannel.java:20)
	at codingblackfemales.orderbook.OrderBook.publishBook(OrderBook.java:188)
	at codingblackfemales.orderbook.OrderBook.onLimitOrder(OrderBook.java:174)
	at codingblackfemales.orderbook.consumer.OrderBookInboundOrderConsumer.onCreateOrder(OrderBookInboundOrderConsumer.java:24)
	at codingblackfemales.sequencer.event.OrderEventListener.onMessage(OrderEventListener.java:33)
	at codingblackfemales.sequencer.net.TestNetwork.dispatch(TestNetwork.java:15)
	at codingblackfemales.sequencer.DefaultSequencer.dispatchToNetwork(DefaultSequencer.java:95)
	at codingblackfemales.sequencer.DefaultSequencer.sequenceAndDispatchMessage(DefaultSequencer.java:91)
	at codingblackfemales.sequencer.DefaultSequencer.onCommand(DefaultSequencer.java:47)
	at codingblackfemales.action.CreateChildOrder.apply(CreateChildOrder.java:47)
	at codingblackfemales.container.Actioner.processAction(Actioner.java:20)
	at codingblackfemales.container.AlgoContainer.runAlgoLogic(AlgoContainer.java:62)
	at codingblackfemales.container.AlgoContainer.onMessage(AlgoContainer.java:49)
	at codingblackfemales.sequencer.net.TestNetwork.dispatch(TestNetwork.java:15)
	at codingblackfemales.sequencer.DefaultSequencer.dispatchToNetwork(DefaultSequencer.java:95)
	at codingblackfemales.sequencer.DefaultSequencer.sequenceAndDispatchMessage(DefaultSequencer.java:91)
	at codingblackfemales.sequencer.DefaultSequencer.onCommand(DefaultSequencer.java:50)
	at codingblackfemales.orderbook.channel.MarketDataChannel.publish(MarketDataChannel.java:20)
	at codingblackfemales.orderbook.OrderBook.publishBook(OrderBook.java:188)
	at codingblackfemales.orderbook.OrderBook.onCancelOrder(OrderBook.java:182)
	at codingblackfemales.orderbook.consumer.OrderBookInboundOrderConsumer.onCancelOrder(OrderBookInboundOrderConsumer.java:29)
	at codingblackfemales.sequencer.event.OrderEventListener.onMessage(OrderEventListener.java:36)
	at codingblackfemales.sequencer.net.TestNetwork.dispatch(TestNetwork.java:15)
	at codingblackfemales.sequencer.DefaultSequencer.dispatchToNetwork(DefaultSequencer.java:95)
	at codingblackfemales.sequencer.DefaultSequencer.sequenceAndDispatchMessage(DefaultSequencer.java:91)
	at codingblackfemales.sequencer.DefaultSequencer.onCommand(DefaultSequencer.java:50)
	at codingblackfemales.action.CancelChildOrder.apply(CancelChildOrder.java:38)
	at codingblackfemales.container.Actioner.processAction(Actioner.java:20)
	at codingblackfemales.container.AlgoContainer.runAlgoLogic(AlgoContainer.java:62)
	at codingblackfemales.container.AlgoContainer.onMessage(AlgoContainer.java:49)
	at codingblackfemales.sequencer.net.TestNetwork.dispatch(TestNetwork.java:15)
	at codingblackfemales.sequencer.DefaultSequencer.dispatchToNetwork(DefaultSequencer.java:95)
	at codingblackfemales.sequencer.DefaultSequencer.sequenceAndDispatchMessage(DefaultSequencer.java:91)
	at codingblackfemales.sequencer.DefaultSequencer.onCommand(DefaultSequencer.java:50)
	at codingblackfemales.orderbook.channel.MarketDataChannel.publish(MarketDataChannel.java:20)
	at codingblackfemales.orderbook.OrderBook.publishBook(OrderBook.java:188)
	at codingblackfemales.orderbook.OrderBook.onLimitOrder(OrderBook.java:174)
	at codingblackfemales.orderbook.consumer.OrderBookInboundOrderConsumer.onCreateOrder(OrderBookInboundOrderConsumer.java:24)
	at codingblackfemales.sequencer.event.OrderEventListener.onMessage(OrderEventListener.java:33)
	at codingblackfemales.sequencer.net.TestNetwork.dispatch(TestNetwork.java:15)
	at codingblackfemales.sequencer.DefaultSequencer.dispatchToNetwork(DefaultSequencer.java:95)
	at codingblackfemales.sequencer.DefaultSequencer.sequenceAndDispatchMessage(DefaultSequencer.java:91)
	at codingblackfemales.sequencer.DefaultSequencer.onCommand(DefaultSequencer.java:47)
	at codingblackfemales.action.CreateChildOrder.apply(CreateChildOrder.java:47)
	at codingblackfemales.container.Actioner.processAction(Actioner.java:20)
	at codingblackfemales.container.AlgoContainer.runAlgoLogic(AlgoContainer.java:62)
	at codingblackfemales.container.AlgoContainer.onMessage(AlgoContainer.java:49)
	at codingblackfemales.sequencer.net.TestNetwork.dispatch(TestNetwork.java:15)
	at codingblackfemales.sequencer.DefaultSequencer.dispatchToNetwork(DefaultSequencer.java:95)
	at codingblackfemales.sequencer.DefaultSequencer.sequenceAndDispatchMessage(DefaultSequencer.java:91)
	at codingblackfemales.sequencer.DefaultSequencer.onCommand(DefaultSequencer.java:50)
	at codingblackfemales.orderbook.channel.MarketDataChannel.publish(MarketDataChannel.java:20)
	at codingblackfemales.orderbook.OrderBook.publishBook(OrderBook.java:188)
	at codingblackfemales.orderbook.OrderBook.onCancelOrder(OrderBook.java:182)
	at codingblackfemales.orderbook.consumer.OrderBookInboundOrderConsumer.onCancelOrder(OrderBookInboundOrderConsumer.java:29)
	at codingblackfemales.sequencer.event.OrderEventListener.onMessage(OrderEventListener.java:36)
	at codingblackfemales.sequencer.net.TestNetwork.dispatch(TestNetwork.java:15)
	at codingblackfemales.sequencer.DefaultSequencer.dispatchToNetwork(DefaultSequencer.java:95)
	at codingblackfemales.sequencer.DefaultSequencer.sequenceAndDispatchMessage(DefaultSequencer.java:91)
	at codingblackfemales.sequencer.DefaultSequencer.onCommand(DefaultSequencer.java:50)
	at codingblackfemales.action.CancelChildOrder.apply(CancelChildOrder.java:38)
	at codingblackfemales.container.Actioner.processAction(Actioner.java:20)
	at codingblackfemales.container.AlgoContainer.runAlgoLogic(AlgoContainer.java:62)
	at codingblackfemales.container.AlgoContainer.onMessage(AlgoContainer.java:49)
	at codingblackfemales.sequencer.net.TestNetwork.dispatch(TestNetwork.java:15)
	at codingblackfemales.sequencer.DefaultSequencer.dispatchToNetwork(DefaultSequencer.java:95)
	at codingblackfemales.sequencer.DefaultSequencer.sequenceAndDispatchMessage(DefaultSequencer.java:91)
	at codingblackfemales.sequencer.DefaultSequencer.onCommand(DefaultSequencer.java:50)
	at codingblackfemales.orderbook.channel.MarketDataChannel.publish(MarketDataChannel.java:20)
	at codingblackfemales.orderbook.OrderBook.publishBook(OrderBook.java:188)
	at codingblackfemales.orderbook.OrderBook.onLimitOrder(OrderBook.java:174)
	at codingblackfemales.orderbook.consumer.OrderBookInboundOrderConsumer.onCreateOrder(OrderBookInboundOrderConsumer.java:24)
	at codingblackfemales.sequencer.event.OrderEventListener.onMessage(OrderEventListener.java:33)
	at codingblackfemales.sequencer.net.TestNetwork.dispatch(TestNetwork.java:15)
	at codingblackfemales.sequencer.DefaultSequencer.dispatchToNetwork(DefaultSequencer.java:95)
	at codingblackfemales.sequencer.DefaultSequencer.sequenceAndDispatchMessage(DefaultSequencer.java:91)
	at codingblackfemales.sequencer.DefaultSequencer.onCommand(DefaultSequencer.java:47)
	at codingblackfemales.action.CreateChildOrder.apply(CreateChildOrder.java:47)
	at codingblackfemales.container.Actioner.processAction(Actioner.java:20)
	at codingblackfemales.container.AlgoContainer.runAlgoLogic(AlgoContainer.java:62)
	at codingblackfemales.container.AlgoContainer.onMessage(AlgoContainer.java:49)
	at codingblackfemales.sequencer.net.TestNetwork.dispatch(TestNetwork.java:15)
	at codingblackfemales.sequencer.DefaultSequencer.dispatchToNetwork(DefaultSequencer.java:95)
	at codingblackfemales.sequencer.DefaultSequencer.sequenceAndDispatchMessage(DefaultSequencer.java:91)
	at codingblackfemales.sequencer.DefaultSequencer.onCommand(DefaultSequencer.java:50)
	at codingblackfemales.orderbook.channel.MarketDataChannel.publish(MarketDataChannel.java:20)
	at codingblackfemales.orderbook.OrderBook.publishBook(OrderBook.java:188)
	at codingblackfemales.orderbook.OrderBook.onCancelOrder(OrderBook.java:182)
	at codingblackfemales.orderbook.consumer.OrderBookInboundOrderConsumer.onCancelOrder(OrderBookInboundOrderConsumer.java:29)
	at codingblackfemales.sequencer.event.OrderEventListener.onMessage(OrderEventListener.java:36)
	at codingblackfemales.sequencer.net.TestNetwork.dispatch(TestNetwork.java:15)
	at codingblackfemales.sequencer.DefaultSequencer.dispatchToNetwork(DefaultSequencer.java:95)
	at codingblackfemales.sequencer.DefaultSequencer.sequenceAndDispatchMessage(DefaultSequencer.java:91)
	at codingblackfemales.sequencer.DefaultSequencer.onCommand(DefaultSequencer.java:50)
	at codingblackfemales.action.CancelChildOrder.apply(CancelChildOrder.java:38)
	at codingblackfemales.container.Actioner.processAction(Actioner.java:20)
	at codingblackfemales.container.AlgoContainer.runAlgoLogic(AlgoContainer.java:62)
	at codingblackfemales.container.AlgoContainer.onMessage(AlgoContainer.java:49)
	at codingblackfemales.sequencer.net.TestNetwork.dispatch(TestNetwork.java:15)
	at codingblackfemales.sequencer.DefaultSequencer.dispatchToNetwork(DefaultSequencer.java:95)
	at codingblackfemales.sequencer.DefaultSequencer.sequenceAndDispatchMessage(DefaultSequencer.java:91)
	at codingblackfemales.sequencer.DefaultSequencer.onCommand(DefaultSequencer.java:50)
	at codingblackfemales.orderbook.channel.MarketDataChannel.publish(MarketDataChannel.java:20)
	at codingblackfemales.orderbook.OrderBook.publishBook(OrderBook.java:188)
	at codingblackfemales.orderbook.OrderBook.onLimitOrder(OrderBook.java:174)
	at codingblackfemales.orderbook.consumer.OrderBookInboundOrderConsumer.onCreateOrder(OrderBookInboundOrderConsumer.java:24)
	at codingblackfemales.sequencer.event.OrderEventListener.onMessage(OrderEventListener.java:33)
	at codingblackfemales.sequencer.net.TestNetwork.dispatch(TestNetwork.java:15)
	at codingblackfemales.sequencer.DefaultSequencer.dispatchToNetwork(DefaultSequencer.java:95)
	at codingblackfemales.sequencer.DefaultSequencer.sequenceAndDispatchMessage(DefaultSequencer.java:91)
	at codingblackfemales.sequencer.DefaultSequencer.onCommand(DefaultSequencer.java:47)
	at codingblackfemales.action.CreateChildOrder.apply(CreateChildOrder.java:47)
	at codingblackfemales.container.Actioner.processAction(Actioner.java:20)
	at codingblackfemales.container.AlgoContainer.runAlgoLogic(AlgoContainer.java:62)
	at codingblackfemales.container.AlgoContainer.onMessage(AlgoContainer.java:49)
	at codingblackfemales.sequencer.net.TestNetwork.dispatch(TestNetwork.java:15)
	at codingblackfemales.sequencer.DefaultSequencer.dispatchToNetwork(DefaultSequencer.java:95)
	at codingblackfemales.sequencer.DefaultSequencer.sequenceAndDispatchMessage(DefaultSequencer.java:91)
	at codingblackfemales.sequencer.DefaultSequencer.onCommand(DefaultSequencer.java:50)
	at codingblackfemales.orderbook.channel.MarketDataChannel.publish(MarketDataChannel.java:20)
	at codingblackfemales.orderbook.OrderBook.publishBook(OrderBook.java:188)
	at codingblackfemales.orderbook.OrderBook.onCancelOrder(OrderBook.java:182)
	at codingblackfemales.orderbook.consumer.OrderBookInboundOrderConsumer.onCancelOrder(OrderBookInboundOrderConsumer.java:29)
	at codingblackfemales.sequencer.event.OrderEventListener.onMessage(OrderEventListener.java:36)
	at codingblackfemales.sequencer.net.TestNetwork.dispatch(TestNetwork.java:15)
	at codingblackfemales.sequencer.DefaultSequencer.dispatchToNetwork(DefaultSequencer.java:95)
	at codingblackfemales.sequencer.DefaultSequencer.sequenceAndDispatchMessage(DefaultSequencer.java:91)
	at codingblackfemales.sequencer.DefaultSequencer.onCommand(DefaultSequencer.java:50)
	at codingblackfemales.action.CancelChildOrder.apply(CancelChildOrder.java:38)
	at codingblackfemales.container.Actioner.processAction(Actioner.java:20)
	at codingblackfemales.container.AlgoContainer.runAlgoLogic(AlgoContainer.java:62)
	at codingblackfemales.container.AlgoContainer.onMessage(AlgoContainer.java:49)
	at codingblackfemales.sequencer.net.TestNetwork.dispatch(TestNetwork.java:15)
	at codingblackfemales.sequencer.DefaultSequencer.dispatchToNetwork(DefaultSequencer.java:95)
	at codingblackfemales.sequencer.DefaultSequencer.sequenceAndDispatchMessage(DefaultSequencer.java:91)
	at codingblackfemales.sequencer.DefaultSequencer.onCommand(DefaultSequencer.java:50)
	at codingblackfemales.orderbook.channel.MarketDataChannel.publish(MarketDataChannel.java:20)
	at codingblackfemales.orderbook.OrderBook.publishBook(OrderBook.java:188)
	at codingblackfemales.orderbook.OrderBook.onLimitOrder(OrderBook.java:174)
	at codingblackfemales.orderbook.consumer.OrderBookInboundOrderConsumer.onCreateOrder(OrderBookInboundOrderConsumer.java:24)
	at codingblackfemales.sequencer.event.OrderEventListener.onMessage(OrderEventListener.java:33)
	at codingblackfemales.sequencer.net.TestNetwork.dispatch(TestNetwork.java:15)
	at codingblackfemales.sequencer.DefaultSequencer.dispatchToNetwork(DefaultSequencer.java:95)
	at codingblackfemales.sequencer.DefaultSequencer.sequenceAndDispatchMessage(DefaultSequencer.java:91)
	at codingblackfemales.sequencer.DefaultSequencer.onCommand(DefaultSequencer.java:47)
	at codingblackfemales.action.CreateChildOrder.apply(CreateChildOrder.java:47)
	at codingblackfemales.container.Actioner.processAction(Actioner.java:20)
	at codingblackfemales.container.AlgoContainer.runAlgoLogic(AlgoContainer.java:62)
	at codingblackfemales.container.AlgoContainer.onMessage(AlgoContainer.java:49)
	at codingblackfemales.sequencer.net.TestNetwork.dispatch(TestNetwork.java:15)
	at codingblackfemales.sequencer.DefaultSequencer.dispatchToNetwork(DefaultSequencer.java:95)
	at codingblackfemales.sequencer.DefaultSequencer.sequenceAndDispatchMessage(DefaultSequencer.java:91)
	at codingblackfemales.sequencer.DefaultSequencer.onCommand(DefaultSequencer.java:50)
	at codingblackfemales.orderbook.channel.MarketDataChannel.publish(MarketDataChannel.java:20)
	at codingblackfemales.orderbook.OrderBook.publishBook(OrderBook.java:188)
	at codingblackfemales.orderbook.OrderBook.onCancelOrder(OrderBook.java:182)
	at codingblackfemales.orderbook.consumer.OrderBookInboundOrderConsumer.onCancelOrder(OrderBookInboundOrderConsumer.java:29)
	at codingblackfemales.sequencer.event.OrderEventListener.onMessage(OrderEventListener.java:36)
	at codingblackfemales.sequencer.net.TestNetwork.dispatch(TestNetwork.java:15)
	at codingblackfemales.sequencer.DefaultSequencer.dispatchToNetwork(DefaultSequencer.java:95)
	at codingblackfemales.sequencer.DefaultSequencer.sequenceAndDispatchMessage(DefaultSequencer.java:91)
	at codingblackfemales.sequencer.DefaultSequencer.onCommand(DefaultSequencer.java:50)
	at codingblackfemales.action.CancelChildOrder.apply(CancelChildOrder.java:38)
	at codingblackfemales.container.Actioner.processAction(Actioner.java:20)
	at codingblackfemales.container.AlgoContainer.runAlgoLogic(AlgoContainer.java:62)
	at codingblackfemales.container.AlgoContainer.onMessage(AlgoContainer.java:49)
	at codingblackfemales.sequencer.net.TestNetwork.dispatch(TestNetwork.java:15)
	at codingblackfemales.sequencer.DefaultSequencer.dispatchToNetwork(DefaultSequencer.java:95)
	at codingblackfemales.sequencer.DefaultSequencer.sequenceAndDispatchMessage(DefaultSequencer.java:91)
	at codingblackfemales.sequencer.DefaultSequencer.onCommand(DefaultSequencer.java:50)
	at codingblackfemales.orderbook.channel.MarketDataChannel.publish(MarketDataChannel.java:20)
	at codingblackfemales.orderbook.OrderBook.publishBook(OrderBook.java:188)
	at codingblackfemales.orderbook.OrderBook.onLimitOrder(OrderBook.java:174)
	at codingblackfemales.orderbook.consumer.OrderBookInboundOrderConsumer.onCreateOrder(OrderBookInboundOrderConsumer.java:24)
	at codingblackfemales.sequencer.event.OrderEventListener.onMessage(OrderEventListener.java:33)
	at codingblackfemales.sequencer.net.TestNetwork.dispatch(TestNetwork.java:15)
	at codingblackfemales.sequencer.DefaultSequencer.dispatchToNetwork(DefaultSequencer.java:95)
	at codingblackfemales.sequencer.DefaultSequencer.sequenceAndDispatchMessage(DefaultSequencer.java:91)
	at codingblackfemales.sequencer.DefaultSequencer.onCommand(DefaultSequencer.java:47)
	at codingblackfemales.action.CreateChildOrder.apply(CreateChildOrder.java:47)
	at codingblackfemales.container.Actioner.processAction(Actioner.java:20)
	at codingblackfemales.container.AlgoContainer.runAlgoLogic(AlgoContainer.java:62)
	at codingblackfemales.container.AlgoContainer.onMessage(AlgoContainer.java:49)
	at codingblackfemales.sequencer.net.TestNetwork.dispatch(TestNetwork.java:15)
	at codingblackfemales.sequencer.DefaultSequencer.dispatchToNetwork(DefaultSequencer.java:95)
	at codingblackfemales.sequencer.DefaultSequencer.sequenceAndDispatchMessage(DefaultSequencer.java:91)
	at codingblackfemales.sequencer.DefaultSequencer.onCommand(DefaultSequencer.java:50)
	at codingblackfemales.orderbook.channel.MarketDataChannel.publish(MarketDataChannel.java:20)
	at codingblackfemales.orderbook.OrderBook.publishBook(OrderBook.java:188)
	at codingblackfemales.orderbook.OrderBook.onCancelOrder(OrderBook.java:182)
	at codingblackfemales.orderbook.consumer.OrderBookInboundOrderConsumer.onCancelOrder(OrderBookInboundOrderConsumer.java:29)
	at codingblackfemales.sequencer.event.OrderEventListener.onMessage(OrderEventListener.java:36)
	at codingblackfemales.sequencer.net.TestNetwork.dispatch(TestNetwork.java:15)
	at codingblackfemales.sequencer.DefaultSequencer.dispatchToNetwork(DefaultSequencer.java:95)
	at codingblackfemales.sequencer.DefaultSequencer.sequenceAndDispatchMessage(DefaultSequencer.java:91)
	at codingblackfemales.sequencer.DefaultSequencer.onCommand(DefaultSequencer.java:50)
	at codingblackfemales.action.CancelChildOrder.apply(CancelChildOrder.java:38)
	at codingblackfemales.container.Actioner.processAction(Actioner.java:20)
	at codingblackfemales.container.AlgoContainer.runAlgoLogic(AlgoContainer.java:62)
	at codingblackfemales.container.AlgoContainer.onMessage(AlgoContainer.java:49)
	at codingblackfemales.sequencer.net.TestNetwork.dispatch(TestNetwork.java:15)
	at codingblackfemales.sequencer.DefaultSequencer.dispatchToNetwork(DefaultSequencer.java:95)
	at codingblackfemales.sequencer.DefaultSequencer.sequenceAndDispatchMessage(DefaultSequencer.java:91)
	at codingblackfemales.sequencer.DefaultSequencer.onCommand(DefaultSequencer.java:50)
	at codingblackfemales.orderbook.channel.MarketDataChannel.publish(MarketDataChannel.java:20)
	at codingblackfemales.orderbook.OrderBook.publishBook(OrderBook.java:188)
	at codingblackfemales.orderbook.OrderBook.onLimitOrder(OrderBook.java:174)
	at codingblackfemales.orderbook.consumer.OrderBookInboundOrderConsumer.onCreateOrder(OrderBookInboundOrderConsumer.java:24)
	at codingblackfemales.sequencer.event.OrderEventListener.onMessage(OrderEventListener.java:33)
	at codingblackfemales.sequencer.net.TestNetwork.dispatch(TestNetwork.java:15)
	at codingblackfemales.sequencer.DefaultSequencer.dispatchToNetwork(DefaultSequencer.java:95)
	at codingblackfemales.sequencer.DefaultSequencer.sequenceAndDispatchMessage(DefaultSequencer.java:91)
	at codingblackfemales.sequencer.DefaultSequencer.onCommand(DefaultSequencer.java:47)
	at codingblackfemales.action.CreateChildOrder.apply(CreateChildOrder.java:47)
	at codingblackfemales.container.Actioner.processAction(Actioner.java:20)
	at codingblackfemales.container.AlgoContainer.runAlgoLogic(AlgoContainer.java:62)
	at codingblackfemales.container.AlgoContainer.onMessage(AlgoContainer.java:49)
	at codingblackfemales.sequencer.net.TestNetwork.dispatch(TestNetwork.java:15)
	at codingblackfemales.sequencer.DefaultSequencer.dispatchToNetwork(DefaultSequencer.java:95)
	at codingblackfemales.sequencer.DefaultSequencer.sequenceAndDispatchMessage(DefaultSequencer.java:91)
	at codingblackfemales.sequencer.DefaultSequencer.onCommand(DefaultSequencer.java:50)
	at codingblackfemales.orderbook.channel.MarketDataChannel.publish(MarketDataChannel.java:20)
	at codingblackfemales.orderbook.OrderBook.publishBook(OrderBook.java:188)
	at codingblackfemales.orderbook.OrderBook.onCancelOrder(OrderBook.java:182)
	at codingblackfemales.orderbook.consumer.OrderBookInboundOrderConsumer.onCancelOrder(OrderBookInboundOrderConsumer.java:29)
	at codingblackfemales.sequencer.event.OrderEventListener.onMessage(OrderEventListener.java:36)
	at codingblackfemales.sequencer.net.TestNetwork.dispatch(TestNetwork.java:15)
	at codingblackfemales.sequencer.DefaultSequencer.dispatchToNetwork(DefaultSequencer.java:95)
	at codingblackfemales.sequencer.DefaultSequencer.sequenceAndDispatchMessage(DefaultSequencer.java:91)
	at codingblackfemales.sequencer.DefaultSequencer.onCommand(DefaultSequencer.java:50)
	at codingblackfemales.action.CancelChildOrder.apply(CancelChildOrder.java:38)
	at codingblackfemales.container.Actioner.processAction(Actioner.java:20)
	at codingblackfemales.container.AlgoContainer.runAlgoLogic(AlgoContainer.java:62)
	at codingblackfemales.container.AlgoContainer.onMessage(AlgoContainer.java:49)
	at codingblackfemales.sequencer.net.TestNetwork.dispatch(TestNetwork.java:15)
	at codingblackfemales.sequencer.DefaultSequencer.dispatchToNetwork(DefaultSequencer.java:95)
	at codingblackfemales.sequencer.DefaultSequencer.sequenceAndDispatchMessage(DefaultSequencer.java:91)
	at codingblackfemales.sequencer.DefaultSequencer.onCommand(DefaultSequencer.java:50)
	at codingblackfemales.orderbook.channel.MarketDataChannel.publish(MarketDataChannel.java:20)
	at codingblackfemales.orderbook.OrderBook.publishBook(OrderBook.java:188)
	at codingblackfemales.orderbook.OrderBook.onLimitOrder(OrderBook.java:174)
	at codingblackfemales.orderbook.consumer.OrderBookInboundOrderConsumer.onCreateOrder(OrderBookInboundOrderConsumer.java:24)
	at codingblackfemales.sequencer.event.OrderEventListener.onMessage(OrderEventListener.java:33)
	at codingblackfemales.sequencer.net.TestNetwork.dispatch(TestNetwork.java:15)
	at codingblackfemales.sequencer.DefaultSequencer.dispatchToNetwork(DefaultSequencer.java:95)
	at codingblackfemales.sequencer.DefaultSequencer.sequenceAndDispatchMessage(DefaultSequencer.java:91)
	at codingblackfemales.sequencer.DefaultSequencer.onCommand(DefaultSequencer.java:47)
	at codingblackfemales.action.CreateChildOrder.apply(CreateChildOrder.java:47)
	at codingblackfemales.container.Actioner.processAction(Actioner.java:20)
	at codingblackfemales.container.AlgoContainer.runAlgoLogic(AlgoContainer.java:62)
	at codingblackfemales.container.AlgoContainer.onMessage(AlgoContainer.java:49)
	at codingblackfemales.sequencer.net.TestNetwork.dispatch(TestNetwork.java:15)
	at codingblackfemales.sequencer.DefaultSequencer.dispatchToNetwork(DefaultSequencer.java:95)
	at codingblackfemales.sequencer.DefaultSequencer.sequenceAndDispatchMessage(DefaultSequencer.java:91)
	at codingblackfemales.sequencer.DefaultSequencer.onCommand(DefaultSequencer.java:50)
	at codingblackfemales.orderbook.channel.MarketDataChannel.publish(MarketDataChannel.java:20)
	at codingblackfemales.orderbook.OrderBook.publishBook(OrderBook.java:188)
	at codingblackfemales.orderbook.OrderBook.onCancelOrder(OrderBook.java:182)
	at codingblackfemales.orderbook.consumer.OrderBookInboundOrderConsumer.onCancelOrder(OrderBookInboundOrderConsumer.java:29)
	at codingblackfemales.sequencer.event.OrderEventListener.onMessage(OrderEventListener.java:36)
	at codingblackfemales.sequencer.net.TestNetwork.dispatch(TestNetwork.java:15)
	at codingblackfemales.sequencer.DefaultSequencer.dispatchToNetwork(DefaultSequencer.java:95)
	at codingblackfemales.sequencer.DefaultSequencer.sequenceAndDispatchMessage(DefaultSequencer.java:91)
	at codingblackfemales.sequencer.DefaultSequencer.onCommand(DefaultSequencer.java:50)
	at codingblackfemales.action.CancelChildOrder.apply(CancelChildOrder.java:38)
	at codingblackfemales.container.Actioner.processAction(Actioner.java:20)
	at codingblackfemales.container.AlgoContainer.runAlgoLogic(AlgoContainer.java:62)
	at codingblackfemales.container.AlgoContainer.onMessage(AlgoContainer.java:49)
	at codingblackfemales.sequencer.net.TestNetwork.dispatch(TestNetwork.java:15)
	at codingblackfemales.sequencer.DefaultSequencer.dispatchToNetwork(DefaultSequencer.java:95)
	at codingblackfemales.sequencer.DefaultSequencer.sequenceAndDispatchMessage(DefaultSequencer.java:91)
	at codingblackfemales.sequencer.DefaultSequencer.onCommand(DefaultSequencer.java:50)
	at codingblackfemales.orderbook.channel.MarketDataChannel.publish(MarketDataChannel.java:20)
	at codingblackfemales.orderbook.OrderBook.publishBook(OrderBook.java:188)
	at codingblackfemales.orderbook.OrderBook.onLimitOrder(OrderBook.java:174)
	at codingblackfemales.orderbook.consumer.OrderBookInboundOrderConsumer.onCreateOrder(OrderBookInboundOrderConsumer.java:24)
	at codingblackfemales.sequencer.event.OrderEventListener.onMessage(OrderEventListener.java:33)
	at codingblackfemales.sequencer.net.TestNetwork.dispatch(TestNetwork.java:15)
	at codingblackfemales.sequencer.DefaultSequencer.dispatchToNetwork(DefaultSequencer.java:95)
	at codingblackfemales.sequencer.DefaultSequencer.sequenceAndDispatchMessage(DefaultSequencer.java:91)
	at codingblackfemales.sequencer.DefaultSequencer.onCommand(DefaultSequencer.java:47)
	at codingblackfemales.action.CreateChildOrder.apply(CreateChildOrder.java:47)
	at codingblackfemales.container.Actioner.processAction(Actioner.java:20)
	at codingblackfemales.container.AlgoContainer.runAlgoLogic(AlgoContainer.java:62)
	at codingblackfemales.container.AlgoContainer.onMessage(AlgoContainer.java:49)
	at codingblackfemales.sequencer.net.TestNetwork.dispatch(TestNetwork.java:15)
	at codingblackfemales.sequencer.DefaultSequencer.dispatchToNetwork(DefaultSequencer.java:95)
	at codingblackfemales.sequencer.DefaultSequencer.sequenceAndDispatchMessage(DefaultSequencer.java:91)
	at codingblackfemales.sequencer.DefaultSequencer.onCommand(DefaultSequencer.java:50)
	at codingblackfemales.orderbook.channel.MarketDataChannel.publish(MarketDataChannel.java:20)
	at codingblackfemales.orderbook.OrderBook.publishBook(OrderBook.java:188)
	at codingblackfemales.orderbook.OrderBook.onCancelOrder(OrderBook.java:182)
	at codingblackfemales.orderbook.consumer.OrderBookInboundOrderConsumer.onCancelOrder(OrderBookInboundOrderConsumer.java:29)
	at codingblackfemales.sequencer.event.OrderEventListener.onMessage(OrderEventListener.java:36)
	at codingblackfemales.sequencer.net.TestNetwork.dispatch(TestNetwork.java:15)
	at codingblackfemales.sequencer.DefaultSequencer.dispatchToNetwork(DefaultSequencer.java:95)
	at codingblackfemales.sequencer.DefaultSequencer.sequenceAndDispatchMessage(DefaultSequencer.java:91)
	at codingblackfemales.sequencer.DefaultSequencer.onCommand(DefaultSequencer.java:50)
	at codingblackfemales.action.CancelChildOrder.apply(CancelChildOrder.java:38)
	at codingblackfemales.container.Actioner.processAction(Actioner.java:20)
	at codingblackfemales.container.AlgoContainer.runAlgoLogic(AlgoContainer.java:62)
	at codingblackfemales.container.AlgoContainer.onMessage(AlgoContainer.java:49)
	at codingblackfemales.sequencer.net.TestNetwork.dispatch(TestNetwork.java:15)
	at codingblackfemales.sequencer.DefaultSequencer.dispatchToNetwork(DefaultSequencer.java:95)
	at codingblackfemales.sequencer.DefaultSequencer.sequenceAndDispatchMessage(DefaultSequencer.java:91)
	at codingblackfemales.sequencer.DefaultSequencer.onCommand(DefaultSequencer.java:50)
	at codingblackfemales.orderbook.channel.MarketDataChannel.publish(MarketDataChannel.java:20)
	at codingblackfemales.orderbook.OrderBook.publishBook(OrderBook.java:188)
	at codingblackfemales.orderbook.OrderBook.onLimitOrder(OrderBook.java:174)
	at codingblackfemales.orderbook.consumer.OrderBookInboundOrderConsumer.onCreateOrder(OrderBookInboundOrderConsumer.java:24)
	at codingblackfemales.sequencer.event.OrderEventListener.onMessage(OrderEventListener.java:33)
	at codingblackfemales.sequencer.net.TestNetwork.dispatch(TestNetwork.java:15)
	at codingblackfemales.sequencer.DefaultSequencer.dispatchToNetwork(DefaultSequencer.java:95)
	at codingblackfemales.sequencer.DefaultSequencer.sequenceAndDispatchMessage(DefaultSequencer.java:91)
	at codingblackfemales.sequencer.DefaultSequencer.onCommand(DefaultSequencer.java:47)
	at codingblackfemales.action.CreateChildOrder.apply(CreateChildOrder.java:47)
	at codingblackfemales.container.Actioner.processAction(Actioner.java:20)
	at codingblackfemales.container.AlgoContainer.runAlgoLogic(AlgoContainer.java:62)
	at codingblackfemales.container.AlgoContainer.onMessage(AlgoContainer.java:49)
	at codingblackfemales.sequencer.net.TestNetwork.dispatch(TestNetwork.java:15)
	at codingblackfemales.sequencer.DefaultSequencer.dispatchToNetwork(DefaultSequencer.java:95)
	at codingblackfemales.sequencer.DefaultSequencer.sequenceAndDispatchMessage(DefaultSequencer.java:91)
	at codingblackfemales.sequencer.DefaultSequencer.onCommand(DefaultSequencer.java:50)
	at codingblackfemales.orderbook.channel.MarketDataChannel.publish(MarketDataChannel.java:20)
	at codingblackfemales.orderbook.OrderBook.publishBook(OrderBook.java:188)
	at codingblackfemales.orderbook.OrderBook.onCancelOrder(OrderBook.java:182)
	at codingblackfemales.orderbook.consumer.OrderBookInboundOrderConsumer.onCancelOrder(OrderBookInboundOrderConsumer.java:29)
	at codingblackfemales.sequencer.event.OrderEventListener.onMessage(OrderEventListener.java:36)
	at codingblackfemales.sequencer.net.TestNetwork.dispatch(TestNetwork.java:15)
	at codingblackfemales.sequencer.DefaultSequencer.dispatchToNetwork(DefaultSequencer.java:95)
	at codingblackfemales.sequencer.DefaultSequencer.sequenceAndDispatchMessage(DefaultSequencer.java:91)
	at codingblackfemales.sequencer.DefaultSequencer.onCommand(DefaultSequencer.java:50)
	at codingblackfemales.action.CancelChildOrder.apply(CancelChildOrder.java:38)
	at codingblackfemales.container.Actioner.processAction(Actioner.java:20)
	at codingblackfemales.container.AlgoContainer.runAlgoLogic(AlgoContainer.java:62)
	at codingblackfemales.container.AlgoContainer.onMessage(AlgoContainer.java:49)
	at codingblackfemales.sequencer.net.TestNetwork.dispatch(TestNetwork.java:15)
	at codingblackfemales.sequencer.DefaultSequencer.dispatchToNetwork(DefaultSequencer.java:95)
	at codingblackfemales.sequencer.DefaultSequencer.sequenceAndDispatchMessage(DefaultSequencer.java:91)
	at codingblackfemales.sequencer.DefaultSequencer.onCommand(DefaultSequencer.java:50)
	at codingblackfemales.orderbook.channel.MarketDataChannel.publish(MarketDataChannel.java:20)
	at codingblackfemales.orderbook.OrderBook.publishBook(OrderBook.java:188)
	at codingblackfemales.orderbook.OrderBook.onLimitOrder(OrderBook.java:174)
	at codingblackfemales.orderbook.consumer.OrderBookInboundOrderConsumer.onCreateOrder(OrderBookInboundOrderConsumer.java:24)
	at codingblackfemales.sequencer.event.OrderEventListener.onMessage(OrderEventListener.java:33)
	at codingblackfemales.sequencer.net.TestNetwork.dispatch(TestNetwork.java:15)
	at codingblackfemales.sequencer.DefaultSequencer.dispatchToNetwork(DefaultSequencer.java:95)
	at codingblackfemales.sequencer.DefaultSequencer.sequenceAndDispatchMessage(DefaultSequencer.java:91)
	at codingblackfemales.sequencer.DefaultSequencer.onCommand(DefaultSequencer.java:47)
	at codingblackfemales.action.CreateChildOrder.apply(CreateChildOrder.java:47)
	at codingblackfemales.container.Actioner.processAction(Actioner.java:20)
	at codingblackfemales.container.AlgoContainer.runAlgoLogic(AlgoContainer.java:62)
	at codingblackfemales.container.AlgoContainer.onMessage(AlgoContainer.java:49)
	at codingblackfemales.sequencer.net.TestNetwork.dispatch(TestNetwork.java:15)
	at codingblackfemales.sequencer.DefaultSequencer.dispatchToNetwork(DefaultSequencer.java:95)
	at codingblackfemales.sequencer.DefaultSequencer.sequenceAndDispatchMessage(DefaultSequencer.java:91)
	at codingblackfemales.sequencer.DefaultSequencer.onCommand(DefaultSequencer.java:50)
	at codingblackfemales.orderbook.channel.MarketDataChannel.publish(MarketDataChannel.java:20)
	at codingblackfemales.orderbook.OrderBook.publishBook(OrderBook.java:188)
	at codingblackfemales.orderbook.OrderBook.onCancelOrder(OrderBook.java:182)
	at codingblackfemales.orderbook.consumer.OrderBookInboundOrderConsumer.onCancelOrder(OrderBookInboundOrderConsumer.java:29)
	at codingblackfemales.sequencer.event.OrderEventListener.onMessage(OrderEventListener.java:36)
	at codingblackfemales.sequencer.net.TestNetwork.dispatch(TestNetwork.java:15)
	at codingblackfemales.sequencer.DefaultSequencer.dispatchToNetwork(DefaultSequencer.java:95)
	at codingblackfemales.sequencer.DefaultSequencer.sequenceAndDispatchMessage(DefaultSequencer.java:91)
	at codingblackfemales.sequencer.DefaultSequencer.onCommand(DefaultSequencer.java:50)
	at codingblackfemales.action.CancelChildOrder.apply(CancelChildOrder.java:38)
	at codingblackfemales.container.Actioner.processAction(Actioner.java:20)
	at codingblackfemales.container.AlgoContainer.runAlgoLogic(AlgoContainer.java:62)
	at codingblackfemales.container.AlgoContainer.onMessage(AlgoContainer.java:49)
	at codingblackfemales.sequencer.net.TestNetwork.dispatch(TestNetwork.java:15)
	at codingblackfemales.sequencer.DefaultSequencer.dispatchToNetwork(DefaultSequencer.java:95)
	at codingblackfemales.sequencer.DefaultSequencer.sequenceAndDispatchMessage(DefaultSequencer.java:91)
	at codingblackfemales.sequencer.DefaultSequencer.onCommand(DefaultSequencer.java:50)
	at codingblackfemales.orderbook.channel.MarketDataChannel.publish(MarketDataChannel.java:20)
	at codingblackfemales.orderbook.OrderBook.publishBook(OrderBook.java:188)
	at codingblackfemales.orderbook.OrderBook.onLimitOrder(OrderBook.java:174)
	at codingblackfemales.orderbook.consumer.OrderBookInboundOrderConsumer.onCreateOrder(OrderBookInboundOrderConsumer.java:24)
	at codingblackfemales.sequencer.event.OrderEventListener.onMessage(OrderEventListener.java:33)
	at codingblackfemales.sequencer.net.TestNetwork.dispatch(TestNetwork.java:15)
	at codingblackfemales.sequencer.DefaultSequencer.dispatchToNetwork(DefaultSequencer.java:95)
	at codingblackfemales.sequencer.DefaultSequencer.sequenceAndDispatchMessage(DefaultSequencer.java:91)
	at codingblackfemales.sequencer.DefaultSequencer.onCommand(DefaultSequencer.java:47)
	at codingblackfemales.action.CreateChildOrder.apply(CreateChildOrder.java:47)
	at codingblackfemales.container.Actioner.processAction(Actioner.java:20)
	at codingblackfemales.container.AlgoContainer.runAlgoLogic(AlgoContainer.java:62)
	at codingblackfemales.container.AlgoContainer.onMessage(AlgoContainer.java:49)
	at codingblackfemales.sequencer.net.TestNetwork.dispatch(TestNetwork.java:15)
	at codingblackfemales.sequencer.DefaultSequencer.dispatchToNetwork(DefaultSequencer.java:95)
	at codingblackfemales.sequencer.DefaultSequencer.sequenceAndDispatchMessage(DefaultSequencer.java:91)
	at codingblackfemales.sequencer.DefaultSequencer.onCommand(DefaultSequencer.java:50)
	at codingblackfemales.orderbook.channel.MarketDataChannel.publish(MarketDataChannel.java:20)
	at codingblackfemales.orderbook.OrderBook.publishBook(OrderBook.java:188)
	at codingblackfemales.orderbook.OrderBook.onCancelOrder(OrderBook.java:182)
	at codingblackfemales.orderbook.consumer.OrderBookInboundOrderConsumer.onCancelOrder(OrderBookInboundOrderConsumer.java:29)
	at codingblackfemales.sequencer.event.OrderEventListener.onMessage(OrderEventListener.java:36)
	at codingblackfemales.sequencer.net.TestNetwork.dispatch(TestNetwork.java:15)
	at codingblackfemales.sequencer.DefaultSequencer.dispatchToNetwork(DefaultSequencer.java:95)
	at codingblackfemales.sequencer.DefaultSequencer.sequenceAndDispatchMessage(DefaultSequencer.java:91)
	at codingblackfemales.sequencer.DefaultSequencer.onCommand(DefaultSequencer.java:50)
	at codingblackfemales.action.CancelChildOrder.apply(CancelChildOrder.java:38)
	at codingblackfemales.container.Actioner.processAction(Actioner.java:20)
	at codingblackfemales.container.AlgoContainer.runAlgoLogic(AlgoContainer.java:62)
	at codingblackfemales.container.AlgoContainer.onMessage(AlgoContainer.java:49)
	at codingblackfemales.sequencer.net.TestNetwork.dispatch(TestNetwork.java:15)
	at codingblackfemales.sequencer.DefaultSequencer.dispatchToNetwork(DefaultSequencer.java:95)
	at codingblackfemales.sequencer.DefaultSequencer.sequenceAndDispatchMessage(DefaultSequencer.java:91)
	at codingblackfemales.sequencer.DefaultSequencer.onCommand(DefaultSequencer.java:50)
	at codingblackfemales.orderbook.channel.MarketDataChannel.publish(MarketDataChannel.java:20)
	at codingblackfemales.orderbook.OrderBook.publishBook(OrderBook.java:188)
	at codingblackfemales.orderbook.OrderBook.onLimitOrder(OrderBook.java:174)
	at codingblackfemales.orderbook.consumer.OrderBookInboundOrderConsumer.onCreateOrder(OrderBookInboundOrderConsumer.java:24)
	at codingblackfemales.sequencer.event.OrderEventListener.onMessage(OrderEventListener.java:33)
	at codingblackfemales.sequencer.net.TestNetwork.dispatch(TestNetwork.java:15)
	at codingblackfemales.sequencer.DefaultSequencer.dispatchToNetwork(DefaultSequencer.java:95)
	at codingblackfemales.sequencer.DefaultSequencer.sequenceAndDispatchMessage(DefaultSequencer.java:91)
	at codingblackfemales.sequencer.DefaultSequencer.onCommand(DefaultSequencer.java:47)
	at codingblackfemales.action.CreateChildOrder.apply(CreateChildOrder.java:47)
	at codingblackfemales.container.Actioner.processAction(Actioner.java:20)
	at codingblackfemales.container.AlgoContainer.runAlgoLogic(AlgoContainer.java:62)
	at codingblackfemales.container.AlgoContainer.onMessage(AlgoContainer.java:49)
	at codingblackfemales.sequencer.net.TestNetwork.dispatch(TestNetwork.java:15)
	at codingblackfemales.sequencer.DefaultSequencer.dispatchToNetwork(DefaultSequencer.java:95)
	at codingblackfemales.sequencer.DefaultSequencer.sequenceAndDispatchMessage(DefaultSequencer.java:91)
	at codingblackfemales.sequencer.DefaultSequencer.onCommand(DefaultSequencer.java:50)
	at codingblackfemales.orderbook.channel.MarketDataChannel.publish(MarketDataChannel.java:20)
	at codingblackfemales.orderbook.OrderBook.publishBook(OrderBook.java:188)
	at codingblackfemales.orderbook.OrderBook.onCancelOrder(OrderBook.java:182)
	at codingblackfemales.orderbook.consumer.OrderBookInboundOrderConsumer.onCancelOrder(OrderBookInboundOrderConsumer.java:29)
	at codingblackfemales.sequencer.event.OrderEventListener.onMessage(OrderEventListener.java:36)
	at codingblackfemales.sequencer.net.TestNetwork.dispatch(TestNetwork.java:15)
	at codingblackfemales.sequencer.DefaultSequencer.dispatchToNetwork(DefaultSequencer.java:95)
	at codingblackfemales.sequencer.DefaultSequencer.sequenceAndDispatchMessage(DefaultSequencer.java:91)
	at codingblackfemales.sequencer.DefaultSequencer.onCommand(DefaultSequencer.java:50)
	at codingblackfemales.action.CancelChildOrder.apply(CancelChildOrder.java:38)
	at codingblackfemales.container.Actioner.processAction(Actioner.java:20)
	at codingblackfemales.container.AlgoContainer.runAlgoLogic(AlgoContainer.java:62)
	at codingblackfemales.container.AlgoContainer.onMessage(AlgoContainer.java:49)
	at codingblackfemales.sequencer.net.TestNetwork.dispatch(TestNetwork.java:15)
	at codingblackfemales.sequencer.DefaultSequencer.dispatchToNetwork(DefaultSequencer.java:95)
	at codingblackfemales.sequencer.DefaultSequencer.sequenceAndDispatchMessage(DefaultSequencer.java:91)
	at codingblackfemales.sequencer.DefaultSequencer.onCommand(DefaultSequencer.java:50)
	at codingblackfemales.orderbook.channel.MarketDataChannel.publish(MarketDataChannel.java:20)
	at codingblackfemales.orderbook.OrderBook.publishBook(OrderBook.java:188)
	at codingblackfemales.orderbook.OrderBook.onLimitOrder(OrderBook.java:174)
	at codingblackfemales.orderbook.consumer.OrderBookInboundOrderConsumer.onCreateOrder(OrderBookInboundOrderConsumer.java:24)
	at codingblackfemales.sequencer.event.OrderEventListener.onMessage(OrderEventListener.java:33)
	at codingblackfemales.sequencer.net.TestNetwork.dispatch(TestNetwork.java:15)
	at codingblackfemales.sequencer.DefaultSequencer.dispatchToNetwork(DefaultSequencer.java:95)
	at codingblackfemales.sequencer.DefaultSequencer.sequenceAndDispatchMessage(DefaultSequencer.java:91)
	at codingblackfemales.sequencer.DefaultSequencer.onCommand(DefaultSequencer.java:47)
	at codingblackfemales.action.CreateChildOrder.apply(CreateChildOrder.java:47)
	at codingblackfemales.container.Actioner.processAction(Actioner.java:20)
	at codingblackfemales.container.AlgoContainer.runAlgoLogic(AlgoContainer.java:62)
	at codingblackfemales.container.AlgoContainer.onMessage(AlgoContainer.java:49)
	at codingblackfemales.sequencer.net.TestNetwork.dispatch(TestNetwork.java:15)
	at codingblackfemales.sequencer.DefaultSequencer.dispatchToNetwork(DefaultSequencer.java:95)
	at codingblackfemales.sequencer.DefaultSequencer.sequenceAndDispatchMessage(DefaultSequencer.java:91)
	at codingblackfemales.sequencer.DefaultSequencer.onCommand(DefaultSequencer.java:50)
	at codingblackfemales.orderbook.channel.MarketDataChannel.publish(MarketDataChannel.java:20)
	at codingblackfemales.orderbook.OrderBook.publishBook(OrderBook.java:188)
	at codingblackfemales.orderbook.OrderBook.onCancelOrder(OrderBook.java:182)
	at codingblackfemales.orderbook.consumer.OrderBookInboundOrderConsumer.onCancelOrder(OrderBookInboundOrderConsumer.java:29)
	at codingblackfemales.sequencer.event.OrderEventListener.onMessage(OrderEventListener.java:36)
	at codingblackfemales.sequencer.net.TestNetwork.dispatch(TestNetwork.java:15)
	at codingblackfemales.sequencer.DefaultSequencer.dispatchToNetwork(DefaultSequencer.java:95)
	at codingblackfemales.sequencer.DefaultSequencer.sequenceAndDispatchMessage(DefaultSequencer.java:91)
	at codingblackfemales.sequencer.DefaultSequencer.onCommand(DefaultSequencer.java:50)
	at codingblackfemales.action.CancelChildOrder.apply(CancelChildOrder.java:38)
	at codingblackfemales.container.Actioner.processAction(Actioner.java:20)
	at codingblackfemales.container.AlgoContainer.runAlgoLogic(AlgoContainer.java:62)
	at codingblackfemales.container.AlgoContainer.onMessage(AlgoContainer.java:49)
	at codingblackfemales.sequencer.net.TestNetwork.dispatch(TestNetwork.java:15)
	at codingblackfemales.sequencer.DefaultSequencer.dispatchToNetwork(DefaultSequencer.java:95)
	at codingblackfemales.sequencer.DefaultSequencer.sequenceAndDispatchMessage(DefaultSequencer.java:91)
	at codingblackfemales.sequencer.DefaultSequencer.onCommand(DefaultSequencer.java:50)
	at codingblackfemales.orderbook.channel.MarketDataChannel.publish(MarketDataChannel.java:20)
	at codingblackfemales.orderbook.OrderBook.publishBook(OrderBook.java:188)
	at codingblackfemales.orderbook.OrderBook.onLimitOrder(OrderBook.java:174)
	at codingblackfemales.orderbook.consumer.OrderBookInboundOrderConsumer.onCreateOrder(OrderBookInboundOrderConsumer.java:24)
	at codingblackfemales.sequencer.event.OrderEventListener.onMessage(OrderEventListener.java:33)
	at codingblackfemales.sequencer.net.TestNetwork.dispatch(TestNetwork.java:15)
	at codingblackfemales.sequencer.DefaultSequencer.dispatchToNetwork(DefaultSequencer.java:95)
	at codingblackfemales.sequencer.DefaultSequencer.sequenceAndDispatchMessage(DefaultSequencer.java:91)
	at codingblackfemales.sequencer.DefaultSequencer.onCommand(DefaultSequencer.java:47)
	at codingblackfemales.action.CreateChildOrder.apply(CreateChildOrder.java:47)
	at codingblackfemales.container.Actioner.processAction(Actioner.java:20)
	at codingblackfemales.container.AlgoContainer.runAlgoLogic(AlgoContainer.java:62)
	at codingblackfemales.container.AlgoContainer.onMessage(AlgoContainer.java:49)
	at codingblackfemales.sequencer.net.TestNetwork.dispatch(TestNetwork.java:15)
	at codingblackfemales.sequencer.DefaultSequencer.dispatchToNetwork(DefaultSequencer.java:95)
	at codingblackfemales.sequencer.DefaultSequencer.sequenceAndDispatchMessage(DefaultSequencer.java:91)
	at codingblackfemales.sequencer.DefaultSequencer.onCommand(DefaultSequencer.java:50)
	at codingblackfemales.orderbook.channel.MarketDataChannel.publish(MarketDataChannel.java:20)
	at codingblackfemales.orderbook.OrderBook.publishBook(OrderBook.java:188)
	at codingblackfemales.orderbook.OrderBook.onCancelOrder(OrderBook.java:182)
	at codingblackfemales.orderbook.consumer.OrderBookInboundOrderConsumer.onCancelOrder(OrderBookInboundOrderConsumer.java:29)
[...]
	at codingblackfemales.action.CancelChildOrder.apply(CancelChildOrder.java:38)
	at codingblackfemales.container.Actioner.processAction(Actioner.java:20)
	at codingblackfemales.container.AlgoContainer.runAlgoLogic(AlgoContainer.java:62)
	at codingblackfemales.container.AlgoContainer.onMessage(AlgoContainer.java:49)
	at codingblackfemales.sequencer.net.TestNetwork.dispatch(TestNetwork.java:15)
	at codingblackfemales.sequencer.DefaultSequencer.dispatchToNetwork(DefaultSequencer.java:95)
	at codingblackfemales.sequencer.DefaultSequencer.sequenceAndDispatchMessage(DefaultSequencer.java:91)
	at codingblackfemales.sequencer.DefaultSequencer.onCommand(DefaultSequencer.java:50)
	at codingblackfemales.orderbook.channel.MarketDataChannel.publish(MarketDataChannel.java:20)
	at codingblackfemales.orderbook.OrderBook.publishBook(OrderBook.java:188)
	at codingblackfemales.orderbook.OrderBook.onLimitOrder(OrderBook.java:174)
	at codingblackfemales.orderbook.consumer.OrderBookInboundOrderConsumer.onCreateOrder(OrderBookInboundOrderConsumer.java:24)
	at codingblackfemales.sequencer.event.OrderEventListener.onMessage(OrderEventListener.java:33)
	at codingblackfemales.sequencer.net.TestNetwork.dispatch(TestNetwork.java:15)
	at codingblackfemales.sequencer.DefaultSequencer.dispatchToNetwork(DefaultSequencer.java:95)
	at codingblackfemales.sequencer.DefaultSequencer.sequenceAndDispatchMessage(DefaultSequencer.java:91)
	at codingblackfemales.sequencer.DefaultSequencer.onCommand(DefaultSequencer.java:47)
	at codingblackfemales.action.CreateChildOrder.apply(CreateChildOrder.java:47)
	at codingblackfemales.container.Actioner.processAction(Actioner.java:20)
	at codingblackfemales.container.AlgoContainer.runAlgoLogic(AlgoContainer.java:62)
	at codingblackfemales.container.AlgoContainer.onMessage(AlgoContainer.java:49)
	at codingblackfemales.sequencer.net.TestNetwork.dispatch(TestNetwork.java:15)
	at codingblackfemales.sequencer.DefaultSequencer.dispatchToNetwork(DefaultSequencer.java:95)
	at codingblackfemales.sequencer.DefaultSequencer.sequenceAndDispatchMessage(DefaultSequencer.java:91)
	at codingblackfemales.sequencer.DefaultSequencer.onCommand(DefaultSequencer.java:50)
	at codingblackfemales.orderbook.channel.MarketDataChannel.publish(MarketDataChannel.java:20)
	at codingblackfemales.orderbook.OrderBook.publishBook(OrderBook.java:188)
	at codingblackfemales.orderbook.OrderBook.onCancelOrder(OrderBook.java:182)
	at codingblackfemales.orderbook.consumer.OrderBookInboundOrderConsumer.onCancelOrder(OrderBookInboundOrderConsumer.java:29)
	at codingblackfemales.sequencer.event.OrderEventListener.onMessage(OrderEventListener.java:36)
	at codingblackfemales.sequencer.net.TestNetwork.dispatch(TestNetwork.java:15)
	at codingblackfemales.sequencer.DefaultSequencer.dispatchToNetwork(DefaultSequencer.java:95)
	at codingblackfemales.sequencer.DefaultSequencer.sequenceAndDispatchMessage(DefaultSequencer.java:91)
	at codingblackfemales.sequencer.DefaultSequencer.onCommand(DefaultSequencer.java:50)
	at codingblackfemales.action.CancelChildOrder.apply(CancelChildOrder.java:38)
	at codingblackfemales.container.Actioner.processAction(Actioner.java:20)
	at codingblackfemales.container.AlgoContainer.runAlgoLogic(AlgoContainer.java:62)
	at codingblackfemales.container.AlgoContainer.onMessage(AlgoContainer.java:49)
	at codingblackfemales.sequencer.net.TestNetwork.dispatch(TestNetwork.java:15)
	at codingblackfemales.sequencer.DefaultSequencer.dispatchToNetwork(DefaultSequencer.java:95)
	at codingblackfemales.sequencer.DefaultSequencer.sequenceAndDispatchMessage(DefaultSequencer.java:91)
	at codingblackfemales.sequencer.DefaultSequencer.onCommand(DefaultSequencer.java:50)
	at codingblackfemales.orderbook.channel.MarketDataChannel.publish(MarketDataChannel.java:20)
	at codingblackfemales.orderbook.OrderBook.publishBook(OrderBook.java:188)
	at codingblackfemales.orderbook.OrderBook.onLimitOrder(OrderBook.java:174)
	at codingblackfemales.orderbook.consumer.OrderBookInboundOrderConsumer.onCreateOrder(OrderBookInboundOrderConsumer.java:24)
	at codingblackfemales.sequencer.event.OrderEventListener.onMessage(OrderEventListener.java:33)
	at codingblackfemales.sequencer.net.TestNetwork.dispatch(TestNetwork.java:15)
	at codingblackfemales.sequencer.DefaultSequencer.dispatchToNetwork(DefaultSequencer.java:95)
	at codingblackfemales.sequencer.DefaultSequencer.sequenceAndDispatchMessage(DefaultSequencer.java:91)
	at codingblackfemales.sequencer.DefaultSequencer.onCommand(DefaultSequencer.java:47)
	at codingblackfemales.action.CreateChildOrder.apply(CreateChildOrder.java:47)
	at codingblackfemales.container.Actioner.processAction(Actioner.java:20)
	at codingblackfemales.container.AlgoContainer.runAlgoLogic(AlgoContainer.java:62)
	at codingblackfemales.container.AlgoContainer.onMessage(AlgoContainer.java:49)
	at codingblackfemales.sequencer.net.TestNetwork.dispatch(TestNetwork.java:15)
	at codingblackfemales.sequencer.DefaultSequencer.dispatchToNetwork(DefaultSequencer.java:95)
	at codingblackfemales.sequencer.DefaultSequencer.sequenceAndDispatchMessage(DefaultSequencer.java:91)
	at codingblackfemales.sequencer.DefaultSequencer.onCommand(DefaultSequencer.java:50)
	at codingblackfemales.orderbook.channel.MarketDataChannel.publish(MarketDataChannel.java:20)
	at codingblackfemales.orderbook.OrderBook.publishBook(OrderBook.java:188)
	at codingblackfemales.orderbook.OrderBook.onCancelOrder(OrderBook.java:182)
	at codingblackfemales.orderbook.consumer.OrderBookInboundOrderConsumer.onCancelOrder(OrderBookInboundOrderConsumer.java:29)
	at codingblackfemales.sequencer.event.OrderEventListener.onMessage(OrderEventListener.java:36)
	at codingblackfemales.sequencer.net.TestNetwork.dispatch(TestNetwork.java:15)
	at codingblackfemales.sequencer.DefaultSequencer.dispatchToNetwork(DefaultSequencer.java:95)
	at codingblackfemales.sequencer.DefaultSequencer.sequenceAndDispatchMessage(DefaultSequencer.java:91)
	at codingblackfemales.sequencer.DefaultSequencer.onCommand(DefaultSequencer.java:50)
	at codingblackfemales.action.CancelChildOrder.apply(CancelChildOrder.java:38)
	at codingblackfemales.container.Actioner.processAction(Actioner.java:20)
	at codingblackfemales.container.AlgoContainer.runAlgoLogic(AlgoContainer.java:62)
	at codingblackfemales.container.AlgoContainer.onMessage(AlgoContainer.java:49)
	at codingblackfemales.sequencer.net.TestNetwork.dispatch(TestNetwork.java:15)
	at codingblackfemales.sequencer.DefaultSequencer.dispatchToNetwork(DefaultSequencer.java:95)
	at codingblackfemales.sequencer.DefaultSequencer.sequenceAndDispatchMessage(DefaultSequencer.java:91)
	at codingblackfemales.sequencer.DefaultSequencer.onCommand(DefaultSequencer.java:50)
	at codingblackfemales.orderbook.channel.MarketDataChannel.publish(MarketDataChannel.java:20)
	at codingblackfemales.orderbook.OrderBook.publishBook(OrderBook.java:188)
	at codingblackfemales.orderbook.OrderBook.onLimitOrder(OrderBook.java:174)
	at codingblackfemales.orderbook.consumer.OrderBookInboundOrderConsumer.onCreateOrder(OrderBookInboundOrderConsumer.java:24)
	at codingblackfemales.sequencer.event.OrderEventListener.onMessage(OrderEventListener.java:33)
	at codingblackfemales.sequencer.net.TestNetwork.dispatch(TestNetwork.java:15)
	at codingblackfemales.sequencer.DefaultSequencer.dispatchToNetwork(DefaultSequencer.java:95)
	at codingblackfemales.sequencer.DefaultSequencer.sequenceAndDispatchMessage(DefaultSequencer.java:91)
	at codingblackfemales.sequencer.DefaultSequencer.onCommand(DefaultSequencer.java:47)
	at codingblackfemales.action.CreateChildOrder.apply(CreateChildOrder.java:47)
	at codingblackfemales.container.Actioner.processAction(Actioner.java:20)
	at codingblackfemales.container.AlgoContainer.runAlgoLogic(AlgoContainer.java:62)
	at codingblackfemales.container.AlgoContainer.onMessage(AlgoContainer.java:49)
	at codingblackfemales.sequencer.net.TestNetwork.dispatch(TestNetwork.java:15)
	at codingblackfemales.sequencer.DefaultSequencer.dispatchToNetwork(DefaultSequencer.java:95)
	at codingblackfemales.sequencer.DefaultSequencer.sequenceAndDispatchMessage(DefaultSequencer.java:91)
	at codingblackfemales.sequencer.DefaultSequencer.onCommand(DefaultSequencer.java:50)
	at codingblackfemales.orderbook.channel.MarketDataChannel.publish(MarketDataChannel.java:20)
	at codingblackfemales.orderbook.OrderBook.publishBook(OrderBook.java:188)
	at codingblackfemales.orderbook.OrderBook.onCancelOrder(OrderBook.java:182)
	at codingblackfemales.orderbook.consumer.OrderBookInboundOrderConsumer.onCancelOrder(OrderBookInboundOrderConsumer.java:29)
	at codingblackfemales.sequencer.event.OrderEventListener.onMessage(OrderEventListener.java:36)
	at codingblackfemales.sequencer.net.TestNetwork.dispatch(TestNetwork.java:15)
	at codingblackfemales.sequencer.DefaultSequencer.dispatchToNetwork(DefaultSequencer.java:95)
	at codingblackfemales.sequencer.DefaultSequencer.sequenceAndDispatchMessage(DefaultSequencer.java:91)
	at codingblackfemales.sequencer.DefaultSequencer.onCommand(DefaultSequencer.java:50)
	at codingblackfemales.action.CancelChildOrder.apply(CancelChildOrder.java:38)
	at codingblackfemales.container.Actioner.processAction(Actioner.java:20)
	at codingblackfemales.container.AlgoContainer.runAlgoLogic(AlgoContainer.java:62)
	at codingblackfemales.container.AlgoContainer.onMessage(AlgoContainer.java:49)
	at codingblackfemales.sequencer.net.TestNetwork.dispatch(TestNetwork.java:15)
	at codingblackfemales.sequencer.DefaultSequencer.dispatchToNetwork(DefaultSequencer.java:95)
	at codingblackfemales.sequencer.DefaultSequencer.sequenceAndDispatchMessage(DefaultSequencer.java:91)
	at codingblackfemales.sequencer.DefaultSequencer.onCommand(DefaultSequencer.java:50)
	at codingblackfemales.orderbook.channel.MarketDataChannel.publish(MarketDataChannel.java:20)
	at codingblackfemales.orderbook.OrderBook.publishBook(OrderBook.java:188)
	at codingblackfemales.orderbook.OrderBook.onLimitOrder(OrderBook.java:174)
	at codingblackfemales.orderbook.consumer.OrderBookInboundOrderConsumer.onCreateOrder(OrderBookInboundOrderConsumer.java:24)
	at codingblackfemales.sequencer.event.OrderEventListener.onMessage(OrderEventListener.java:33)
	at codingblackfemales.sequencer.net.TestNetwork.dispatch(TestNetwork.java:15)
	at codingblackfemales.sequencer.DefaultSequencer.dispatchToNetwork(DefaultSequencer.java:95)
	at codingblackfemales.sequencer.DefaultSequencer.sequenceAndDispatchMessage(DefaultSequencer.java:91)
	at codingblackfemales.sequencer.DefaultSequencer.onCommand(DefaultSequencer.java:47)
	at codingblackfemales.action.CreateChildOrder.apply(CreateChildOrder.java:47)
	at codingblackfemales.container.Actioner.processAction(Actioner.java:20)
	at codingblackfemales.container.AlgoContainer.runAlgoLogic(AlgoContainer.java:62)
	at codingblackfemales.container.AlgoContainer.onMessage(AlgoContainer.java:49)
	at codingblackfemales.sequencer.net.TestNetwork.dispatch(TestNetwork.java:15)
	at codingblackfemales.sequencer.DefaultSequencer.dispatchToNetwork(DefaultSequencer.java:95)
	at codingblackfemales.sequencer.DefaultSequencer.sequenceAndDispatchMessage(DefaultSequencer.java:91)
	at codingblackfemales.sequencer.DefaultSequencer.onCommand(DefaultSequencer.java:50)
	at codingblackfemales.orderbook.channel.MarketDataChannel.publish(MarketDataChannel.java:20)
	at codingblackfemales.orderbook.OrderBook.publishBook(OrderBook.java:188)
	at codingblackfemales.orderbook.OrderBook.onCancelOrder(OrderBook.java:182)
	at codingblackfemales.orderbook.consumer.OrderBookInboundOrderConsumer.onCancelOrder(OrderBookInboundOrderConsumer.java:29)
	at codingblackfemales.sequencer.event.OrderEventListener.onMessage(OrderEventListener.java:36)
	at codingblackfemales.sequencer.net.TestNetwork.dispatch(TestNetwork.java:15)
	at codingblackfemales.sequencer.DefaultSequencer.dispatchToNetwork(DefaultSequencer.java:95)
	at codingblackfemales.sequencer.DefaultSequencer.sequenceAndDispatchMessage(DefaultSequencer.java:91)
	at codingblackfemales.sequencer.DefaultSequencer.onCommand(DefaultSequencer.java:50)
	at codingblackfemales.action.CancelChildOrder.apply(CancelChildOrder.java:38)
	at codingblackfemales.container.Actioner.processAction(Actioner.java:20)
	at codingblackfemales.container.AlgoContainer.runAlgoLogic(AlgoContainer.java:62)
	at codingblackfemales.container.AlgoContainer.onMessage(AlgoContainer.java:49)
	at codingblackfemales.sequencer.net.TestNetwork.dispatch(TestNetwork.java:15)
	at codingblackfemales.sequencer.DefaultSequencer.dispatchToNetwork(DefaultSequencer.java:95)
	at codingblackfemales.sequencer.DefaultSequencer.sequenceAndDispatchMessage(DefaultSequencer.java:91)
	at codingblackfemales.sequencer.DefaultSequencer.onCommand(DefaultSequencer.java:50)
	at codingblackfemales.orderbook.channel.MarketDataChannel.publish(MarketDataChannel.java:20)
	at codingblackfemales.orderbook.OrderBook.publishBook(OrderBook.java:188)
	at codingblackfemales.orderbook.OrderBook.onLimitOrder(OrderBook.java:174)
	at codingblackfemales.orderbook.consumer.OrderBookInboundOrderConsumer.onCreateOrder(OrderBookInboundOrderConsumer.java:24)
	at codingblackfemales.sequencer.event.OrderEventListener.onMessage(OrderEventListener.java:33)
	at codingblackfemales.sequencer.net.TestNetwork.dispatch(TestNetwork.java:15)
	at codingblackfemales.sequencer.DefaultSequencer.dispatchToNetwork(DefaultSequencer.java:95)
	at codingblackfemales.sequencer.DefaultSequencer.sequenceAndDispatchMessage(DefaultSequencer.java:91)
	at codingblackfemales.sequencer.DefaultSequencer.onCommand(DefaultSequencer.java:47)
	at codingblackfemales.action.CreateChildOrder.apply(CreateChildOrder.java:47)
	at codingblackfemales.container.Actioner.processAction(Actioner.java:20)
	at codingblackfemales.container.AlgoContainer.runAlgoLogic(AlgoContainer.java:62)
	at codingblackfemales.container.AlgoContainer.onMessage(AlgoContainer.java:49)
	at codingblackfemales.sequencer.net.TestNetwork.dispatch(TestNetwork.java:15)
	at codingblackfemales.sequencer.DefaultSequencer.dispatchToNetwork(DefaultSequencer.java:95)
	at codingblackfemales.sequencer.DefaultSequencer.sequenceAndDispatchMessage(DefaultSequencer.java:91)
	at codingblackfemales.sequencer.DefaultSequencer.onCommand(DefaultSequencer.java:50)
	at codingblackfemales.orderbook.channel.MarketDataChannel.publish(MarketDataChannel.java:20)
	at codingblackfemales.orderbook.OrderBook.publishBook(OrderBook.java:188)
	at codingblackfemales.orderbook.OrderBook.onCancelOrder(OrderBook.java:182)
	at codingblackfemales.orderbook.consumer.OrderBookInboundOrderConsumer.onCancelOrder(OrderBookInboundOrderConsumer.java:29)
	at codingblackfemales.sequencer.event.OrderEventListener.onMessage(OrderEventListener.java:36)
	at codingblackfemales.sequencer.net.TestNetwork.dispatch(TestNetwork.java:15)
	at codingblackfemales.sequencer.DefaultSequencer.dispatchToNetwork(DefaultSequencer.java:95)
	at codingblackfemales.sequencer.DefaultSequencer.sequenceAndDispatchMessage(DefaultSequencer.java:91)
	at codingblackfemales.sequencer.DefaultSequencer.onCommand(DefaultSequencer.java:50)
	at codingblackfemales.action.CancelChildOrder.apply(CancelChildOrder.java:38)
	at codingblackfemales.container.Actioner.processAction(Actioner.java:20)
	at codingblackfemales.container.AlgoContainer.runAlgoLogic(AlgoContainer.java:62)
	at codingblackfemales.container.AlgoContainer.onMessage(AlgoContainer.java:49)
	at codingblackfemales.sequencer.net.TestNetwork.dispatch(TestNetwork.java:15)
	at codingblackfemales.sequencer.DefaultSequencer.dispatchToNetwork(DefaultSequencer.java:95)
	at codingblackfemales.sequencer.DefaultSequencer.sequenceAndDispatchMessage(DefaultSequencer.java:91)
	at codingblackfemales.sequencer.DefaultSequencer.onCommand(DefaultSequencer.java:50)
	at codingblackfemales.orderbook.channel.MarketDataChannel.publish(MarketDataChannel.java:20)
	at codingblackfemales.orderbook.OrderBook.publishBook(OrderBook.java:188)
	at codingblackfemales.orderbook.OrderBook.onLimitOrder(OrderBook.java:174)
	at codingblackfemales.orderbook.consumer.OrderBookInboundOrderConsumer.onCreateOrder(OrderBookInboundOrderConsumer.java:24)
	at codingblackfemales.sequencer.event.OrderEventListener.onMessage(OrderEventListener.java:33)
	at codingblackfemales.sequencer.net.TestNetwork.dispatch(TestNetwork.java:15)
	at codingblackfemales.sequencer.DefaultSequencer.dispatchToNetwork(DefaultSequencer.java:95)
	at codingblackfemales.sequencer.DefaultSequencer.sequenceAndDispatchMessage(DefaultSequencer.java:91)
	at codingblackfemales.sequencer.DefaultSequencer.onCommand(DefaultSequencer.java:47)
	at codingblackfemales.action.CreateChildOrder.apply(CreateChildOrder.java:47)
	at codingblackfemales.container.Actioner.processAction(Actioner.java:20)
	at codingblackfemales.container.AlgoContainer.runAlgoLogic(AlgoContainer.java:62)
	at codingblackfemales.container.AlgoContainer.onMessage(AlgoContainer.java:49)
	at codingblackfemales.sequencer.net.TestNetwork.dispatch(TestNetwork.java:15)
	at codingblackfemales.sequencer.DefaultSequencer.dispatchToNetwork(DefaultSequencer.java:95)
	at codingblackfemales.sequencer.DefaultSequencer.sequenceAndDispatchMessage(DefaultSequencer.java:91)
	at codingblackfemales.sequencer.DefaultSequencer.onCommand(DefaultSequencer.java:50)
	at codingblackfemales.orderbook.channel.MarketDataChannel.publish(MarketDataChannel.java:20)
	at codingblackfemales.orderbook.OrderBook.publishBook(OrderBook.java:188)
	at codingblackfemales.orderbook.OrderBook.onCancelOrder(OrderBook.java:182)
	at codingblackfemales.orderbook.consumer.OrderBookInboundOrderConsumer.onCancelOrder(OrderBookInboundOrderConsumer.java:29)
	at codingblackfemales.sequencer.event.OrderEventListener.onMessage(OrderEventListener.java:36)
	at codingblackfemales.sequencer.net.TestNetwork.dispatch(TestNetwork.java:15)
	at codingblackfemales.sequencer.DefaultSequencer.dispatchToNetwork(DefaultSequencer.java:95)
	at codingblackfemales.sequencer.DefaultSequencer.sequenceAndDispatchMessage(DefaultSequencer.java:91)
	at codingblackfemales.sequencer.DefaultSequencer.onCommand(DefaultSequencer.java:50)
	at codingblackfemales.action.CancelChildOrder.apply(CancelChildOrder.java:38)
	at codingblackfemales.container.Actioner.processAction(Actioner.java:20)
	at codingblackfemales.container.AlgoContainer.runAlgoLogic(AlgoContainer.java:62)
	at codingblackfemales.container.AlgoContainer.onMessage(AlgoContainer.java:49)
	at codingblackfemales.sequencer.net.TestNetwork.dispatch(TestNetwork.java:15)
	at codingblackfemales.sequencer.DefaultSequencer.dispatchToNetwork(DefaultSequencer.java:95)
	at codingblackfemales.sequencer.DefaultSequencer.sequenceAndDispatchMessage(DefaultSequencer.java:91)
	at codingblackfemales.sequencer.DefaultSequencer.onCommand(DefaultSequencer.java:50)
	at codingblackfemales.orderbook.channel.MarketDataChannel.publish(MarketDataChannel.java:20)
	at codingblackfemales.orderbook.OrderBook.publishBook(OrderBook.java:188)
	at codingblackfemales.orderbook.OrderBook.onLimitOrder(OrderBook.java:174)
	at codingblackfemales.orderbook.consumer.OrderBookInboundOrderConsumer.onCreateOrder(OrderBookInboundOrderConsumer.java:24)
	at codingblackfemales.sequencer.event.OrderEventListener.onMessage(OrderEventListener.java:33)
	at codingblackfemales.sequencer.net.TestNetwork.dispatch(TestNetwork.java:15)
	at codingblackfemales.sequencer.DefaultSequencer.dispatchToNetwork(DefaultSequencer.java:95)
	at codingblackfemales.sequencer.DefaultSequencer.sequenceAndDispatchMessage(DefaultSequencer.java:91)
	at codingblackfemales.sequencer.DefaultSequencer.onCommand(DefaultSequencer.java:47)
	at codingblackfemales.action.CreateChildOrder.apply(CreateChildOrder.java:47)
	at codingblackfemales.container.Actioner.processAction(Actioner.java:20)
	at codingblackfemales.container.AlgoContainer.runAlgoLogic(AlgoContainer.java:62)
	at codingblackfemales.container.AlgoContainer.onMessage(AlgoContainer.java:49)
	at codingblackfemales.sequencer.net.TestNetwork.dispatch(TestNetwork.java:15)

