<?xml version="1.0" encoding="UTF-8"?>
<testsuite xmlns:xsi="http://www.w3.org/2001/XMLSchema-instance" xsi:noNamespaceSchemaLocation="https://maven.apache.org/surefire/maven-surefire-plugin/xsd/surefire-test-report-3.0.xsd" version="3.0" name="codingblackfemales.gettingstarted.MyAlgoBackTest" time="0.694" tests="1" errors="0" skipped="0" failures="0">
  <properties>
[...]
</properties>
  <testcase name="testExampleBackTest" classname="codingblackfemales.gettingstarted.MyAlgoBackTest" time="0.325">
    <system-out><![CDATA[16:02:30.371 [main] INFO  c.sequencer.consumer.LoggingConsumer - [1] 
|----BID-----|
    100 @ 98
    200 @ 95
    300 @ 91
|----ASK-----|
   101 @ 100
   200 @ 110
  5000 @ 115
  5600 @ 119

16:02:30.377 [main] INFO  c.orderbook.OrderBook - [ORDERBOOK] Processing Mkt Data Update
16:02:30.379 [main] DEBUG c.orderbook.OrderBook - [ORDERBOOK] ASK: Adding orderMktData(price=98,quantity=100)
16:02:30.379 [main] DEBUG c.orderbook.OrderBook - [ORDERBOOK] ASK: Adding orderMktData(price=95,quantity=200)
16:02:30.379 [main] DEBUG c.orderbook.OrderBook - [ORDERBOOK] ASK: Adding orderMktData(price=91,quantity=300)
16:02:30.379 [main] DEBUG c.orderbook.OrderBook - [ORDERBOOK] ASK: Adding orderMktData(price=100,quantity=101)
16:02:30.379 [main] DEBUG c.orderbook.OrderBook - [ORDERBOOK] ASK: Adding orderMktData(price=110,quantity=200)
16:02:30.379 [main] DEBUG c.orderbook.OrderBook - [ORDERBOOK] ASK: Adding orderMktData(price=115,quantity=5000)
16:02:30.379 [main] DEBUG c.orderbook.OrderBook - [ORDERBOOK] ASK: Adding orderMktData(price=119,quantity=5600)
16:02:30.380 [main] DEBUG c.service.MarketDataService - [ALGO] BID: price:98 quantity:100
16:02:30.380 [main] DEBUG c.service.MarketDataService - [ALGO] BID: price:95 quantity:200
16:02:30.380 [main] DEBUG c.service.MarketDataService - [ALGO] BID: price:91 quantity:300
16:02:30.380 [main] DEBUG c.service.MarketDataService - [ALGO] ASK: price:100 quantity:101
16:02:30.380 [main] DEBUG c.service.MarketDataService - [ALGO] ASK: price:110 quantity:200
16:02:30.380 [main] DEBUG c.service.MarketDataService - [ALGO] ASK: price:115 quantity:5000
16:02:30.381 [main] DEBUG c.service.MarketDataService - [ALGO] ASK: price:119 quantity:5600
16:02:30.381 [main] INFO  c.gettingstarted.MyAlgoLogic - [MYALGO] In Algo Logic.... HeLlO
16:02:30.385 [main] INFO  c.gettingstarted.MyAlgoLogic - [MYALGO] The state of the order book is:
|----BID-----||----ASK----|
    100 @ 98   101 @ 100
    200 @ 95   200 @ 110
    300 @ 91  5000 @ 115
          -   5600 @ 119
|------------||-----------|

bid level is: BID[100@98] long bif level is: 3
ask level is: ASK[101@100] bid at 4
ASK[101@100]far touch 100price46
16:02:30.403 [main] INFO  c.gettingstarted.MyAlgoLogic - [MYALGO] Have:0 children, want 45, joining passive side of book with: 46 @ 100
CreateChildOrder(side=BUY,quantity=46,price=100)
active orders are []
16:02:30.403 [main] INFO  c.container.Actioner - [ALGO] Actioner, sending action:CreateChildOrder(side=BUY,quantity=46,price=100)
16:02:30.403 [main] INFO  c.sequencer.consumer.LoggingConsumer - [2] [CreateOrder](sbeTemplateId=4|sbeSchemaId=2|sbeSchemaVersion=0|sbeBlockLength=33):instrumentId=0|price=100|quantity=46|side=BUY|orderId=2
16:02:30.403 [main] INFO  c.o.v.MutatingMatchOneOrderVisitor - [ORDERBOOK] visiting LevelOrderBookLevel(price=100,quantity=101)
16:02:30.403 [main] INFO  c.o.v.MutatingMatchOneOrderVisitor - [ORDERBOOK] Have found order we can match:MktData(price=100,quantity=101)(Limit(side=BUY,orderId=2,price=100,quantity=46))
16:02:30.403 [main] INFO  c.o.v.MutatingMatchOneOrderVisitor - [ORDERBOOK] Filled 46@100 for order:Limit(side=BUY,orderId=2,price=100,quantity=46)
16:02:30.403 [main] INFO  c.orderbook.channel.OrderChannel - [ORDERBOOK] publishing fill to stream: [FillOrder](sbeTemplateId=10|sbeSchemaId=2|sbeSchemaVersion=0|sbeBlockLength=24):orderId=2|quantity=46|price=100
16:02:30.403 [main] INFO  c.sequencer.consumer.LoggingConsumer - [3] [FillOrder](sbeTemplateId=10|sbeSchemaId=2|sbeSchemaVersion=0|sbeBlockLength=24):orderId=2|quantity=46|price=100
16:02:30.418 [main] INFO  c.gettingstarted.MyAlgoLogic - [MYALGO] In Algo Logic.... HeLlO
16:02:30.424 [main] INFO  c.gettingstarted.MyAlgoLogic - [MYALGO] The state of the order book is:
|----BID-----||----ASK----|
    100 @ 98   101 @ 100
    200 @ 95   200 @ 110
    300 @ 91  5000 @ 115
          -   5600 @ 119
|------------||-----------|

bid level is: BID[100@98] long bif level is: 3
ask level is: ASK[101@100] bid at 4
ASK[101@100]far touch 100price46
16:02:30.424 [main] INFO  c.gettingstarted.MyAlgoLogic - [MYALGO] Have:1 children, want 45, joining passive side of book with: 46 @ 100
CreateChildOrder(side=BUY,quantity=46,price=100)
active orders are [codingblackfemales.sotw.ChildOrder@291caca8]
16:02:30.424 [main] INFO  c.container.Actioner - [ALGO] Actioner, sending action:CreateChildOrder(side=BUY,quantity=46,price=100)
16:02:30.424 [main] INFO  c.sequencer.consumer.LoggingConsumer - [4] [CreateOrder](sbeTemplateId=4|sbeSchemaId=2|sbeSchemaVersion=0|sbeBlockLength=33):instrumentId=0|price=100|quantity=46|side=BUY|orderId=3
16:02:30.424 [main] INFO  c.o.v.MutatingMatchOneOrderVisitor - [ORDERBOOK] visiting LevelOrderBookLevel(price=100,quantity=55)
16:02:30.424 [main] INFO  c.o.v.MutatingMatchOneOrderVisitor - [ORDERBOOK] Have found order we can match:MktData(price=100,quantity=55)(Limit(side=BUY,orderId=3,price=100,quantity=46))
16:02:30.424 [main] INFO  c.o.v.MutatingMatchOneOrderVisitor - [ORDERBOOK] Filled 46@100 for order:Limit(side=BUY,orderId=3,price=100,quantity=46)
16:02:30.424 [main] INFO  c.orderbook.channel.OrderChannel - [ORDERBOOK] publishing fill to stream: [FillOrder](sbeTemplateId=10|sbeSchemaId=2|sbeSchemaVersion=0|sbeBlockLength=24):orderId=3|quantity=46|price=100
16:02:30.424 [main] INFO  c.sequencer.consumer.LoggingConsumer - [5] [FillOrder](sbeTemplateId=10|sbeSchemaId=2|sbeSchemaVersion=0|sbeBlockLength=24):orderId=3|quantity=46|price=100
16:02:30.424 [main] INFO  c.gettingstarted.MyAlgoLogic - [MYALGO] In Algo Logic.... HeLlO
16:02:30.424 [main] INFO  c.gettingstarted.MyAlgoLogic - [MYALGO] The state of the order book is:
|----BID-----||----ASK----|
    100 @ 98   101 @ 100
    200 @ 95   200 @ 110
    300 @ 91  5000 @ 115
          -   5600 @ 119
|------------||-----------|

bid level is: BID[100@98] long bif level is: 3
ask level is: ASK[101@100] bid at 4
ASK[101@100]far touch 100price46
16:02:30.424 [main] INFO  c.gettingstarted.MyAlgoLogic - [MYALGO] Have:2 children, want 45, joining passive side of book with: 46 @ 100
CreateChildOrder(side=BUY,quantity=46,price=100)
active orders are [codingblackfemales.sotw.ChildOrder@291caca8, codingblackfemales.sotw.ChildOrder@385e9564]
16:02:30.424 [main] INFO  c.container.Actioner - [ALGO] Actioner, sending action:CreateChildOrder(side=BUY,quantity=46,price=100)
16:02:30.424 [main] INFO  c.sequencer.consumer.LoggingConsumer - [6] [CreateOrder](sbeTemplateId=4|sbeSchemaId=2|sbeSchemaVersion=0|sbeBlockLength=33):instrumentId=0|price=100|quantity=46|side=BUY|orderId=4
16:02:30.424 [main] INFO  c.o.v.MutatingMatchOneOrderVisitor - [ORDERBOOK] visiting LevelOrderBookLevel(price=100,quantity=9)
16:02:30.424 [main] INFO  c.o.v.MutatingMatchOneOrderVisitor - [ORDERBOOK] Have found order we can match:MktData(price=100,quantity=9)(Limit(side=BUY,orderId=4,price=100,quantity=46))
16:02:30.424 [main] INFO  c.o.v.MutatingMatchOneOrderVisitor - [ORDERBOOK] Filled 9@100 for order:Limit(side=BUY,orderId=4,price=100,quantity=46)
16:02:30.424 [main] INFO  c.orderbook.channel.OrderChannel - [ORDERBOOK] publishing fill to stream: [FillOrder](sbeTemplateId=10|sbeSchemaId=2|sbeSchemaVersion=0|sbeBlockLength=24):orderId=4|quantity=9|price=100
16:02:30.424 [main] INFO  c.sequencer.consumer.LoggingConsumer - [7] [FillOrder](sbeTemplateId=10|sbeSchemaId=2|sbeSchemaVersion=0|sbeBlockLength=24):orderId=4|quantity=9|price=100
16:02:30.424 [main] INFO  c.gettingstarted.MyAlgoLogic - [MYALGO] In Algo Logic.... HeLlO
16:02:30.424 [main] INFO  c.gettingstarted.MyAlgoLogic - [MYALGO] The state of the order book is:
|----BID-----||----ASK----|
    100 @ 98   101 @ 100
    200 @ 95   200 @ 110
    300 @ 91  5000 @ 115
          -   5600 @ 119
|------------||-----------|

bid level is: BID[100@98] long bif level is: 3
ask level is: ASK[101@100] bid at 4
ASK[101@100]far touch 100price46
16:02:30.428 [main] INFO  c.gettingstarted.MyAlgoLogic - [MYALGO] Have:3 children, want 45, joining passive side of book with: 46 @ 100
CreateChildOrder(side=BUY,quantity=46,price=100)
active orders are [codingblackfemales.sotw.ChildOrder@291caca8, codingblackfemales.sotw.ChildOrder@385e9564, codingblackfemales.sotw.ChildOrder@5b94b04d]
16:02:30.428 [main] INFO  c.container.Actioner - [ALGO] Actioner, sending action:CreateChildOrder(side=BUY,quantity=46,price=100)
16:02:30.428 [main] INFO  c.sequencer.consumer.LoggingConsumer - [8] [CreateOrder](sbeTemplateId=4|sbeSchemaId=2|sbeSchemaVersion=0|sbeBlockLength=33):instrumentId=0|price=100|quantity=46|side=BUY|orderId=5
16:02:30.428 [main] INFO  c.orderbook.OrderBook - [ORDERBOOK] Adding passive limit order to BID bookLimit(side=BUY,orderId=5,price=100,quantity=46)
16:02:30.429 [main] DEBUG c.o.v.ReadOnlyMarketDataChannelPublishVisitor - Bid Side Size: 3
16:02:30.429 [main] DEBUG c.o.v.ReadOnlyMarketDataChannelPublishVisitor - Adding Mkt Data Msg BID: Price=98 Qty=100
16:02:30.429 [main] DEBUG c.o.v.ReadOnlyMarketDataChannelPublishVisitor - Adding Mkt Data Msg BID: Price=95 Qty=200
16:02:30.429 [main] DEBUG c.o.v.ReadOnlyMarketDataChannelPublishVisitor - Adding Mkt Data Msg BID: Price=91 Qty=300
16:02:30.429 [main] DEBUG c.o.v.ReadOnlyMarketDataChannelPublishVisitor - Ask Side Size: 3
16:02:30.429 [main] DEBUG c.o.v.ReadOnlyMarketDataChannelPublishVisitor - Adding Mkt Data Msg ASK: Price=110 Qty=200
16:02:30.429 [main] DEBUG c.o.v.ReadOnlyMarketDataChannelPublishVisitor - Adding Mkt Data Msg ASK: Price=115 Qty=5000
16:02:30.429 [main] DEBUG c.o.v.ReadOnlyMarketDataChannelPublishVisitor - Adding Mkt Data Msg ASK: Price=119 Qty=5600
16:02:30.430 [main] INFO  c.o.channel.MarketDataChannel - [ORDERBOOK] Sending market data update...
16:02:30.430 [main] INFO  c.sequencer.consumer.LoggingConsumer - [9] 
|----BID-----|
    100 @ 98
    200 @ 95
    300 @ 91
|----ASK-----|
   200 @ 110
  5000 @ 115
  5600 @ 119

16:02:30.430 [main] DEBUG c.service.MarketDataService - [ALGO] BID: price:98 quantity:100
16:02:30.430 [main] DEBUG c.service.MarketDataService - [ALGO] BID: price:95 quantity:200
16:02:30.430 [main] DEBUG c.service.MarketDataService - [ALGO] BID: price:91 quantity:300
16:02:30.430 [main] DEBUG c.service.MarketDataService - [ALGO] ASK: price:110 quantity:200
16:02:30.430 [main] DEBUG c.service.MarketDataService - [ALGO] ASK: price:115 quantity:5000
16:02:30.430 [main] DEBUG c.service.MarketDataService - [ALGO] ASK: price:119 quantity:5600
16:02:30.430 [main] INFO  c.gettingstarted.MyAlgoLogic - [MYALGO] In Algo Logic.... HeLlO
16:02:30.431 [main] INFO  c.gettingstarted.MyAlgoLogic - [MYALGO] The state of the order book is:
|----BID-----||----ASK----|
    100 @ 98   200 @ 110
    200 @ 95  5000 @ 115
    300 @ 91  5600 @ 119
|------------||-----------|

bid level is: BID[100@98] long bif level is: 3
ask level is: ASK[200@110] bid at 3
ASK[200@110]far touch 110price46
16:02:30.431 [main] INFO  c.gettingstarted.MyAlgoLogic - [MYALGO] Have:4 children, want 45, joining passive side of book with: 46 @ 110
CreateChildOrder(side=BUY,quantity=46,price=110)
active orders are [codingblackfemales.sotw.ChildOrder@291caca8, codingblackfemales.sotw.ChildOrder@385e9564, codingblackfemales.sotw.ChildOrder@5b94b04d, codingblackfemales.sotw.ChildOrder@8c3b9d]
16:02:30.431 [main] INFO  c.container.Actioner - [ALGO] Actioner, sending action:CreateChildOrder(side=BUY,quantity=46,price=110)
16:02:30.431 [main] INFO  c.sequencer.consumer.LoggingConsumer - [10] [CreateOrder](sbeTemplateId=4|sbeSchemaId=2|sbeSchemaVersion=0|sbeBlockLength=33):instrumentId=0|price=110|quantity=46|side=BUY|orderId=6
16:02:30.432 [main] INFO  c.o.v.MutatingMatchOneOrderVisitor - [ORDERBOOK] visiting LevelOrderBookLevel(price=110,quantity=200)
16:02:30.432 [main] INFO  c.o.v.MutatingMatchOneOrderVisitor - [ORDERBOOK] Have found order we can match:MktData(price=110,quantity=200)(Limit(side=BUY,orderId=6,price=110,quantity=46))
16:02:30.432 [main] INFO  c.o.v.MutatingMatchOneOrderVisitor - [ORDERBOOK] Filled 46@110 for order:Limit(side=BUY,orderId=6,price=110,quantity=46)
16:02:30.432 [main] INFO  c.orderbook.channel.OrderChannel - [ORDERBOOK] publishing fill to stream: [FillOrder](sbeTemplateId=10|sbeSchemaId=2|sbeSchemaVersion=0|sbeBlockLength=24):orderId=6|quantity=46|price=110
16:02:30.432 [main] INFO  c.sequencer.consumer.LoggingConsumer - [11] [FillOrder](sbeTemplateId=10|sbeSchemaId=2|sbeSchemaVersion=0|sbeBlockLength=24):orderId=6|quantity=46|price=110
16:02:30.432 [main] INFO  c.gettingstarted.MyAlgoLogic - [MYALGO] In Algo Logic.... HeLlO
16:02:30.432 [main] INFO  c.gettingstarted.MyAlgoLogic - [MYALGO] The state of the order book is:
|----BID-----||----ASK----|
    100 @ 98   200 @ 110
    200 @ 95  5000 @ 115
    300 @ 91  5600 @ 119
|------------||-----------|

bid level is: BID[100@98] long bif level is: 3
ask level is: ASK[200@110] bid at 3
ASK[200@110]far touch 110price46
16:02:30.433 [main] INFO  c.gettingstarted.MyAlgoLogic - [MYALGO] Have:5 children, want 45, joining passive side of book with: 46 @ 110
CreateChildOrder(side=BUY,quantity=46,price=110)
active orders are [codingblackfemales.sotw.ChildOrder@291caca8, codingblackfemales.sotw.ChildOrder@385e9564, codingblackfemales.sotw.ChildOrder@5b94b04d, codingblackfemales.sotw.ChildOrder@8c3b9d, codingblackfemales.sotw.ChildOrder@4c39bec8]
16:02:30.433 [main] INFO  c.container.Actioner - [ALGO] Actioner, sending action:CreateChildOrder(side=BUY,quantity=46,price=110)
16:02:30.433 [main] INFO  c.sequencer.consumer.LoggingConsumer - [12] [CreateOrder](sbeTemplateId=4|sbeSchemaId=2|sbeSchemaVersion=0|sbeBlockLength=33):instrumentId=0|price=110|quantity=46|side=BUY|orderId=7
16:02:30.433 [main] INFO  c.o.v.MutatingMatchOneOrderVisitor - [ORDERBOOK] visiting LevelOrderBookLevel(price=110,quantity=154)
16:02:30.433 [main] INFO  c.o.v.MutatingMatchOneOrderVisitor - [ORDERBOOK] Have found order we can match:MktData(price=110,quantity=154)(Limit(side=BUY,orderId=7,price=110,quantity=46))
16:02:30.433 [main] INFO  c.o.v.MutatingMatchOneOrderVisitor - [ORDERBOOK] Filled 46@110 for order:Limit(side=BUY,orderId=7,price=110,quantity=46)
16:02:30.434 [main] INFO  c.orderbook.channel.OrderChannel - [ORDERBOOK] publishing fill to stream: [FillOrder](sbeTemplateId=10|sbeSchemaId=2|sbeSchemaVersion=0|sbeBlockLength=24):orderId=7|quantity=46|price=110
16:02:30.434 [main] INFO  c.sequencer.consumer.LoggingConsumer - [13] [FillOrder](sbeTemplateId=10|sbeSchemaId=2|sbeSchemaVersion=0|sbeBlockLength=24):orderId=7|quantity=46|price=110
16:02:30.434 [main] INFO  c.gettingstarted.MyAlgoLogic - [MYALGO] In Algo Logic.... HeLlO
16:02:30.435 [main] INFO  c.gettingstarted.MyAlgoLogic - [MYALGO] The state of the order book is:
|----BID-----||----ASK----|
    100 @ 98   200 @ 110
    200 @ 95  5000 @ 115
    300 @ 91  5600 @ 119
|------------||-----------|

bid level is: BID[100@98] long bif level is: 3
ask level is: ASK[200@110] bid at 3
ASK[200@110]far touch 110price46
16:02:30.435 [main] INFO  c.gettingstarted.MyAlgoLogic - [MYALGO] Have:6 children, want 45, joining passive side of book with: 46 @ 110
CreateChildOrder(side=BUY,quantity=46,price=110)
active orders are [codingblackfemales.sotw.ChildOrder@291caca8, codingblackfemales.sotw.ChildOrder@385e9564, codingblackfemales.sotw.ChildOrder@5b94b04d, codingblackfemales.sotw.ChildOrder@8c3b9d, codingblackfemales.sotw.ChildOrder@4c39bec8, codingblackfemales.sotw.ChildOrder@f79e]
16:02:30.435 [main] INFO  c.container.Actioner - [ALGO] Actioner, sending action:CreateChildOrder(side=BUY,quantity=46,price=110)
16:02:30.436 [main] INFO  c.sequencer.consumer.LoggingConsumer - [14] [CreateOrder](sbeTemplateId=4|sbeSchemaId=2|sbeSchemaVersion=0|sbeBlockLength=33):instrumentId=0|price=110|quantity=46|side=BUY|orderId=8
16:02:30.436 [main] INFO  c.o.v.MutatingMatchOneOrderVisitor - [ORDERBOOK] visiting LevelOrderBookLevel(price=110,quantity=108)
16:02:30.436 [main] INFO  c.o.v.MutatingMatchOneOrderVisitor - [ORDERBOOK] Have found order we can match:MktData(price=110,quantity=108)(Limit(side=BUY,orderId=8,price=110,quantity=46))
16:02:30.436 [main] INFO  c.o.v.MutatingMatchOneOrderVisitor - [ORDERBOOK] Filled 46@110 for order:Limit(side=BUY,orderId=8,price=110,quantity=46)
16:02:30.436 [main] INFO  c.orderbook.channel.OrderChannel - [ORDERBOOK] publishing fill to stream: [FillOrder](sbeTemplateId=10|sbeSchemaId=2|sbeSchemaVersion=0|sbeBlockLength=24):orderId=8|quantity=46|price=110
16:02:30.436 [main] INFO  c.sequencer.consumer.LoggingConsumer - [15] [FillOrder](sbeTemplateId=10|sbeSchemaId=2|sbeSchemaVersion=0|sbeBlockLength=24):orderId=8|quantity=46|price=110
16:02:30.436 [main] INFO  c.gettingstarted.MyAlgoLogic - [MYALGO] In Algo Logic.... HeLlO
16:02:30.437 [main] INFO  c.gettingstarted.MyAlgoLogic - [MYALGO] The state of the order book is:
|----BID-----||----ASK----|
    100 @ 98   200 @ 110
    200 @ 95  5000 @ 115
    300 @ 91  5600 @ 119
|------------||-----------|

bid level is: BID[100@98] long bif level is: 3
ask level is: ASK[200@110] bid at 3
ASK[200@110]far touch 110price46
16:02:30.437 [main] INFO  c.gettingstarted.MyAlgoLogic - [MYALGO] Have:7 children, want 45, joining passive side of book with: 46 @ 110
CreateChildOrder(side=BUY,quantity=46,price=110)
active orders are [codingblackfemales.sotw.ChildOrder@291caca8, codingblackfemales.sotw.ChildOrder@385e9564, codingblackfemales.sotw.ChildOrder@5b94b04d, codingblackfemales.sotw.ChildOrder@8c3b9d, codingblackfemales.sotw.ChildOrder@4c39bec8, codingblackfemales.sotw.ChildOrder@f79e, codingblackfemales.sotw.ChildOrder@7ee8290b]
16:02:30.437 [main] INFO  c.container.Actioner - [ALGO] Actioner, sending action:CreateChildOrder(side=BUY,quantity=46,price=110)
16:02:30.437 [main] INFO  c.sequencer.consumer.LoggingConsumer - [16] [CreateOrder](sbeTemplateId=4|sbeSchemaId=2|sbeSchemaVersion=0|sbeBlockLength=33):instrumentId=0|price=110|quantity=46|side=BUY|orderId=9
16:02:30.437 [main] INFO  c.o.v.MutatingMatchOneOrderVisitor - [ORDERBOOK] visiting LevelOrderBookLevel(price=110,quantity=62)
16:02:30.437 [main] INFO  c.o.v.MutatingMatchOneOrderVisitor - [ORDERBOOK] Have found order we can match:MktData(price=110,quantity=62)(Limit(side=BUY,orderId=9,price=110,quantity=46))
16:02:30.437 [main] INFO  c.o.v.MutatingMatchOneOrderVisitor - [ORDERBOOK] Filled 46@110 for order:Limit(side=BUY,orderId=9,price=110,quantity=46)
16:02:30.438 [main] INFO  c.orderbook.channel.OrderChannel - [ORDERBOOK] publishing fill to stream: [FillOrder](sbeTemplateId=10|sbeSchemaId=2|sbeSchemaVersion=0|sbeBlockLength=24):orderId=9|quantity=46|price=110
16:02:30.438 [main] INFO  c.sequencer.consumer.LoggingConsumer - [17] [FillOrder](sbeTemplateId=10|sbeSchemaId=2|sbeSchemaVersion=0|sbeBlockLength=24):orderId=9|quantity=46|price=110
16:02:30.438 [main] INFO  c.gettingstarted.MyAlgoLogic - [MYALGO] In Algo Logic.... HeLlO
16:02:30.438 [main] INFO  c.gettingstarted.MyAlgoLogic - [MYALGO] The state of the order book is:
|----BID-----||----ASK----|
    100 @ 98   200 @ 110
    200 @ 95  5000 @ 115
    300 @ 91  5600 @ 119
|------------||-----------|

bid level is: BID[100@98] long bif level is: 3
ask level is: ASK[200@110] bid at 3
ASK[200@110]far touch 110price46
16:02:30.438 [main] INFO  c.gettingstarted.MyAlgoLogic - [MYALGO] Have:8 children, want 45, joining passive side of book with: 46 @ 110
CreateChildOrder(side=BUY,quantity=46,price=110)
active orders are [codingblackfemales.sotw.ChildOrder@291caca8, codingblackfemales.sotw.ChildOrder@385e9564, codingblackfemales.sotw.ChildOrder@5b94b04d, codingblackfemales.sotw.ChildOrder@8c3b9d, codingblackfemales.sotw.ChildOrder@4c39bec8, codingblackfemales.sotw.ChildOrder@f79e, codingblackfemales.sotw.ChildOrder@7ee8290b, codingblackfemales.sotw.ChildOrder@1f59a598]
16:02:30.439 [main] INFO  c.container.Actioner - [ALGO] Actioner, sending action:CreateChildOrder(side=BUY,quantity=46,price=110)
16:02:30.439 [main] INFO  c.sequencer.consumer.LoggingConsumer - [18] [CreateOrder](sbeTemplateId=4|sbeSchemaId=2|sbeSchemaVersion=0|sbeBlockLength=33):instrumentId=0|price=110|quantity=46|side=BUY|orderId=10
16:02:30.439 [main] INFO  c.o.v.MutatingMatchOneOrderVisitor - [ORDERBOOK] visiting LevelOrderBookLevel(price=110,quantity=16)
16:02:30.439 [main] INFO  c.o.v.MutatingMatchOneOrderVisitor - [ORDERBOOK] Have found order we can match:MktData(price=110,quantity=16)(Limit(side=BUY,orderId=10,price=110,quantity=46))
16:02:30.439 [main] INFO  c.o.v.MutatingMatchOneOrderVisitor - [ORDERBOOK] Filled 16@110 for order:Limit(side=BUY,orderId=10,price=110,quantity=46)
16:02:30.439 [main] INFO  c.orderbook.channel.OrderChannel - [ORDERBOOK] publishing fill to stream: [FillOrder](sbeTemplateId=10|sbeSchemaId=2|sbeSchemaVersion=0|sbeBlockLength=24):orderId=10|quantity=16|price=110
16:02:30.440 [main] INFO  c.sequencer.consumer.LoggingConsumer - [19] [FillOrder](sbeTemplateId=10|sbeSchemaId=2|sbeSchemaVersion=0|sbeBlockLength=24):orderId=10|quantity=16|price=110
16:02:30.440 [main] INFO  c.gettingstarted.MyAlgoLogic - [MYALGO] In Algo Logic.... HeLlO
16:02:30.440 [main] INFO  c.gettingstarted.MyAlgoLogic - [MYALGO] The state of the order book is:
|----BID-----||----ASK----|
    100 @ 98   200 @ 110
    200 @ 95  5000 @ 115
    300 @ 91  5600 @ 119
|------------||-----------|

bid level is: BID[100@98] long bif level is: 3
ask level is: ASK[200@110] bid at 3
ASK[200@110]far touch 110price46
16:02:30.441 [main] INFO  c.gettingstarted.MyAlgoLogic - [MYALGO] Have:9 children, want 45, joining passive side of book with: 46 @ 110
CreateChildOrder(side=BUY,quantity=46,price=110)
active orders are [codingblackfemales.sotw.ChildOrder@291caca8, codingblackfemales.sotw.ChildOrder@385e9564, codingblackfemales.sotw.ChildOrder@5b94b04d, codingblackfemales.sotw.ChildOrder@8c3b9d, codingblackfemales.sotw.ChildOrder@4c39bec8, codingblackfemales.sotw.ChildOrder@f79e, codingblackfemales.sotw.ChildOrder@7ee8290b, codingblackfemales.sotw.ChildOrder@1f59a598, codingblackfemales.sotw.ChildOrder@1e178745]
16:02:30.441 [main] INFO  c.container.Actioner - [ALGO] Actioner, sending action:CreateChildOrder(side=BUY,quantity=46,price=110)
16:02:30.441 [main] INFO  c.sequencer.consumer.LoggingConsumer - [20] [CreateOrder](sbeTemplateId=4|sbeSchemaId=2|sbeSchemaVersion=0|sbeBlockLength=33):instrumentId=0|price=110|quantity=46|side=BUY|orderId=11
16:02:30.442 [main] INFO  c.orderbook.OrderBook - [ORDERBOOK] Adding passive limit order to BID bookLimit(side=BUY,orderId=11,price=110,quantity=46)
16:02:30.442 [main] DEBUG c.o.v.ReadOnlyMarketDataChannelPublishVisitor - Bid Side Size: 3
16:02:30.442 [main] DEBUG c.o.v.ReadOnlyMarketDataChannelPublishVisitor - Adding Mkt Data Msg BID: Price=98 Qty=100
16:02:30.442 [main] DEBUG c.o.v.ReadOnlyMarketDataChannelPublishVisitor - Adding Mkt Data Msg BID: Price=95 Qty=200
16:02:30.442 [main] DEBUG c.o.v.ReadOnlyMarketDataChannelPublishVisitor - Adding Mkt Data Msg BID: Price=91 Qty=300
16:02:30.442 [main] DEBUG c.o.v.ReadOnlyMarketDataChannelPublishVisitor - Ask Side Size: 2
16:02:30.442 [main] DEBUG c.o.v.ReadOnlyMarketDataChannelPublishVisitor - Adding Mkt Data Msg ASK: Price=115 Qty=5000
16:02:30.443 [main] DEBUG c.o.v.ReadOnlyMarketDataChannelPublishVisitor - Adding Mkt Data Msg ASK: Price=119 Qty=5600
16:02:30.443 [main] INFO  c.o.channel.MarketDataChannel - [ORDERBOOK] Sending market data update...
16:02:30.443 [main] INFO  c.sequencer.consumer.LoggingConsumer - [21] 
|----BID-----|
    100 @ 98
    200 @ 95
    300 @ 91
|----ASK-----|
  5000 @ 115
  5600 @ 119

16:02:30.443 [main] DEBUG c.service.MarketDataService - [ALGO] BID: price:98 quantity:100
16:02:30.443 [main] DEBUG c.service.MarketDataService - [ALGO] BID: price:95 quantity:200
16:02:30.443 [main] DEBUG c.service.MarketDataService - [ALGO] BID: price:91 quantity:300
16:02:30.443 [main] DEBUG c.service.MarketDataService - [ALGO] ASK: price:115 quantity:5000
16:02:30.443 [main] DEBUG c.service.MarketDataService - [ALGO] ASK: price:119 quantity:5600
16:02:30.443 [main] INFO  c.gettingstarted.MyAlgoLogic - [MYALGO] In Algo Logic.... HeLlO
16:02:30.444 [main] INFO  c.gettingstarted.MyAlgoLogic - [MYALGO] The state of the order book is:
|----BID-----||----ASK----|
    100 @ 98  5000 @ 115
    200 @ 95  5600 @ 119
    300 @ 91          - 
|------------||-----------|

bid level is: BID[100@98] long bif level is: 3
ask level is: ASK[5000@115] bid at 2
ASK[5000@115]far touch 115price46
16:02:30.444 [main] INFO  c.gettingstarted.MyAlgoLogic - [MYALGO] Have:10 children, want 45, joining passive side of book with: 46 @ 115
CreateChildOrder(side=BUY,quantity=46,price=115)
active orders are [codingblackfemales.sotw.ChildOrder@291caca8, codingblackfemales.sotw.ChildOrder@385e9564, codingblackfemales.sotw.ChildOrder@5b94b04d, codingblackfemales.sotw.ChildOrder@8c3b9d, codingblackfemales.sotw.ChildOrder@4c39bec8, codingblackfemales.sotw.ChildOrder@f79e, codingblackfemales.sotw.ChildOrder@7ee8290b, codingblackfemales.sotw.ChildOrder@1f59a598, codingblackfemales.sotw.ChildOrder@1e178745, codingblackfemales.sotw.ChildOrder@192c3f1e]
16:02:30.444 [main] INFO  c.container.Actioner - [ALGO] Actioner, sending action:CreateChildOrder(side=BUY,quantity=46,price=115)
16:02:30.444 [main] INFO  c.sequencer.consumer.LoggingConsumer - [22] [CreateOrder](sbeTemplateId=4|sbeSchemaId=2|sbeSchemaVersion=0|sbeBlockLength=33):instrumentId=0|price=115|quantity=46|side=BUY|orderId=12
16:02:30.444 [main] INFO  c.o.v.MutatingMatchOneOrderVisitor - [ORDERBOOK] visiting LevelOrderBookLevel(price=115,quantity=5000)
16:02:30.444 [main] INFO  c.o.v.MutatingMatchOneOrderVisitor - [ORDERBOOK] Have found order we can match:MktData(price=115,quantity=5000)(Limit(side=BUY,orderId=12,price=115,quantity=46))
16:02:30.444 [main] INFO  c.o.v.MutatingMatchOneOrderVisitor - [ORDERBOOK] Filled 46@115 for order:Limit(side=BUY,orderId=12,price=115,quantity=46)
16:02:30.444 [main] INFO  c.orderbook.channel.OrderChannel - [ORDERBOOK] publishing fill to stream: [FillOrder](sbeTemplateId=10|sbeSchemaId=2|sbeSchemaVersion=0|sbeBlockLength=24):orderId=12|quantity=46|price=115
16:02:30.444 [main] INFO  c.sequencer.consumer.LoggingConsumer - [23] [FillOrder](sbeTemplateId=10|sbeSchemaId=2|sbeSchemaVersion=0|sbeBlockLength=24):orderId=12|quantity=46|price=115
16:02:30.445 [main] INFO  c.gettingstarted.MyAlgoLogic - [MYALGO] In Algo Logic.... HeLlO
16:02:30.445 [main] INFO  c.gettingstarted.MyAlgoLogic - [MYALGO] The state of the order book is:
|----BID-----||----ASK----|
    100 @ 98  5000 @ 115
    200 @ 95  5600 @ 119
    300 @ 91          - 
|------------||-----------|

bid level is: BID[100@98] long bif level is: 3
ask level is: ASK[5000@115] bid at 2
ASK[5000@115]far touch 115price46
16:02:30.445 [main] INFO  c.gettingstarted.MyAlgoLogic - [MYALGO] Have:11 children, want 45, joining passive side of book with: 46 @ 115
CreateChildOrder(side=BUY,quantity=46,price=115)
active orders are [codingblackfemales.sotw.ChildOrder@291caca8, codingblackfemales.sotw.ChildOrder@385e9564, codingblackfemales.sotw.ChildOrder@5b94b04d, codingblackfemales.sotw.ChildOrder@8c3b9d, codingblackfemales.sotw.ChildOrder@4c39bec8, codingblackfemales.sotw.ChildOrder@f79e, codingblackfemales.sotw.ChildOrder@7ee8290b, codingblackfemales.sotw.ChildOrder@1f59a598, codingblackfemales.sotw.ChildOrder@1e178745, codingblackfemales.sotw.ChildOrder@192c3f1e, codingblackfemales.sotw.ChildOrder@26b3fd41]
16:02:30.445 [main] INFO  c.container.Actioner - [ALGO] Actioner, sending action:CreateChildOrder(side=BUY,quantity=46,price=115)
16:02:30.445 [main] INFO  c.sequencer.consumer.LoggingConsumer - [24] [CreateOrder](sbeTemplateId=4|sbeSchemaId=2|sbeSchemaVersion=0|sbeBlockLength=33):instrumentId=0|price=115|quantity=46|side=BUY|orderId=13
16:02:30.445 [main] INFO  c.o.v.MutatingMatchOneOrderVisitor - [ORDERBOOK] visiting LevelOrderBookLevel(price=115,quantity=4954)
16:02:30.445 [main] INFO  c.o.v.MutatingMatchOneOrderVisitor - [ORDERBOOK] Have found order we can match:MktData(price=115,quantity=4954)(Limit(side=BUY,orderId=13,price=115,quantity=46))
16:02:30.446 [main] INFO  c.o.v.MutatingMatchOneOrderVisitor - [ORDERBOOK] Filled 46@115 for order:Limit(side=BUY,orderId=13,price=115,quantity=46)
16:02:30.446 [main] INFO  c.orderbook.channel.OrderChannel - [ORDERBOOK] publishing fill to stream: [FillOrder](sbeTemplateId=10|sbeSchemaId=2|sbeSchemaVersion=0|sbeBlockLength=24):orderId=13|quantity=46|price=115
16:02:30.446 [main] INFO  c.sequencer.consumer.LoggingConsumer - [25] [FillOrder](sbeTemplateId=10|sbeSchemaId=2|sbeSchemaVersion=0|sbeBlockLength=24):orderId=13|quantity=46|price=115
16:02:30.446 [main] INFO  c.gettingstarted.MyAlgoLogic - [MYALGO] In Algo Logic.... HeLlO
16:02:30.446 [main] INFO  c.gettingstarted.MyAlgoLogic - [MYALGO] The state of the order book is:
|----BID-----||----ASK----|
    100 @ 98  5000 @ 115
    200 @ 95  5600 @ 119
    300 @ 91          - 
|------------||-----------|

bid level is: BID[100@98] long bif level is: 3
ask level is: ASK[5000@115] bid at 2
ASK[5000@115]far touch 115price46
16:02:30.447 [main] INFO  c.gettingstarted.MyAlgoLogic - [MYALGO] Have:12 children, want 45, joining passive side of book with: 46 @ 115
CreateChildOrder(side=BUY,quantity=46,price=115)
active orders are [codingblackfemales.sotw.ChildOrder@291caca8, codingblackfemales.sotw.ChildOrder@385e9564, codingblackfemales.sotw.ChildOrder@5b94b04d, codingblackfemales.sotw.ChildOrder@8c3b9d, codingblackfemales.sotw.ChildOrder@4c39bec8, codingblackfemales.sotw.ChildOrder@f79e, codingblackfemales.sotw.ChildOrder@7ee8290b, codingblackfemales.sotw.ChildOrder@1f59a598, codingblackfemales.sotw.ChildOrder@1e178745, codingblackfemales.sotw.ChildOrder@192c3f1e, codingblackfemales.sotw.ChildOrder@26b3fd41, codingblackfemales.sotw.ChildOrder@7494f96a]
16:02:30.447 [main] INFO  c.container.Actioner - [ALGO] Actioner, sending action:CreateChildOrder(side=BUY,quantity=46,price=115)
16:02:30.447 [main] INFO  c.sequencer.consumer.LoggingConsumer - [26] [CreateOrder](sbeTemplateId=4|sbeSchemaId=2|sbeSchemaVersion=0|sbeBlockLength=33):instrumentId=0|price=115|quantity=46|side=BUY|orderId=14
16:02:30.447 [main] INFO  c.o.v.MutatingMatchOneOrderVisitor - [ORDERBOOK] visiting LevelOrderBookLevel(price=115,quantity=4908)
16:02:30.447 [main] INFO  c.o.v.MutatingMatchOneOrderVisitor - [ORDERBOOK] Have found order we can match:MktData(price=115,quantity=4908)(Limit(side=BUY,orderId=14,price=115,quantity=46))
16:02:30.448 [main] INFO  c.o.v.MutatingMatchOneOrderVisitor - [ORDERBOOK] Filled 46@115 for order:Limit(side=BUY,orderId=14,price=115,quantity=46)
16:02:30.448 [main] INFO  c.orderbook.channel.OrderChannel - [ORDERBOOK] publishing fill to stream: [FillOrder](sbeTemplateId=10|sbeSchemaId=2|sbeSchemaVersion=0|sbeBlockLength=24):orderId=14|quantity=46|price=115
16:02:30.448 [main] INFO  c.sequencer.consumer.LoggingConsumer - [27] [FillOrder](sbeTemplateId=10|sbeSchemaId=2|sbeSchemaVersion=0|sbeBlockLength=24):orderId=14|quantity=46|price=115
16:02:30.448 [main] INFO  c.gettingstarted.MyAlgoLogic - [MYALGO] In Algo Logic.... HeLlO
16:02:30.448 [main] INFO  c.gettingstarted.MyAlgoLogic - [MYALGO] The state of the order book is:
|----BID-----||----ASK----|
    100 @ 98  5000 @ 115
    200 @ 95  5600 @ 119
    300 @ 91          - 
|------------||-----------|

bid level is: BID[100@98] long bif level is: 3
ask level is: ASK[5000@115] bid at 2
ASK[5000@115]far touch 115price46
16:02:30.448 [main] INFO  c.gettingstarted.MyAlgoLogic - [MYALGO] Have:13 children, want 45, joining passive side of book with: 46 @ 115
CreateChildOrder(side=BUY,quantity=46,price=115)
active orders are [codingblackfemales.sotw.ChildOrder@291caca8, codingblackfemales.sotw.ChildOrder@385e9564, codingblackfemales.sotw.ChildOrder@5b94b04d, codingblackfemales.sotw.ChildOrder@8c3b9d, codingblackfemales.sotw.ChildOrder@4c39bec8, codingblackfemales.sotw.ChildOrder@f79e, codingblackfemales.sotw.ChildOrder@7ee8290b, codingblackfemales.sotw.ChildOrder@1f59a598, codingblackfemales.sotw.ChildOrder@1e178745, codingblackfemales.sotw.ChildOrder@192c3f1e, codingblackfemales.sotw.ChildOrder@26b3fd41, codingblackfemales.sotw.ChildOrder@7494f96a, codingblackfemales.sotw.ChildOrder@561b6512]
16:02:30.448 [main] INFO  c.container.Actioner - [ALGO] Actioner, sending action:CreateChildOrder(side=BUY,quantity=46,price=115)
16:02:30.449 [main] INFO  c.sequencer.consumer.LoggingConsumer - [28] [CreateOrder](sbeTemplateId=4|sbeSchemaId=2|sbeSchemaVersion=0|sbeBlockLength=33):instrumentId=0|price=115|quantity=46|side=BUY|orderId=15
16:02:30.449 [main] INFO  c.o.v.MutatingMatchOneOrderVisitor - [ORDERBOOK] visiting LevelOrderBookLevel(price=115,quantity=4862)
16:02:30.449 [main] INFO  c.o.v.MutatingMatchOneOrderVisitor - [ORDERBOOK] Have found order we can match:MktData(price=115,quantity=4862)(Limit(side=BUY,orderId=15,price=115,quantity=46))
16:02:30.449 [main] INFO  c.o.v.MutatingMatchOneOrderVisitor - [ORDERBOOK] Filled 46@115 for order:Limit(side=BUY,orderId=15,price=115,quantity=46)
16:02:30.449 [main] INFO  c.orderbook.channel.OrderChannel - [ORDERBOOK] publishing fill to stream: [FillOrder](sbeTemplateId=10|sbeSchemaId=2|sbeSchemaVersion=0|sbeBlockLength=24):orderId=15|quantity=46|price=115
16:02:30.449 [main] INFO  c.sequencer.consumer.LoggingConsumer - [29] [FillOrder](sbeTemplateId=10|sbeSchemaId=2|sbeSchemaVersion=0|sbeBlockLength=24):orderId=15|quantity=46|price=115
16:02:30.449 [main] INFO  c.gettingstarted.MyAlgoLogic - [MYALGO] In Algo Logic.... HeLlO
16:02:30.449 [main] INFO  c.gettingstarted.MyAlgoLogic - [MYALGO] The state of the order book is:
|----BID-----||----ASK----|
    100 @ 98  5000 @ 115
    200 @ 95  5600 @ 119
    300 @ 91          - 
|------------||-----------|

bid level is: BID[100@98] long bif level is: 3
ask level is: ASK[5000@115] bid at 2
ASK[5000@115]far touch 115price46
16:02:30.450 [main] INFO  c.gettingstarted.MyAlgoLogic - [MYALGO] Have:14 children, want 45, joining passive side of book with: 46 @ 115
CreateChildOrder(side=BUY,quantity=46,price=115)
active orders are [codingblackfemales.sotw.ChildOrder@291caca8, codingblackfemales.sotw.ChildOrder@385e9564, codingblackfemales.sotw.ChildOrder@5b94b04d, codingblackfemales.sotw.ChildOrder@8c3b9d, codingblackfemales.sotw.ChildOrder@4c39bec8, codingblackfemales.sotw.ChildOrder@f79e, codingblackfemales.sotw.ChildOrder@7ee8290b, codingblackfemales.sotw.ChildOrder@1f59a598, codingblackfemales.sotw.ChildOrder@1e178745, codingblackfemales.sotw.ChildOrder@192c3f1e, codingblackfemales.sotw.ChildOrder@26b3fd41, codingblackfemales.sotw.ChildOrder@7494f96a, codingblackfemales.sotw.ChildOrder@561b6512, codingblackfemales.sotw.ChildOrder@2e377400]
16:02:30.450 [main] INFO  c.container.Actioner - [ALGO] Actioner, sending action:CreateChildOrder(side=BUY,quantity=46,price=115)
16:02:30.450 [main] INFO  c.sequencer.consumer.LoggingConsumer - [30] [CreateOrder](sbeTemplateId=4|sbeSchemaId=2|sbeSchemaVersion=0|sbeBlockLength=33):instrumentId=0|price=115|quantity=46|side=BUY|orderId=16
16:02:30.450 [main] INFO  c.o.v.MutatingMatchOneOrderVisitor - [ORDERBOOK] visiting LevelOrderBookLevel(price=115,quantity=4816)
16:02:30.450 [main] INFO  c.o.v.MutatingMatchOneOrderVisitor - [ORDERBOOK] Have found order we can match:MktData(price=115,quantity=4816)(Limit(side=BUY,orderId=16,price=115,quantity=46))
16:02:30.450 [main] INFO  c.o.v.MutatingMatchOneOrderVisitor - [ORDERBOOK] Filled 46@115 for order:Limit(side=BUY,orderId=16,price=115,quantity=46)
16:02:30.450 [main] INFO  c.orderbook.channel.OrderChannel - [ORDERBOOK] publishing fill to stream: [FillOrder](sbeTemplateId=10|sbeSchemaId=2|sbeSchemaVersion=0|sbeBlockLength=24):orderId=16|quantity=46|price=115
16:02:30.451 [main] INFO  c.sequencer.consumer.LoggingConsumer - [31] [FillOrder](sbeTemplateId=10|sbeSchemaId=2|sbeSchemaVersion=0|sbeBlockLength=24):orderId=16|quantity=46|price=115
16:02:30.451 [main] INFO  c.gettingstarted.MyAlgoLogic - [MYALGO] In Algo Logic.... HeLlO
16:02:30.451 [main] INFO  c.gettingstarted.MyAlgoLogic - [MYALGO] The state of the order book is:
|----BID-----||----ASK----|
    100 @ 98  5000 @ 115
    200 @ 95  5600 @ 119
    300 @ 91          - 
|------------||-----------|

bid level is: BID[100@98] long bif level is: 3
ask level is: ASK[5000@115] bid at 2
ASK[5000@115]far touch 115price46
16:02:30.452 [main] INFO  c.gettingstarted.MyAlgoLogic - [MYALGO] Have:15 children, want 45, joining passive side of book with: 46 @ 115
CreateChildOrder(side=BUY,quantity=46,price=115)
active orders are [codingblackfemales.sotw.ChildOrder@291caca8, codingblackfemales.sotw.ChildOrder@385e9564, codingblackfemales.sotw.ChildOrder@5b94b04d, codingblackfemales.sotw.ChildOrder@8c3b9d, codingblackfemales.sotw.ChildOrder@4c39bec8, codingblackfemales.sotw.ChildOrder@f79e, codingblackfemales.sotw.ChildOrder@7ee8290b, codingblackfemales.sotw.ChildOrder@1f59a598, codingblackfemales.sotw.ChildOrder@1e178745, codingblackfemales.sotw.ChildOrder@192c3f1e, codingblackfemales.sotw.ChildOrder@26b3fd41, codingblackfemales.sotw.ChildOrder@7494f96a, codingblackfemales.sotw.ChildOrder@561b6512, codingblackfemales.sotw.ChildOrder@2e377400, codingblackfemales.sotw.ChildOrder@1757cd72]
16:02:30.452 [main] INFO  c.container.Actioner - [ALGO] Actioner, sending action:CreateChildOrder(side=BUY,quantity=46,price=115)
16:02:30.452 [main] INFO  c.sequencer.consumer.LoggingConsumer - [32] [CreateOrder](sbeTemplateId=4|sbeSchemaId=2|sbeSchemaVersion=0|sbeBlockLength=33):instrumentId=0|price=115|quantity=46|side=BUY|orderId=17
16:02:30.453 [main] INFO  c.o.v.MutatingMatchOneOrderVisitor - [ORDERBOOK] visiting LevelOrderBookLevel(price=115,quantity=4770)
16:02:30.453 [main] INFO  c.o.v.MutatingMatchOneOrderVisitor - [ORDERBOOK] Have found order we can match:MktData(price=115,quantity=4770)(Limit(side=BUY,orderId=17,price=115,quantity=46))
16:02:30.453 [main] INFO  c.o.v.MutatingMatchOneOrderVisitor - [ORDERBOOK] Filled 46@115 for order:Limit(side=BUY,orderId=17,price=115,quantity=46)
16:02:30.453 [main] INFO  c.orderbook.channel.OrderChannel - [ORDERBOOK] publishing fill to stream: [FillOrder](sbeTemplateId=10|sbeSchemaId=2|sbeSchemaVersion=0|sbeBlockLength=24):orderId=17|quantity=46|price=115
16:02:30.453 [main] INFO  c.sequencer.consumer.LoggingConsumer - [33] [FillOrder](sbeTemplateId=10|sbeSchemaId=2|sbeSchemaVersion=0|sbeBlockLength=24):orderId=17|quantity=46|price=115
16:02:30.453 [main] INFO  c.gettingstarted.MyAlgoLogic - [MYALGO] In Algo Logic.... HeLlO
16:02:30.453 [main] INFO  c.gettingstarted.MyAlgoLogic - [MYALGO] The state of the order book is:
|----BID-----||----ASK----|
    100 @ 98  5000 @ 115
    200 @ 95  5600 @ 119
    300 @ 91          - 
|------------||-----------|

bid level is: BID[100@98] long bif level is: 3
ask level is: ASK[5000@115] bid at 2
ASK[5000@115]far touch 115price46
16:02:30.454 [main] INFO  c.gettingstarted.MyAlgoLogic - [MYALGO] Have:16 children, want 45, joining passive side of book with: 46 @ 115
CreateChildOrder(side=BUY,quantity=46,price=115)
active orders are [codingblackfemales.sotw.ChildOrder@291caca8, codingblackfemales.sotw.ChildOrder@385e9564, codingblackfemales.sotw.ChildOrder@5b94b04d, codingblackfemales.sotw.ChildOrder@8c3b9d, codingblackfemales.sotw.ChildOrder@4c39bec8, codingblackfemales.sotw.ChildOrder@f79e, codingblackfemales.sotw.ChildOrder@7ee8290b, codingblackfemales.sotw.ChildOrder@1f59a598, codingblackfemales.sotw.ChildOrder@1e178745, codingblackfemales.sotw.ChildOrder@192c3f1e, codingblackfemales.sotw.ChildOrder@26b3fd41, codingblackfemales.sotw.ChildOrder@7494f96a, codingblackfemales.sotw.ChildOrder@561b6512, codingblackfemales.sotw.ChildOrder@2e377400, codingblackfemales.sotw.ChildOrder@1757cd72, codingblackfemales.sotw.ChildOrder@445b295b]
16:02:30.454 [main] INFO  c.container.Actioner - [ALGO] Actioner, sending action:CreateChildOrder(side=BUY,quantity=46,price=115)
16:02:30.454 [main] INFO  c.sequencer.consumer.LoggingConsumer - [34] [CreateOrder](sbeTemplateId=4|sbeSchemaId=2|sbeSchemaVersion=0|sbeBlockLength=33):instrumentId=0|price=115|quantity=46|side=BUY|orderId=18
16:02:30.454 [main] INFO  c.o.v.MutatingMatchOneOrderVisitor - [ORDERBOOK] visiting LevelOrderBookLevel(price=115,quantity=4724)
16:02:30.454 [main] INFO  c.o.v.MutatingMatchOneOrderVisitor - [ORDERBOOK] Have found order we can match:MktData(price=115,quantity=4724)(Limit(side=BUY,orderId=18,price=115,quantity=46))
16:02:30.454 [main] INFO  c.o.v.MutatingMatchOneOrderVisitor - [ORDERBOOK] Filled 46@115 for order:Limit(side=BUY,orderId=18,price=115,quantity=46)
16:02:30.454 [main] INFO  c.orderbook.channel.OrderChannel - [ORDERBOOK] publishing fill to stream: [FillOrder](sbeTemplateId=10|sbeSchemaId=2|sbeSchemaVersion=0|sbeBlockLength=24):orderId=18|quantity=46|price=115
16:02:30.454 [main] INFO  c.sequencer.consumer.LoggingConsumer - [35] [FillOrder](sbeTemplateId=10|sbeSchemaId=2|sbeSchemaVersion=0|sbeBlockLength=24):orderId=18|quantity=46|price=115
16:02:30.454 [main] INFO  c.gettingstarted.MyAlgoLogic - [MYALGO] In Algo Logic.... HeLlO
16:02:30.455 [main] INFO  c.gettingstarted.MyAlgoLogic - [MYALGO] The state of the order book is:
|----BID-----||----ASK----|
    100 @ 98  5000 @ 115
    200 @ 95  5600 @ 119
    300 @ 91          - 
|------------||-----------|

bid level is: BID[100@98] long bif level is: 3
ask level is: ASK[5000@115] bid at 2
ASK[5000@115]far touch 115price46
16:02:30.455 [main] INFO  c.gettingstarted.MyAlgoLogic - [MYALGO] Have:17 children, want 45, joining passive side of book with: 46 @ 115
CreateChildOrder(side=BUY,quantity=46,price=115)
active orders are [codingblackfemales.sotw.ChildOrder@291caca8, codingblackfemales.sotw.ChildOrder@385e9564, codingblackfemales.sotw.ChildOrder@5b94b04d, codingblackfemales.sotw.ChildOrder@8c3b9d, codingblackfemales.sotw.ChildOrder@4c39bec8, codingblackfemales.sotw.ChildOrder@f79e, codingblackfemales.sotw.ChildOrder@7ee8290b, codingblackfemales.sotw.ChildOrder@1f59a598, codingblackfemales.sotw.ChildOrder@1e178745, codingblackfemales.sotw.ChildOrder@192c3f1e, codingblackfemales.sotw.ChildOrder@26b3fd41, codingblackfemales.sotw.ChildOrder@7494f96a, codingblackfemales.sotw.ChildOrder@561b6512, codingblackfemales.sotw.ChildOrder@2e377400, codingblackfemales.sotw.ChildOrder@1757cd72, codingblackfemales.sotw.ChildOrder@445b295b, codingblackfemales.sotw.ChildOrder@49e5f737]
16:02:30.457 [main] INFO  c.container.Actioner - [ALGO] Actioner, sending action:CreateChildOrder(side=BUY,quantity=46,price=115)
16:02:30.458 [main] INFO  c.sequencer.consumer.LoggingConsumer - [36] [CreateOrder](sbeTemplateId=4|sbeSchemaId=2|sbeSchemaVersion=0|sbeBlockLength=33):instrumentId=0|price=115|quantity=46|side=BUY|orderId=19
16:02:30.458 [main] INFO  c.o.v.MutatingMatchOneOrderVisitor - [ORDERBOOK] visiting LevelOrderBookLevel(price=115,quantity=4678)
16:02:30.458 [main] INFO  c.o.v.MutatingMatchOneOrderVisitor - [ORDERBOOK] Have found order we can match:MktData(price=115,quantity=4678)(Limit(side=BUY,orderId=19,price=115,quantity=46))
16:02:30.459 [main] INFO  c.o.v.MutatingMatchOneOrderVisitor - [ORDERBOOK] Filled 46@115 for order:Limit(side=BUY,orderId=19,price=115,quantity=46)
16:02:30.459 [main] INFO  c.orderbook.channel.OrderChannel - [ORDERBOOK] publishing fill to stream: [FillOrder](sbeTemplateId=10|sbeSchemaId=2|sbeSchemaVersion=0|sbeBlockLength=24):orderId=19|quantity=46|price=115
16:02:30.460 [main] INFO  c.sequencer.consumer.LoggingConsumer - [37] [FillOrder](sbeTemplateId=10|sbeSchemaId=2|sbeSchemaVersion=0|sbeBlockLength=24):orderId=19|quantity=46|price=115
16:02:30.460 [main] INFO  c.gettingstarted.MyAlgoLogic - [MYALGO] In Algo Logic.... HeLlO
16:02:30.460 [main] INFO  c.gettingstarted.MyAlgoLogic - [MYALGO] The state of the order book is:
|----BID-----||----ASK----|
    100 @ 98  5000 @ 115
    200 @ 95  5600 @ 119
    300 @ 91          - 
|------------||-----------|

bid level is: BID[100@98] long bif level is: 3
ask level is: ASK[5000@115] bid at 2
ASK[5000@115]far touch 115price46
16:02:30.461 [main] INFO  c.gettingstarted.MyAlgoLogic - [MYALGO] Have:18 children, want 45, joining passive side of book with: 46 @ 115
CreateChildOrder(side=BUY,quantity=46,price=115)
active orders are [codingblackfemales.sotw.ChildOrder@291caca8, codingblackfemales.sotw.ChildOrder@385e9564, codingblackfemales.sotw.ChildOrder@5b94b04d, codingblackfemales.sotw.ChildOrder@8c3b9d, codingblackfemales.sotw.ChildOrder@4c39bec8, codingblackfemales.sotw.ChildOrder@f79e, codingblackfemales.sotw.ChildOrder@7ee8290b, codingblackfemales.sotw.ChildOrder@1f59a598, codingblackfemales.sotw.ChildOrder@1e178745, codingblackfemales.sotw.ChildOrder@192c3f1e, codingblackfemales.sotw.ChildOrder@26b3fd41, codingblackfemales.sotw.ChildOrder@7494f96a, codingblackfemales.sotw.ChildOrder@561b6512, codingblackfemales.sotw.ChildOrder@2e377400, codingblackfemales.sotw.ChildOrder@1757cd72, codingblackfemales.sotw.ChildOrder@445b295b, codingblackfemales.sotw.ChildOrder@49e5f737, codingblackfemales.sotw.ChildOrder@5c671d7f]
16:02:30.461 [main] INFO  c.container.Actioner - [ALGO] Actioner, sending action:CreateChildOrder(side=BUY,quantity=46,price=115)
16:02:30.461 [main] INFO  c.sequencer.consumer.LoggingConsumer - [38] [CreateOrder](sbeTemplateId=4|sbeSchemaId=2|sbeSchemaVersion=0|sbeBlockLength=33):instrumentId=0|price=115|quantity=46|side=BUY|orderId=20
16:02:30.461 [main] INFO  c.o.v.MutatingMatchOneOrderVisitor - [ORDERBOOK] visiting LevelOrderBookLevel(price=115,quantity=4632)
16:02:30.461 [main] INFO  c.o.v.MutatingMatchOneOrderVisitor - [ORDERBOOK] Have found order we can match:MktData(price=115,quantity=4632)(Limit(side=BUY,orderId=20,price=115,quantity=46))
16:02:30.461 [main] INFO  c.o.v.MutatingMatchOneOrderVisitor - [ORDERBOOK] Filled 46@115 for order:Limit(side=BUY,orderId=20,price=115,quantity=46)
16:02:30.461 [main] INFO  c.orderbook.channel.OrderChannel - [ORDERBOOK] publishing fill to stream: [FillOrder](sbeTemplateId=10|sbeSchemaId=2|sbeSchemaVersion=0|sbeBlockLength=24):orderId=20|quantity=46|price=115
16:02:30.461 [main] INFO  c.sequencer.consumer.LoggingConsumer - [39] [FillOrder](sbeTemplateId=10|sbeSchemaId=2|sbeSchemaVersion=0|sbeBlockLength=24):orderId=20|quantity=46|price=115
16:02:30.461 [main] INFO  c.gettingstarted.MyAlgoLogic - [MYALGO] In Algo Logic.... HeLlO
16:02:30.462 [main] INFO  c.gettingstarted.MyAlgoLogic - [MYALGO] The state of the order book is:
|----BID-----||----ASK----|
    100 @ 98  5000 @ 115
    200 @ 95  5600 @ 119
    300 @ 91          - 
|------------||-----------|

bid level is: BID[100@98] long bif level is: 3
ask level is: ASK[5000@115] bid at 2
ASK[5000@115]far touch 115price46
16:02:30.464 [main] INFO  c.gettingstarted.MyAlgoLogic - [MYALGO] Have:19 children, want 45, joining passive side of book with: 46 @ 115
CreateChildOrder(side=BUY,quantity=46,price=115)
active orders are [codingblackfemales.sotw.ChildOrder@291caca8, codingblackfemales.sotw.ChildOrder@385e9564, codingblackfemales.sotw.ChildOrder@5b94b04d, codingblackfemales.sotw.ChildOrder@8c3b9d, codingblackfemales.sotw.ChildOrder@4c39bec8, codingblackfemales.sotw.ChildOrder@f79e, codingblackfemales.sotw.ChildOrder@7ee8290b, codingblackfemales.sotw.ChildOrder@1f59a598, codingblackfemales.sotw.ChildOrder@1e178745, codingblackfemales.sotw.ChildOrder@192c3f1e, codingblackfemales.sotw.ChildOrder@26b3fd41, codingblackfemales.sotw.ChildOrder@7494f96a, codingblackfemales.sotw.ChildOrder@561b6512, codingblackfemales.sotw.ChildOrder@2e377400, codingblackfemales.sotw.ChildOrder@1757cd72, codingblackfemales.sotw.ChildOrder@445b295b, codingblackfemales.sotw.ChildOrder@49e5f737, codingblackfemales.sotw.ChildOrder@5c671d7f, codingblackfemales.sotw.ChildOrder@757277dc]
16:02:30.464 [main] INFO  c.container.Actioner - [ALGO] Actioner, sending action:CreateChildOrder(side=BUY,quantity=46,price=115)
16:02:30.464 [main] INFO  c.sequencer.consumer.LoggingConsumer - [40] [CreateOrder](sbeTemplateId=4|sbeSchemaId=2|sbeSchemaVersion=0|sbeBlockLength=33):instrumentId=0|price=115|quantity=46|side=BUY|orderId=21
16:02:30.464 [main] INFO  c.o.v.MutatingMatchOneOrderVisitor - [ORDERBOOK] visiting LevelOrderBookLevel(price=115,quantity=4586)
16:02:30.465 [main] INFO  c.o.v.MutatingMatchOneOrderVisitor - [ORDERBOOK] Have found order we can match:MktData(price=115,quantity=4586)(Limit(side=BUY,orderId=21,price=115,quantity=46))
16:02:30.465 [main] INFO  c.o.v.MutatingMatchOneOrderVisitor - [ORDERBOOK] Filled 46@115 for order:Limit(side=BUY,orderId=21,price=115,quantity=46)
16:02:30.465 [main] INFO  c.orderbook.channel.OrderChannel - [ORDERBOOK] publishing fill to stream: [FillOrder](sbeTemplateId=10|sbeSchemaId=2|sbeSchemaVersion=0|sbeBlockLength=24):orderId=21|quantity=46|price=115
16:02:30.465 [main] INFO  c.sequencer.consumer.LoggingConsumer - [41] [FillOrder](sbeTemplateId=10|sbeSchemaId=2|sbeSchemaVersion=0|sbeBlockLength=24):orderId=21|quantity=46|price=115
16:02:30.465 [main] INFO  c.gettingstarted.MyAlgoLogic - [MYALGO] In Algo Logic.... HeLlO
16:02:30.465 [main] INFO  c.gettingstarted.MyAlgoLogic - [MYALGO] The state of the order book is:
|----BID-----||----ASK----|
    100 @ 98  5000 @ 115
    200 @ 95  5600 @ 119
    300 @ 91          - 
|------------||-----------|

bid level is: BID[100@98] long bif level is: 3
ask level is: ASK[5000@115] bid at 2
ASK[5000@115]far touch 115price46
16:02:30.466 [main] INFO  c.gettingstarted.MyAlgoLogic - [MYALGO] Have:20 children, want 45, joining passive side of book with: 46 @ 115
CreateChildOrder(side=BUY,quantity=46,price=115)
active orders are [codingblackfemales.sotw.ChildOrder@291caca8, codingblackfemales.sotw.ChildOrder@385e9564, codingblackfemales.sotw.ChildOrder@5b94b04d, codingblackfemales.sotw.ChildOrder@8c3b9d, codingblackfemales.sotw.ChildOrder@4c39bec8, codingblackfemales.sotw.ChildOrder@f79e, codingblackfemales.sotw.ChildOrder@7ee8290b, codingblackfemales.sotw.ChildOrder@1f59a598, codingblackfemales.sotw.ChildOrder@1e178745, codingblackfemales.sotw.ChildOrder@192c3f1e, codingblackfemales.sotw.ChildOrder@26b3fd41, codingblackfemales.sotw.ChildOrder@7494f96a, codingblackfemales.sotw.ChildOrder@561b6512, codingblackfemales.sotw.ChildOrder@2e377400, codingblackfemales.sotw.ChildOrder@1757cd72, codingblackfemales.sotw.ChildOrder@445b295b, codingblackfemales.sotw.ChildOrder@49e5f737, codingblackfemales.sotw.ChildOrder@5c671d7f, codingblackfemales.sotw.ChildOrder@757277dc, codingblackfemales.sotw.ChildOrder@687e99d8]
16:02:30.466 [main] INFO  c.container.Actioner - [ALGO] Actioner, sending action:CreateChildOrder(side=BUY,quantity=46,price=115)
16:02:30.466 [main] INFO  c.sequencer.consumer.LoggingConsumer - [42] [CreateOrder](sbeTemplateId=4|sbeSchemaId=2|sbeSchemaVersion=0|sbeBlockLength=33):instrumentId=0|price=115|quantity=46|side=BUY|orderId=22
16:02:30.466 [main] INFO  c.o.v.MutatingMatchOneOrderVisitor - [ORDERBOOK] visiting LevelOrderBookLevel(price=115,quantity=4540)
16:02:30.466 [main] INFO  c.o.v.MutatingMatchOneOrderVisitor - [ORDERBOOK] Have found order we can match:MktData(price=115,quantity=4540)(Limit(side=BUY,orderId=22,price=115,quantity=46))
16:02:30.466 [main] INFO  c.o.v.MutatingMatchOneOrderVisitor - [ORDERBOOK] Filled 46@115 for order:Limit(side=BUY,orderId=22,price=115,quantity=46)
16:02:30.466 [main] INFO  c.orderbook.channel.OrderChannel - [ORDERBOOK] publishing fill to stream: [FillOrder](sbeTemplateId=10|sbeSchemaId=2|sbeSchemaVersion=0|sbeBlockLength=24):orderId=22|quantity=46|price=115
16:02:30.466 [main] INFO  c.sequencer.consumer.LoggingConsumer - [43] [FillOrder](sbeTemplateId=10|sbeSchemaId=2|sbeSchemaVersion=0|sbeBlockLength=24):orderId=22|quantity=46|price=115
16:02:30.466 [main] INFO  c.gettingstarted.MyAlgoLogic - [MYALGO] In Algo Logic.... HeLlO
16:02:30.466 [main] INFO  c.gettingstarted.MyAlgoLogic - [MYALGO] The state of the order book is:
|----BID-----||----ASK----|
    100 @ 98  5000 @ 115
    200 @ 95  5600 @ 119
    300 @ 91          - 
|------------||-----------|

bid level is: BID[100@98] long bif level is: 3
ask level is: ASK[5000@115] bid at 2
ASK[5000@115]far touch 115price46
16:02:30.467 [main] INFO  c.gettingstarted.MyAlgoLogic - [MYALGO] Have:21 children, want 45, joining passive side of book with: 46 @ 115
CreateChildOrder(side=BUY,quantity=46,price=115)
active orders are [codingblackfemales.sotw.ChildOrder@291caca8, codingblackfemales.sotw.ChildOrder@385e9564, codingblackfemales.sotw.ChildOrder@5b94b04d, codingblackfemales.sotw.ChildOrder@8c3b9d, codingblackfemales.sotw.ChildOrder@4c39bec8, codingblackfemales.sotw.ChildOrder@f79e, codingblackfemales.sotw.ChildOrder@7ee8290b, codingblackfemales.sotw.ChildOrder@1f59a598, codingblackfemales.sotw.ChildOrder@1e178745, codingblackfemales.sotw.ChildOrder@192c3f1e, codingblackfemales.sotw.ChildOrder@26b3fd41, codingblackfemales.sotw.ChildOrder@7494f96a, codingblackfemales.sotw.ChildOrder@561b6512, codingblackfemales.sotw.ChildOrder@2e377400, codingblackfemales.sotw.ChildOrder@1757cd72, codingblackfemales.sotw.ChildOrder@445b295b, codingblackfemales.sotw.ChildOrder@49e5f737, codingblackfemales.sotw.ChildOrder@5c671d7f, codingblackfemales.sotw.ChildOrder@757277dc, codingblackfemales.sotw.ChildOrder@687e99d8, codingblackfemales.sotw.ChildOrder@e4487af]
16:02:30.467 [main] INFO  c.container.Actioner - [ALGO] Actioner, sending action:CreateChildOrder(side=BUY,quantity=46,price=115)
16:02:30.467 [main] INFO  c.sequencer.consumer.LoggingConsumer - [44] [CreateOrder](sbeTemplateId=4|sbeSchemaId=2|sbeSchemaVersion=0|sbeBlockLength=33):instrumentId=0|price=115|quantity=46|side=BUY|orderId=23
16:02:30.467 [main] INFO  c.o.v.MutatingMatchOneOrderVisitor - [ORDERBOOK] visiting LevelOrderBookLevel(price=115,quantity=4494)
16:02:30.467 [main] INFO  c.o.v.MutatingMatchOneOrderVisitor - [ORDERBOOK] Have found order we can match:MktData(price=115,quantity=4494)(Limit(side=BUY,orderId=23,price=115,quantity=46))
16:02:30.467 [main] INFO  c.o.v.MutatingMatchOneOrderVisitor - [ORDERBOOK] Filled 46@115 for order:Limit(side=BUY,orderId=23,price=115,quantity=46)
16:02:30.467 [main] INFO  c.orderbook.channel.OrderChannel - [ORDERBOOK] publishing fill to stream: [FillOrder](sbeTemplateId=10|sbeSchemaId=2|sbeSchemaVersion=0|sbeBlockLength=24):orderId=23|quantity=46|price=115
16:02:30.467 [main] INFO  c.sequencer.consumer.LoggingConsumer - [45] [FillOrder](sbeTemplateId=10|sbeSchemaId=2|sbeSchemaVersion=0|sbeBlockLength=24):orderId=23|quantity=46|price=115
16:02:30.468 [main] INFO  c.gettingstarted.MyAlgoLogic - [MYALGO] In Algo Logic.... HeLlO
16:02:30.468 [main] INFO  c.gettingstarted.MyAlgoLogic - [MYALGO] The state of the order book is:
|----BID-----||----ASK----|
    100 @ 98  5000 @ 115
    200 @ 95  5600 @ 119
    300 @ 91          - 
|------------||-----------|

bid level is: BID[100@98] long bif level is: 3
ask level is: ASK[5000@115] bid at 2
ASK[5000@115]far touch 115price46
16:02:30.468 [main] INFO  c.gettingstarted.MyAlgoLogic - [MYALGO] Have:22 children, want 45, joining passive side of book with: 46 @ 115
CreateChildOrder(side=BUY,quantity=46,price=115)
active orders are [codingblackfemales.sotw.ChildOrder@291caca8, codingblackfemales.sotw.ChildOrder@385e9564, codingblackfemales.sotw.ChildOrder@5b94b04d, codingblackfemales.sotw.ChildOrder@8c3b9d, codingblackfemales.sotw.ChildOrder@4c39bec8, codingblackfemales.sotw.ChildOrder@f79e, codingblackfemales.sotw.ChildOrder@7ee8290b, codingblackfemales.sotw.ChildOrder@1f59a598, codingblackfemales.sotw.ChildOrder@1e178745, codingblackfemales.sotw.ChildOrder@192c3f1e, codingblackfemales.sotw.ChildOrder@26b3fd41, codingblackfemales.sotw.ChildOrder@7494f96a, codingblackfemales.sotw.ChildOrder@561b6512, codingblackfemales.sotw.ChildOrder@2e377400, codingblackfemales.sotw.ChildOrder@1757cd72, codingblackfemales.sotw.ChildOrder@445b295b, codingblackfemales.sotw.ChildOrder@49e5f737, codingblackfemales.sotw.ChildOrder@5c671d7f, codingblackfemales.sotw.ChildOrder@757277dc, codingblackfemales.sotw.ChildOrder@687e99d8, codingblackfemales.sotw.ChildOrder@e4487af, codingblackfemales.sotw.ChildOrder@6aaceffd]
16:02:30.468 [main] INFO  c.container.Actioner - [ALGO] Actioner, sending action:CreateChildOrder(side=BUY,quantity=46,price=115)
16:02:30.469 [main] INFO  c.sequencer.consumer.LoggingConsumer - [46] [CreateOrder](sbeTemplateId=4|sbeSchemaId=2|sbeSchemaVersion=0|sbeBlockLength=33):instrumentId=0|price=115|quantity=46|side=BUY|orderId=24
16:02:30.469 [main] INFO  c.o.v.MutatingMatchOneOrderVisitor - [ORDERBOOK] visiting LevelOrderBookLevel(price=115,quantity=4448)
16:02:30.469 [main] INFO  c.o.v.MutatingMatchOneOrderVisitor - [ORDERBOOK] Have found order we can match:MktData(price=115,quantity=4448)(Limit(side=BUY,orderId=24,price=115,quantity=46))
16:02:30.469 [main] INFO  c.o.v.MutatingMatchOneOrderVisitor - [ORDERBOOK] Filled 46@115 for order:Limit(side=BUY,orderId=24,price=115,quantity=46)
16:02:30.469 [main] INFO  c.orderbook.channel.OrderChannel - [ORDERBOOK] publishing fill to stream: [FillOrder](sbeTemplateId=10|sbeSchemaId=2|sbeSchemaVersion=0|sbeBlockLength=24):orderId=24|quantity=46|price=115
16:02:30.469 [main] INFO  c.sequencer.consumer.LoggingConsumer - [47] [FillOrder](sbeTemplateId=10|sbeSchemaId=2|sbeSchemaVersion=0|sbeBlockLength=24):orderId=24|quantity=46|price=115
16:02:30.469 [main] INFO  c.gettingstarted.MyAlgoLogic - [MYALGO] In Algo Logic.... HeLlO
16:02:30.469 [main] INFO  c.gettingstarted.MyAlgoLogic - [MYALGO] The state of the order book is:
|----BID-----||----ASK----|
    100 @ 98  5000 @ 115
    200 @ 95  5600 @ 119
    300 @ 91          - 
|------------||-----------|

bid level is: BID[100@98] long bif level is: 3
ask level is: ASK[5000@115] bid at 2
ASK[5000@115]far touch 115price46
16:02:30.469 [main] INFO  c.gettingstarted.MyAlgoLogic - [MYALGO] Have:23 children, want 45, joining passive side of book with: 46 @ 115
CreateChildOrder(side=BUY,quantity=46,price=115)
active orders are [codingblackfemales.sotw.ChildOrder@291caca8, codingblackfemales.sotw.ChildOrder@385e9564, codingblackfemales.sotw.ChildOrder@5b94b04d, codingblackfemales.sotw.ChildOrder@8c3b9d, codingblackfemales.sotw.ChildOrder@4c39bec8, codingblackfemales.sotw.ChildOrder@f79e, codingblackfemales.sotw.ChildOrder@7ee8290b, codingblackfemales.sotw.ChildOrder@1f59a598, codingblackfemales.sotw.ChildOrder@1e178745, codingblackfemales.sotw.ChildOrder@192c3f1e, codingblackfemales.sotw.ChildOrder@26b3fd41, codingblackfemales.sotw.ChildOrder@7494f96a, codingblackfemales.sotw.ChildOrder@561b6512, codingblackfemales.sotw.ChildOrder@2e377400, codingblackfemales.sotw.ChildOrder@1757cd72, codingblackfemales.sotw.ChildOrder@445b295b, codingblackfemales.sotw.ChildOrder@49e5f737, codingblackfemales.sotw.ChildOrder@5c671d7f, codingblackfemales.sotw.ChildOrder@757277dc, codingblackfemales.sotw.ChildOrder@687e99d8, codingblackfemales.sotw.ChildOrder@e4487af, codingblackfemales.sotw.ChildOrder@6aaceffd, codingblackfemales.sotw.ChildOrder@c86b9e3]
16:02:30.470 [main] INFO  c.container.Actioner - [ALGO] Actioner, sending action:CreateChildOrder(side=BUY,quantity=46,price=115)
16:02:30.470 [main] INFO  c.sequencer.consumer.LoggingConsumer - [48] [CreateOrder](sbeTemplateId=4|sbeSchemaId=2|sbeSchemaVersion=0|sbeBlockLength=33):instrumentId=0|price=115|quantity=46|side=BUY|orderId=25
16:02:30.470 [main] INFO  c.o.v.MutatingMatchOneOrderVisitor - [ORDERBOOK] visiting LevelOrderBookLevel(price=115,quantity=4402)
16:02:30.470 [main] INFO  c.o.v.MutatingMatchOneOrderVisitor - [ORDERBOOK] Have found order we can match:MktData(price=115,quantity=4402)(Limit(side=BUY,orderId=25,price=115,quantity=46))
16:02:30.470 [main] INFO  c.o.v.MutatingMatchOneOrderVisitor - [ORDERBOOK] Filled 46@115 for order:Limit(side=BUY,orderId=25,price=115,quantity=46)
16:02:30.470 [main] INFO  c.orderbook.channel.OrderChannel - [ORDERBOOK] publishing fill to stream: [FillOrder](sbeTemplateId=10|sbeSchemaId=2|sbeSchemaVersion=0|sbeBlockLength=24):orderId=25|quantity=46|price=115
16:02:30.470 [main] INFO  c.sequencer.consumer.LoggingConsumer - [49] [FillOrder](sbeTemplateId=10|sbeSchemaId=2|sbeSchemaVersion=0|sbeBlockLength=24):orderId=25|quantity=46|price=115
16:02:30.470 [main] INFO  c.gettingstarted.MyAlgoLogic - [MYALGO] In Algo Logic.... HeLlO
16:02:30.470 [main] INFO  c.gettingstarted.MyAlgoLogic - [MYALGO] The state of the order book is:
|----BID-----||----ASK----|
    100 @ 98  5000 @ 115
    200 @ 95  5600 @ 119
    300 @ 91          - 
|------------||-----------|

bid level is: BID[100@98] long bif level is: 3
ask level is: ASK[5000@115] bid at 2
ASK[5000@115]far touch 115price46
16:02:30.470 [main] INFO  c.gettingstarted.MyAlgoLogic - [MYALGO] Have:24 children, want 45, joining passive side of book with: 46 @ 115
CreateChildOrder(side=BUY,quantity=46,price=115)
active orders are [codingblackfemales.sotw.ChildOrder@291caca8, codingblackfemales.sotw.ChildOrder@385e9564, codingblackfemales.sotw.ChildOrder@5b94b04d, codingblackfemales.sotw.ChildOrder@8c3b9d, codingblackfemales.sotw.ChildOrder@4c39bec8, codingblackfemales.sotw.ChildOrder@f79e, codingblackfemales.sotw.ChildOrder@7ee8290b, codingblackfemales.sotw.ChildOrder@1f59a598, codingblackfemales.sotw.ChildOrder@1e178745, codingblackfemales.sotw.ChildOrder@192c3f1e, codingblackfemales.sotw.ChildOrder@26b3fd41, codingblackfemales.sotw.ChildOrder@7494f96a, codingblackfemales.sotw.ChildOrder@561b6512, codingblackfemales.sotw.ChildOrder@2e377400, codingblackfemales.sotw.ChildOrder@1757cd72, codingblackfemales.sotw.ChildOrder@445b295b, codingblackfemales.sotw.ChildOrder@49e5f737, codingblackfemales.sotw.ChildOrder@5c671d7f, codingblackfemales.sotw.ChildOrder@757277dc, codingblackfemales.sotw.ChildOrder@687e99d8, codingblackfemales.sotw.ChildOrder@e4487af, codingblackfemales.sotw.ChildOrder@6aaceffd, codingblackfemales.sotw.ChildOrder@c86b9e3, codingblackfemales.sotw.ChildOrder@10aa41f2]
16:02:30.471 [main] INFO  c.container.Actioner - [ALGO] Actioner, sending action:CreateChildOrder(side=BUY,quantity=46,price=115)
16:02:30.471 [main] INFO  c.sequencer.consumer.LoggingConsumer - [50] [CreateOrder](sbeTemplateId=4|sbeSchemaId=2|sbeSchemaVersion=0|sbeBlockLength=33):instrumentId=0|price=115|quantity=46|side=BUY|orderId=26
16:02:30.471 [main] INFO  c.o.v.MutatingMatchOneOrderVisitor - [ORDERBOOK] visiting LevelOrderBookLevel(price=115,quantity=4356)
16:02:30.471 [main] INFO  c.o.v.MutatingMatchOneOrderVisitor - [ORDERBOOK] Have found order we can match:MktData(price=115,quantity=4356)(Limit(side=BUY,orderId=26,price=115,quantity=46))
16:02:30.471 [main] INFO  c.o.v.MutatingMatchOneOrderVisitor - [ORDERBOOK] Filled 46@115 for order:Limit(side=BUY,orderId=26,price=115,quantity=46)
16:02:30.471 [main] INFO  c.orderbook.channel.OrderChannel - [ORDERBOOK] publishing fill to stream: [FillOrder](sbeTemplateId=10|sbeSchemaId=2|sbeSchemaVersion=0|sbeBlockLength=24):orderId=26|quantity=46|price=115
16:02:30.471 [main] INFO  c.sequencer.consumer.LoggingConsumer - [51] [FillOrder](sbeTemplateId=10|sbeSchemaId=2|sbeSchemaVersion=0|sbeBlockLength=24):orderId=26|quantity=46|price=115
16:02:30.471 [main] INFO  c.gettingstarted.MyAlgoLogic - [MYALGO] In Algo Logic.... HeLlO
16:02:30.471 [main] INFO  c.gettingstarted.MyAlgoLogic - [MYALGO] The state of the order book is:
|----BID-----||----ASK----|
    100 @ 98  5000 @ 115
    200 @ 95  5600 @ 119
    300 @ 91          - 
|------------||-----------|

bid level is: BID[100@98] long bif level is: 3
ask level is: ASK[5000@115] bid at 2
ASK[5000@115]far touch 115price46
16:02:30.471 [main] INFO  c.gettingstarted.MyAlgoLogic - [MYALGO] Have:25 children, want 45, joining passive side of book with: 46 @ 115
CreateChildOrder(side=BUY,quantity=46,price=115)
active orders are [codingblackfemales.sotw.ChildOrder@291caca8, codingblackfemales.sotw.ChildOrder@385e9564, codingblackfemales.sotw.ChildOrder@5b94b04d, codingblackfemales.sotw.ChildOrder@8c3b9d, codingblackfemales.sotw.ChildOrder@4c39bec8, codingblackfemales.sotw.ChildOrder@f79e, codingblackfemales.sotw.ChildOrder@7ee8290b, codingblackfemales.sotw.ChildOrder@1f59a598, codingblackfemales.sotw.ChildOrder@1e178745, codingblackfemales.sotw.ChildOrder@192c3f1e, codingblackfemales.sotw.ChildOrder@26b3fd41, codingblackfemales.sotw.ChildOrder@7494f96a, codingblackfemales.sotw.ChildOrder@561b6512, codingblackfemales.sotw.ChildOrder@2e377400, codingblackfemales.sotw.ChildOrder@1757cd72, codingblackfemales.sotw.ChildOrder@445b295b, codingblackfemales.sotw.ChildOrder@49e5f737, codingblackfemales.sotw.ChildOrder@5c671d7f, codingblackfemales.sotw.ChildOrder@757277dc, codingblackfemales.sotw.ChildOrder@687e99d8, codingblackfemales.sotw.ChildOrder@e4487af, codingblackfemales.sotw.ChildOrder@6aaceffd, codingblackfemales.sotw.ChildOrder@c86b9e3, codingblackfemales.sotw.ChildOrder@10aa41f2, codingblackfemales.sotw.ChildOrder@3af9c5b7]
16:02:30.471 [main] INFO  c.container.Actioner - [ALGO] Actioner, sending action:CreateChildOrder(side=BUY,quantity=46,price=115)
16:02:30.472 [main] INFO  c.sequencer.consumer.LoggingConsumer - [52] [CreateOrder](sbeTemplateId=4|sbeSchemaId=2|sbeSchemaVersion=0|sbeBlockLength=33):instrumentId=0|price=115|quantity=46|side=BUY|orderId=27
16:02:30.472 [main] INFO  c.o.v.MutatingMatchOneOrderVisitor - [ORDERBOOK] visiting LevelOrderBookLevel(price=115,quantity=4310)
16:02:30.472 [main] INFO  c.o.v.MutatingMatchOneOrderVisitor - [ORDERBOOK] Have found order we can match:MktData(price=115,quantity=4310)(Limit(side=BUY,orderId=27,price=115,quantity=46))
16:02:30.472 [main] INFO  c.o.v.MutatingMatchOneOrderVisitor - [ORDERBOOK] Filled 46@115 for order:Limit(side=BUY,orderId=27,price=115,quantity=46)
16:02:30.472 [main] INFO  c.orderbook.channel.OrderChannel - [ORDERBOOK] publishing fill to stream: [FillOrder](sbeTemplateId=10|sbeSchemaId=2|sbeSchemaVersion=0|sbeBlockLength=24):orderId=27|quantity=46|price=115
16:02:30.472 [main] INFO  c.sequencer.consumer.LoggingConsumer - [53] [FillOrder](sbeTemplateId=10|sbeSchemaId=2|sbeSchemaVersion=0|sbeBlockLength=24):orderId=27|quantity=46|price=115
16:02:30.472 [main] INFO  c.gettingstarted.MyAlgoLogic - [MYALGO] In Algo Logic.... HeLlO
16:02:30.472 [main] INFO  c.gettingstarted.MyAlgoLogic - [MYALGO] The state of the order book is:
|----BID-----||----ASK----|
    100 @ 98  5000 @ 115
    200 @ 95  5600 @ 119
    300 @ 91          - 
|------------||-----------|

bid level is: BID[100@98] long bif level is: 3
ask level is: ASK[5000@115] bid at 2
ASK[5000@115]far touch 115price46
16:02:30.472 [main] INFO  c.gettingstarted.MyAlgoLogic - [MYALGO] Have:26 children, want 45, joining passive side of book with: 46 @ 115
CreateChildOrder(side=BUY,quantity=46,price=115)
active orders are [codingblackfemales.sotw.ChildOrder@291caca8, codingblackfemales.sotw.ChildOrder@385e9564, codingblackfemales.sotw.ChildOrder@5b94b04d, codingblackfemales.sotw.ChildOrder@8c3b9d, codingblackfemales.sotw.ChildOrder@4c39bec8, codingblackfemales.sotw.ChildOrder@f79e, codingblackfemales.sotw.ChildOrder@7ee8290b, codingblackfemales.sotw.ChildOrder@1f59a598, codingblackfemales.sotw.ChildOrder@1e178745, codingblackfemales.sotw.ChildOrder@192c3f1e, codingblackfemales.sotw.ChildOrder@26b3fd41, codingblackfemales.sotw.ChildOrder@7494f96a, codingblackfemales.sotw.ChildOrder@561b6512, codingblackfemales.sotw.ChildOrder@2e377400, codingblackfemales.sotw.ChildOrder@1757cd72, codingblackfemales.sotw.ChildOrder@445b295b, codingblackfemales.sotw.ChildOrder@49e5f737, codingblackfemales.sotw.ChildOrder@5c671d7f, codingblackfemales.sotw.ChildOrder@757277dc, codingblackfemales.sotw.ChildOrder@687e99d8, codingblackfemales.sotw.ChildOrder@e4487af, codingblackfemales.sotw.ChildOrder@6aaceffd, codingblackfemales.sotw.ChildOrder@c86b9e3, codingblackfemales.sotw.ChildOrder@10aa41f2, codingblackfemales.sotw.ChildOrder@3af9c5b7, codingblackfemales.sotw.ChildOrder@37271612]
16:02:30.472 [main] INFO  c.container.Actioner - [ALGO] Actioner, sending action:CreateChildOrder(side=BUY,quantity=46,price=115)
16:02:30.472 [main] INFO  c.sequencer.consumer.LoggingConsumer - [54] [CreateOrder](sbeTemplateId=4|sbeSchemaId=2|sbeSchemaVersion=0|sbeBlockLength=33):instrumentId=0|price=115|quantity=46|side=BUY|orderId=28
16:02:30.473 [main] INFO  c.o.v.MutatingMatchOneOrderVisitor - [ORDERBOOK] visiting LevelOrderBookLevel(price=115,quantity=4264)
16:02:30.473 [main] INFO  c.o.v.MutatingMatchOneOrderVisitor - [ORDERBOOK] Have found order we can match:MktData(price=115,quantity=4264)(Limit(side=BUY,orderId=28,price=115,quantity=46))
16:02:30.473 [main] INFO  c.o.v.MutatingMatchOneOrderVisitor - [ORDERBOOK] Filled 46@115 for order:Limit(side=BUY,orderId=28,price=115,quantity=46)
16:02:30.473 [main] INFO  c.orderbook.channel.OrderChannel - [ORDERBOOK] publishing fill to stream: [FillOrder](sbeTemplateId=10|sbeSchemaId=2|sbeSchemaVersion=0|sbeBlockLength=24):orderId=28|quantity=46|price=115
16:02:30.473 [main] INFO  c.sequencer.consumer.LoggingConsumer - [55] [FillOrder](sbeTemplateId=10|sbeSchemaId=2|sbeSchemaVersion=0|sbeBlockLength=24):orderId=28|quantity=46|price=115
16:02:30.473 [main] INFO  c.gettingstarted.MyAlgoLogic - [MYALGO] In Algo Logic.... HeLlO
16:02:30.473 [main] INFO  c.gettingstarted.MyAlgoLogic - [MYALGO] The state of the order book is:
|----BID-----||----ASK----|
    100 @ 98  5000 @ 115
    200 @ 95  5600 @ 119
    300 @ 91          - 
|------------||-----------|

bid level is: BID[100@98] long bif level is: 3
ask level is: ASK[5000@115] bid at 2
ASK[5000@115]far touch 115price46
16:02:30.473 [main] INFO  c.gettingstarted.MyAlgoLogic - [MYALGO] Have:27 children, want 45, joining passive side of book with: 46 @ 115
CreateChildOrder(side=BUY,quantity=46,price=115)
active orders are [codingblackfemales.sotw.ChildOrder@291caca8, codingblackfemales.sotw.ChildOrder@385e9564, codingblackfemales.sotw.ChildOrder@5b94b04d, codingblackfemales.sotw.ChildOrder@8c3b9d, codingblackfemales.sotw.ChildOrder@4c39bec8, codingblackfemales.sotw.ChildOrder@f79e, codingblackfemales.sotw.ChildOrder@7ee8290b, codingblackfemales.sotw.ChildOrder@1f59a598, codingblackfemales.sotw.ChildOrder@1e178745, codingblackfemales.sotw.ChildOrder@192c3f1e, codingblackfemales.sotw.ChildOrder@26b3fd41, codingblackfemales.sotw.ChildOrder@7494f96a, codingblackfemales.sotw.ChildOrder@561b6512, codingblackfemales.sotw.ChildOrder@2e377400, codingblackfemales.sotw.ChildOrder@1757cd72, codingblackfemales.sotw.ChildOrder@445b295b, codingblackfemales.sotw.ChildOrder@49e5f737, codingblackfemales.sotw.ChildOrder@5c671d7f, codingblackfemales.sotw.ChildOrder@757277dc, codingblackfemales.sotw.ChildOrder@687e99d8, codingblackfemales.sotw.ChildOrder@e4487af, codingblackfemales.sotw.ChildOrder@6aaceffd, codingblackfemales.sotw.ChildOrder@c86b9e3, codingblackfemales.sotw.ChildOrder@10aa41f2, codingblackfemales.sotw.ChildOrder@3af9c5b7, codingblackfemales.sotw.ChildOrder@37271612, codingblackfemales.sotw.ChildOrder@ed7f8b4]
16:02:30.474 [main] INFO  c.container.Actioner - [ALGO] Actioner, sending action:CreateChildOrder(side=BUY,quantity=46,price=115)
16:02:30.474 [main] INFO  c.sequencer.consumer.LoggingConsumer - [56] [CreateOrder](sbeTemplateId=4|sbeSchemaId=2|sbeSchemaVersion=0|sbeBlockLength=33):instrumentId=0|price=115|quantity=46|side=BUY|orderId=29
16:02:30.474 [main] INFO  c.o.v.MutatingMatchOneOrderVisitor - [ORDERBOOK] visiting LevelOrderBookLevel(price=115,quantity=4218)
16:02:30.474 [main] INFO  c.o.v.MutatingMatchOneOrderVisitor - [ORDERBOOK] Have found order we can match:MktData(price=115,quantity=4218)(Limit(side=BUY,orderId=29,price=115,quantity=46))
16:02:30.474 [main] INFO  c.o.v.MutatingMatchOneOrderVisitor - [ORDERBOOK] Filled 46@115 for order:Limit(side=BUY,orderId=29,price=115,quantity=46)
16:02:30.474 [main] INFO  c.orderbook.channel.OrderChannel - [ORDERBOOK] publishing fill to stream: [FillOrder](sbeTemplateId=10|sbeSchemaId=2|sbeSchemaVersion=0|sbeBlockLength=24):orderId=29|quantity=46|price=115
16:02:30.474 [main] INFO  c.sequencer.consumer.LoggingConsumer - [57] [FillOrder](sbeTemplateId=10|sbeSchemaId=2|sbeSchemaVersion=0|sbeBlockLength=24):orderId=29|quantity=46|price=115
16:02:30.474 [main] INFO  c.gettingstarted.MyAlgoLogic - [MYALGO] In Algo Logic.... HeLlO
16:02:30.474 [main] INFO  c.gettingstarted.MyAlgoLogic - [MYALGO] The state of the order book is:
|----BID-----||----ASK----|
    100 @ 98  5000 @ 115
    200 @ 95  5600 @ 119
    300 @ 91          - 
|------------||-----------|

bid level is: BID[100@98] long bif level is: 3
ask level is: ASK[5000@115] bid at 2
ASK[5000@115]far touch 115price46
16:02:30.474 [main] INFO  c.gettingstarted.MyAlgoLogic - [MYALGO] Have:28 children, want 45, joining passive side of book with: 46 @ 115
CreateChildOrder(side=BUY,quantity=46,price=115)
active orders are [codingblackfemales.sotw.ChildOrder@291caca8, codingblackfemales.sotw.ChildOrder@385e9564, codingblackfemales.sotw.ChildOrder@5b94b04d, codingblackfemales.sotw.ChildOrder@8c3b9d, codingblackfemales.sotw.ChildOrder@4c39bec8, codingblackfemales.sotw.ChildOrder@f79e, codingblackfemales.sotw.ChildOrder@7ee8290b, codingblackfemales.sotw.ChildOrder@1f59a598, codingblackfemales.sotw.ChildOrder@1e178745, codingblackfemales.sotw.ChildOrder@192c3f1e, codingblackfemales.sotw.ChildOrder@26b3fd41, codingblackfemales.sotw.ChildOrder@7494f96a, codingblackfemales.sotw.ChildOrder@561b6512, codingblackfemales.sotw.ChildOrder@2e377400, codingblackfemales.sotw.ChildOrder@1757cd72, codingblackfemales.sotw.ChildOrder@445b295b, codingblackfemales.sotw.ChildOrder@49e5f737, codingblackfemales.sotw.ChildOrder@5c671d7f, codingblackfemales.sotw.ChildOrder@757277dc, codingblackfemales.sotw.ChildOrder@687e99d8, codingblackfemales.sotw.ChildOrder@e4487af, codingblackfemales.sotw.ChildOrder@6aaceffd, codingblackfemales.sotw.ChildOrder@c86b9e3, codingblackfemales.sotw.ChildOrder@10aa41f2, codingblackfemales.sotw.ChildOrder@3af9c5b7, codingblackfemales.sotw.ChildOrder@37271612, codingblackfemales.sotw.ChildOrder@ed7f8b4, codingblackfemales.sotw.ChildOrder@4c309d4d]
16:02:30.475 [main] INFO  c.container.Actioner - [ALGO] Actioner, sending action:CreateChildOrder(side=BUY,quantity=46,price=115)
16:02:30.475 [main] INFO  c.sequencer.consumer.LoggingConsumer - [58] [CreateOrder](sbeTemplateId=4|sbeSchemaId=2|sbeSchemaVersion=0|sbeBlockLength=33):instrumentId=0|price=115|quantity=46|side=BUY|orderId=30
16:02:30.475 [main] INFO  c.o.v.MutatingMatchOneOrderVisitor - [ORDERBOOK] visiting LevelOrderBookLevel(price=115,quantity=4172)
16:02:30.475 [main] INFO  c.o.v.MutatingMatchOneOrderVisitor - [ORDERBOOK] Have found order we can match:MktData(price=115,quantity=4172)(Limit(side=BUY,orderId=30,price=115,quantity=46))
16:02:30.475 [main] INFO  c.o.v.MutatingMatchOneOrderVisitor - [ORDERBOOK] Filled 46@115 for order:Limit(side=BUY,orderId=30,price=115,quantity=46)
16:02:30.475 [main] INFO  c.orderbook.channel.OrderChannel - [ORDERBOOK] publishing fill to stream: [FillOrder](sbeTemplateId=10|sbeSchemaId=2|sbeSchemaVersion=0|sbeBlockLength=24):orderId=30|quantity=46|price=115
16:02:30.475 [main] INFO  c.sequencer.consumer.LoggingConsumer - [59] [FillOrder](sbeTemplateId=10|sbeSchemaId=2|sbeSchemaVersion=0|sbeBlockLength=24):orderId=30|quantity=46|price=115
16:02:30.475 [main] INFO  c.gettingstarted.MyAlgoLogic - [MYALGO] In Algo Logic.... HeLlO
16:02:30.475 [main] INFO  c.gettingstarted.MyAlgoLogic - [MYALGO] The state of the order book is:
|----BID-----||----ASK----|
    100 @ 98  5000 @ 115
    200 @ 95  5600 @ 119
    300 @ 91          - 
|------------||-----------|

bid level is: BID[100@98] long bif level is: 3
ask level is: ASK[5000@115] bid at 2
ASK[5000@115]far touch 115price46
16:02:30.475 [main] INFO  c.gettingstarted.MyAlgoLogic - [MYALGO] Have:29 children, want 45, joining passive side of book with: 46 @ 115
CreateChildOrder(side=BUY,quantity=46,price=115)
active orders are [codingblackfemales.sotw.ChildOrder@291caca8, codingblackfemales.sotw.ChildOrder@385e9564, codingblackfemales.sotw.ChildOrder@5b94b04d, codingblackfemales.sotw.ChildOrder@8c3b9d, codingblackfemales.sotw.ChildOrder@4c39bec8, codingblackfemales.sotw.ChildOrder@f79e, codingblackfemales.sotw.ChildOrder@7ee8290b, codingblackfemales.sotw.ChildOrder@1f59a598, codingblackfemales.sotw.ChildOrder@1e178745, codingblackfemales.sotw.ChildOrder@192c3f1e, codingblackfemales.sotw.ChildOrder@26b3fd41, codingblackfemales.sotw.ChildOrder@7494f96a, codingblackfemales.sotw.ChildOrder@561b6512, codingblackfemales.sotw.ChildOrder@2e377400, codingblackfemales.sotw.ChildOrder@1757cd72, codingblackfemales.sotw.ChildOrder@445b295b, codingblackfemales.sotw.ChildOrder@49e5f737, codingblackfemales.sotw.ChildOrder@5c671d7f, codingblackfemales.sotw.ChildOrder@757277dc, codingblackfemales.sotw.ChildOrder@687e99d8, codingblackfemales.sotw.ChildOrder@e4487af, codingblackfemales.sotw.ChildOrder@6aaceffd, codingblackfemales.sotw.ChildOrder@c86b9e3, codingblackfemales.sotw.ChildOrder@10aa41f2, codingblackfemales.sotw.ChildOrder@3af9c5b7, codingblackfemales.sotw.ChildOrder@37271612, codingblackfemales.sotw.ChildOrder@ed7f8b4, codingblackfemales.sotw.ChildOrder@4c309d4d, codingblackfemales.sotw.ChildOrder@38102d01]
16:02:30.476 [main] INFO  c.container.Actioner - [ALGO] Actioner, sending action:CreateChildOrder(side=BUY,quantity=46,price=115)
16:02:30.476 [main] INFO  c.sequencer.consumer.LoggingConsumer - [60] [CreateOrder](sbeTemplateId=4|sbeSchemaId=2|sbeSchemaVersion=0|sbeBlockLength=33):instrumentId=0|price=115|quantity=46|side=BUY|orderId=31
16:02:30.476 [main] INFO  c.o.v.MutatingMatchOneOrderVisitor - [ORDERBOOK] visiting LevelOrderBookLevel(price=115,quantity=4126)
16:02:30.476 [main] INFO  c.o.v.MutatingMatchOneOrderVisitor - [ORDERBOOK] Have found order we can match:MktData(price=115,quantity=4126)(Limit(side=BUY,orderId=31,price=115,quantity=46))
16:02:30.476 [main] INFO  c.o.v.MutatingMatchOneOrderVisitor - [ORDERBOOK] Filled 46@115 for order:Limit(side=BUY,orderId=31,price=115,quantity=46)
16:02:30.476 [main] INFO  c.orderbook.channel.OrderChannel - [ORDERBOOK] publishing fill to stream: [FillOrder](sbeTemplateId=10|sbeSchemaId=2|sbeSchemaVersion=0|sbeBlockLength=24):orderId=31|quantity=46|price=115
16:02:30.476 [main] INFO  c.sequencer.consumer.LoggingConsumer - [61] [FillOrder](sbeTemplateId=10|sbeSchemaId=2|sbeSchemaVersion=0|sbeBlockLength=24):orderId=31|quantity=46|price=115
16:02:30.476 [main] INFO  c.gettingstarted.MyAlgoLogic - [MYALGO] In Algo Logic.... HeLlO
16:02:30.476 [main] INFO  c.gettingstarted.MyAlgoLogic - [MYALGO] The state of the order book is:
|----BID-----||----ASK----|
    100 @ 98  5000 @ 115
    200 @ 95  5600 @ 119
    300 @ 91          - 
|------------||-----------|

bid level is: BID[100@98] long bif level is: 3
ask level is: ASK[5000@115] bid at 2
ASK[5000@115]far touch 115price46
16:02:30.476 [main] INFO  c.gettingstarted.MyAlgoLogic - [MYALGO] Have:30 children, want 45, joining passive side of book with: 46 @ 115
CreateChildOrder(side=BUY,quantity=46,price=115)
[...]
16:02:30.585 [main] INFO  c.o.v.MutatingMatchOneOrderVisitor - [ORDERBOOK] visiting LevelOrderBookLevel(price=119,quantity=5600)
16:02:30.585 [main] INFO  c.o.v.MutatingMatchOneOrderVisitor - [ORDERBOOK] Can't match order:MktData(price=119,quantity=5600)(Limit(side=BUY,orderId=9,price=110,quantity=46))
16:02:30.585 [main] DEBUG c.o.v.ReadOnlyMarketDataChannelPublishVisitor - Bid Side Size: 3
16:02:30.585 [main] DEBUG c.o.v.ReadOnlyMarketDataChannelPublishVisitor - Adding Mkt Data Msg BID: Price=98 Qty=100
16:02:30.585 [main] DEBUG c.o.v.ReadOnlyMarketDataChannelPublishVisitor - Adding Mkt Data Msg BID: Price=95 Qty=200
16:02:30.585 [main] DEBUG c.o.v.ReadOnlyMarketDataChannelPublishVisitor - Adding Mkt Data Msg BID: Price=91 Qty=300
16:02:30.585 [main] DEBUG c.o.v.ReadOnlyMarketDataChannelPublishVisitor - Ask Side Size: 2
16:02:30.585 [main] DEBUG c.o.v.ReadOnlyMarketDataChannelPublishVisitor - Adding Mkt Data Msg ASK: Price=115 Qty=3390
16:02:30.585 [main] DEBUG c.o.v.ReadOnlyMarketDataChannelPublishVisitor - Adding Mkt Data Msg ASK: Price=119 Qty=5600
16:02:30.585 [main] INFO  c.o.channel.MarketDataChannel - [ORDERBOOK] Sending market data update...
16:02:30.585 [main] INFO  c.sequencer.consumer.LoggingConsumer - [198] 
|----BID-----|
    100 @ 98
    200 @ 95
    300 @ 91
|----ASK-----|
  3390 @ 115
  5600 @ 119

16:02:30.585 [main] DEBUG c.service.MarketDataService - [ALGO] BID: price:98 quantity:100
16:02:30.585 [main] DEBUG c.service.MarketDataService - [ALGO] BID: price:95 quantity:200
16:02:30.585 [main] DEBUG c.service.MarketDataService - [ALGO] BID: price:91 quantity:300
16:02:30.585 [main] DEBUG c.service.MarketDataService - [ALGO] ASK: price:115 quantity:3390
16:02:30.585 [main] DEBUG c.service.MarketDataService - [ALGO] ASK: price:119 quantity:5600
16:02:30.585 [main] INFO  c.gettingstarted.MyAlgoLogic - [MYALGO] In Algo Logic.... HeLlO
16:02:30.585 [main] INFO  c.gettingstarted.MyAlgoLogic - [MYALGO] The state of the order book is:
|----BID-----||----ASK----|
    100 @ 98  3390 @ 115
    200 @ 95  5600 @ 119
    300 @ 91          - 
|------------||-----------|

16:02:30.585 [main] INFO  c.o.v.MutatingMatchOneOrderVisitor - [ORDERBOOK] visiting LevelOrderBookLevel(price=115,quantity=3390)
16:02:30.585 [main] INFO  c.o.v.MutatingMatchOneOrderVisitor - [ORDERBOOK] Can't match order:MktData(price=115,quantity=3390)(Limit(side=BUY,orderId=8,price=110,quantity=46))
16:02:30.585 [main] INFO  c.o.v.MutatingMatchOneOrderVisitor - [ORDERBOOK] visiting LevelOrderBookLevel(price=119,quantity=5600)
16:02:30.585 [main] INFO  c.o.v.MutatingMatchOneOrderVisitor - [ORDERBOOK] Can't match order:MktData(price=119,quantity=5600)(Limit(side=BUY,orderId=8,price=110,quantity=46))
16:02:30.585 [main] DEBUG c.o.v.ReadOnlyMarketDataChannelPublishVisitor - Bid Side Size: 3
16:02:30.585 [main] DEBUG c.o.v.ReadOnlyMarketDataChannelPublishVisitor - Adding Mkt Data Msg BID: Price=98 Qty=100
16:02:30.585 [main] DEBUG c.o.v.ReadOnlyMarketDataChannelPublishVisitor - Adding Mkt Data Msg BID: Price=95 Qty=200
16:02:30.585 [main] DEBUG c.o.v.ReadOnlyMarketDataChannelPublishVisitor - Adding Mkt Data Msg BID: Price=91 Qty=300
16:02:30.585 [main] DEBUG c.o.v.ReadOnlyMarketDataChannelPublishVisitor - Ask Side Size: 2
16:02:30.585 [main] DEBUG c.o.v.ReadOnlyMarketDataChannelPublishVisitor - Adding Mkt Data Msg ASK: Price=115 Qty=3390
16:02:30.585 [main] DEBUG c.o.v.ReadOnlyMarketDataChannelPublishVisitor - Adding Mkt Data Msg ASK: Price=119 Qty=5600
16:02:30.585 [main] INFO  c.o.channel.MarketDataChannel - [ORDERBOOK] Sending market data update...
16:02:30.585 [main] INFO  c.sequencer.consumer.LoggingConsumer - [199] 
|----BID-----|
    100 @ 98
    200 @ 95
    300 @ 91
|----ASK-----|
  3390 @ 115
  5600 @ 119

16:02:30.585 [main] DEBUG c.service.MarketDataService - [ALGO] BID: price:98 quantity:100
16:02:30.585 [main] DEBUG c.service.MarketDataService - [ALGO] BID: price:95 quantity:200
16:02:30.585 [main] DEBUG c.service.MarketDataService - [ALGO] BID: price:91 quantity:300
16:02:30.585 [main] DEBUG c.service.MarketDataService - [ALGO] ASK: price:115 quantity:3390
16:02:30.585 [main] DEBUG c.service.MarketDataService - [ALGO] ASK: price:119 quantity:5600
16:02:30.585 [main] INFO  c.gettingstarted.MyAlgoLogic - [MYALGO] In Algo Logic.... HeLlO
16:02:30.586 [main] INFO  c.gettingstarted.MyAlgoLogic - [MYALGO] The state of the order book is:
|----BID-----||----ASK----|
    100 @ 98  3390 @ 115
    200 @ 95  5600 @ 119
    300 @ 91          - 
|------------||-----------|

16:02:30.587 [main] INFO  c.o.v.MutatingMatchOneOrderVisitor - [ORDERBOOK] visiting LevelOrderBookLevel(price=115,quantity=3390)
16:02:30.587 [main] INFO  c.o.v.MutatingMatchOneOrderVisitor - [ORDERBOOK] Can't match order:MktData(price=115,quantity=3390)(Limit(side=BUY,orderId=7,price=110,quantity=46))
16:02:30.588 [main] INFO  c.o.v.MutatingMatchOneOrderVisitor - [ORDERBOOK] visiting LevelOrderBookLevel(price=119,quantity=5600)
16:02:30.588 [main] INFO  c.o.v.MutatingMatchOneOrderVisitor - [ORDERBOOK] Can't match order:MktData(price=119,quantity=5600)(Limit(side=BUY,orderId=7,price=110,quantity=46))
16:02:30.588 [main] DEBUG c.o.v.ReadOnlyMarketDataChannelPublishVisitor - Bid Side Size: 3
16:02:30.588 [main] DEBUG c.o.v.ReadOnlyMarketDataChannelPublishVisitor - Adding Mkt Data Msg BID: Price=98 Qty=100
16:02:30.588 [main] DEBUG c.o.v.ReadOnlyMarketDataChannelPublishVisitor - Adding Mkt Data Msg BID: Price=95 Qty=200
16:02:30.588 [main] DEBUG c.o.v.ReadOnlyMarketDataChannelPublishVisitor - Adding Mkt Data Msg BID: Price=91 Qty=300
16:02:30.588 [main] DEBUG c.o.v.ReadOnlyMarketDataChannelPublishVisitor - Ask Side Size: 2
16:02:30.588 [main] DEBUG c.o.v.ReadOnlyMarketDataChannelPublishVisitor - Adding Mkt Data Msg ASK: Price=115 Qty=3390
16:02:30.588 [main] DEBUG c.o.v.ReadOnlyMarketDataChannelPublishVisitor - Adding Mkt Data Msg ASK: Price=119 Qty=5600
16:02:30.588 [main] INFO  c.o.channel.MarketDataChannel - [ORDERBOOK] Sending market data update...
16:02:30.588 [main] INFO  c.sequencer.consumer.LoggingConsumer - [200] 
|----BID-----|
    100 @ 98
    200 @ 95
    300 @ 91
|----ASK-----|
  3390 @ 115
  5600 @ 119

16:02:30.588 [main] DEBUG c.service.MarketDataService - [ALGO] BID: price:98 quantity:100
16:02:30.588 [main] DEBUG c.service.MarketDataService - [ALGO] BID: price:95 quantity:200
16:02:30.588 [main] DEBUG c.service.MarketDataService - [ALGO] BID: price:91 quantity:300
16:02:30.588 [main] DEBUG c.service.MarketDataService - [ALGO] ASK: price:115 quantity:3390
16:02:30.588 [main] DEBUG c.service.MarketDataService - [ALGO] ASK: price:119 quantity:5600
16:02:30.588 [main] INFO  c.gettingstarted.MyAlgoLogic - [MYALGO] In Algo Logic.... HeLlO
16:02:30.588 [main] INFO  c.gettingstarted.MyAlgoLogic - [MYALGO] The state of the order book is:
|----BID-----||----ASK----|
    100 @ 98  3390 @ 115
    200 @ 95  5600 @ 119
    300 @ 91          - 
|------------||-----------|

16:02:30.588 [main] INFO  c.o.v.MutatingMatchOneOrderVisitor - [ORDERBOOK] visiting LevelOrderBookLevel(price=115,quantity=3390)
16:02:30.588 [main] INFO  c.o.v.MutatingMatchOneOrderVisitor - [ORDERBOOK] Can't match order:MktData(price=115,quantity=3390)(Limit(side=BUY,orderId=6,price=110,quantity=46))
16:02:30.588 [main] INFO  c.o.v.MutatingMatchOneOrderVisitor - [ORDERBOOK] visiting LevelOrderBookLevel(price=119,quantity=5600)
16:02:30.588 [main] INFO  c.o.v.MutatingMatchOneOrderVisitor - [ORDERBOOK] Can't match order:MktData(price=119,quantity=5600)(Limit(side=BUY,orderId=6,price=110,quantity=46))
16:02:30.588 [main] DEBUG c.o.v.ReadOnlyMarketDataChannelPublishVisitor - Bid Side Size: 3
16:02:30.588 [main] DEBUG c.o.v.ReadOnlyMarketDataChannelPublishVisitor - Adding Mkt Data Msg BID: Price=98 Qty=100
16:02:30.588 [main] DEBUG c.o.v.ReadOnlyMarketDataChannelPublishVisitor - Adding Mkt Data Msg BID: Price=95 Qty=200
16:02:30.588 [main] DEBUG c.o.v.ReadOnlyMarketDataChannelPublishVisitor - Adding Mkt Data Msg BID: Price=91 Qty=300
16:02:30.588 [main] DEBUG c.o.v.ReadOnlyMarketDataChannelPublishVisitor - Ask Side Size: 2
16:02:30.588 [main] DEBUG c.o.v.ReadOnlyMarketDataChannelPublishVisitor - Adding Mkt Data Msg ASK: Price=115 Qty=3390
16:02:30.588 [main] DEBUG c.o.v.ReadOnlyMarketDataChannelPublishVisitor - Adding Mkt Data Msg ASK: Price=119 Qty=5600
16:02:30.588 [main] INFO  c.o.channel.MarketDataChannel - [ORDERBOOK] Sending market data update...
16:02:30.588 [main] INFO  c.sequencer.consumer.LoggingConsumer - [201] 
|----BID-----|
    100 @ 98
    200 @ 95
    300 @ 91
|----ASK-----|
  3390 @ 115
  5600 @ 119

16:02:30.588 [main] DEBUG c.service.MarketDataService - [ALGO] BID: price:98 quantity:100
16:02:30.588 [main] DEBUG c.service.MarketDataService - [ALGO] BID: price:95 quantity:200
16:02:30.588 [main] DEBUG c.service.MarketDataService - [ALGO] BID: price:91 quantity:300
16:02:30.588 [main] DEBUG c.service.MarketDataService - [ALGO] ASK: price:115 quantity:3390
16:02:30.588 [main] DEBUG c.service.MarketDataService - [ALGO] ASK: price:119 quantity:5600
16:02:30.588 [main] INFO  c.gettingstarted.MyAlgoLogic - [MYALGO] In Algo Logic.... HeLlO
16:02:30.588 [main] INFO  c.gettingstarted.MyAlgoLogic - [MYALGO] The state of the order book is:
|----BID-----||----ASK----|
    100 @ 98  3390 @ 115
    200 @ 95  5600 @ 119
    300 @ 91          - 
|------------||-----------|

16:02:30.589 [main] INFO  c.o.v.MutatingMatchOneOrderVisitor - [ORDERBOOK] visiting LevelOrderBookLevel(price=115,quantity=3390)
16:02:30.589 [main] INFO  c.o.v.MutatingMatchOneOrderVisitor - [ORDERBOOK] Can't match order:MktData(price=115,quantity=3390)(Limit(side=BUY,orderId=4,price=100,quantity=46))
16:02:30.589 [main] INFO  c.o.v.MutatingMatchOneOrderVisitor - [ORDERBOOK] visiting LevelOrderBookLevel(price=119,quantity=5600)
16:02:30.589 [main] INFO  c.o.v.MutatingMatchOneOrderVisitor - [ORDERBOOK] Can't match order:MktData(price=119,quantity=5600)(Limit(side=BUY,orderId=4,price=100,quantity=46))
16:02:30.589 [main] DEBUG c.o.v.ReadOnlyMarketDataChannelPublishVisitor - Bid Side Size: 3
16:02:30.589 [main] DEBUG c.o.v.ReadOnlyMarketDataChannelPublishVisitor - Adding Mkt Data Msg BID: Price=98 Qty=100
16:02:30.589 [main] DEBUG c.o.v.ReadOnlyMarketDataChannelPublishVisitor - Adding Mkt Data Msg BID: Price=95 Qty=200
16:02:30.589 [main] DEBUG c.o.v.ReadOnlyMarketDataChannelPublishVisitor - Adding Mkt Data Msg BID: Price=91 Qty=300
16:02:30.589 [main] DEBUG c.o.v.ReadOnlyMarketDataChannelPublishVisitor - Ask Side Size: 2
16:02:30.589 [main] DEBUG c.o.v.ReadOnlyMarketDataChannelPublishVisitor - Adding Mkt Data Msg ASK: Price=115 Qty=3390
16:02:30.589 [main] DEBUG c.o.v.ReadOnlyMarketDataChannelPublishVisitor - Adding Mkt Data Msg ASK: Price=119 Qty=5600
16:02:30.589 [main] INFO  c.o.channel.MarketDataChannel - [ORDERBOOK] Sending market data update...
16:02:30.589 [main] INFO  c.sequencer.consumer.LoggingConsumer - [202] 
|----BID-----|
    100 @ 98
    200 @ 95
    300 @ 91
|----ASK-----|
  3390 @ 115
  5600 @ 119

16:02:30.589 [main] DEBUG c.service.MarketDataService - [ALGO] BID: price:98 quantity:100
16:02:30.589 [main] DEBUG c.service.MarketDataService - [ALGO] BID: price:95 quantity:200
16:02:30.589 [main] DEBUG c.service.MarketDataService - [ALGO] BID: price:91 quantity:300
16:02:30.589 [main] DEBUG c.service.MarketDataService - [ALGO] ASK: price:115 quantity:3390
16:02:30.589 [main] DEBUG c.service.MarketDataService - [ALGO] ASK: price:119 quantity:5600
16:02:30.589 [main] INFO  c.gettingstarted.MyAlgoLogic - [MYALGO] In Algo Logic.... HeLlO
16:02:30.589 [main] INFO  c.gettingstarted.MyAlgoLogic - [MYALGO] The state of the order book is:
|----BID-----||----ASK----|
    100 @ 98  3390 @ 115
    200 @ 95  5600 @ 119
    300 @ 91          - 
|------------||-----------|

16:02:30.589 [main] INFO  c.o.v.MutatingMatchOneOrderVisitor - [ORDERBOOK] visiting LevelOrderBookLevel(price=115,quantity=3390)
16:02:30.590 [main] INFO  c.o.v.MutatingMatchOneOrderVisitor - [ORDERBOOK] Can't match order:MktData(price=115,quantity=3390)(Limit(side=BUY,orderId=3,price=100,quantity=46))
16:02:30.590 [main] INFO  c.o.v.MutatingMatchOneOrderVisitor - [ORDERBOOK] visiting LevelOrderBookLevel(price=119,quantity=5600)
16:02:30.590 [main] INFO  c.o.v.MutatingMatchOneOrderVisitor - [ORDERBOOK] Can't match order:MktData(price=119,quantity=5600)(Limit(side=BUY,orderId=3,price=100,quantity=46))
16:02:30.590 [main] DEBUG c.o.v.ReadOnlyMarketDataChannelPublishVisitor - Bid Side Size: 3
16:02:30.590 [main] DEBUG c.o.v.ReadOnlyMarketDataChannelPublishVisitor - Adding Mkt Data Msg BID: Price=98 Qty=100
16:02:30.590 [main] DEBUG c.o.v.ReadOnlyMarketDataChannelPublishVisitor - Adding Mkt Data Msg BID: Price=95 Qty=200
16:02:30.590 [main] DEBUG c.o.v.ReadOnlyMarketDataChannelPublishVisitor - Adding Mkt Data Msg BID: Price=91 Qty=300
16:02:30.590 [main] DEBUG c.o.v.ReadOnlyMarketDataChannelPublishVisitor - Ask Side Size: 2
16:02:30.590 [main] DEBUG c.o.v.ReadOnlyMarketDataChannelPublishVisitor - Adding Mkt Data Msg ASK: Price=115 Qty=3390
16:02:30.590 [main] DEBUG c.o.v.ReadOnlyMarketDataChannelPublishVisitor - Adding Mkt Data Msg ASK: Price=119 Qty=5600
16:02:30.590 [main] INFO  c.o.channel.MarketDataChannel - [ORDERBOOK] Sending market data update...
16:02:30.590 [main] INFO  c.sequencer.consumer.LoggingConsumer - [203] 
|----BID-----|
    100 @ 98
    200 @ 95
    300 @ 91
|----ASK-----|
  3390 @ 115
  5600 @ 119

16:02:30.590 [main] DEBUG c.service.MarketDataService - [ALGO] BID: price:98 quantity:100
16:02:30.590 [main] DEBUG c.service.MarketDataService - [ALGO] BID: price:95 quantity:200
16:02:30.590 [main] DEBUG c.service.MarketDataService - [ALGO] BID: price:91 quantity:300
16:02:30.590 [main] DEBUG c.service.MarketDataService - [ALGO] ASK: price:115 quantity:3390
16:02:30.590 [main] DEBUG c.service.MarketDataService - [ALGO] ASK: price:119 quantity:5600
16:02:30.590 [main] INFO  c.gettingstarted.MyAlgoLogic - [MYALGO] In Algo Logic.... HeLlO
16:02:30.590 [main] INFO  c.gettingstarted.MyAlgoLogic - [MYALGO] The state of the order book is:
|----BID-----||----ASK----|
    100 @ 98  3390 @ 115
    200 @ 95  5600 @ 119
    300 @ 91          - 
|------------||-----------|

16:02:30.592 [main] INFO  c.o.v.MutatingMatchOneOrderVisitor - [ORDERBOOK] visiting LevelOrderBookLevel(price=115,quantity=3390)
16:02:30.592 [main] INFO  c.o.v.MutatingMatchOneOrderVisitor - [ORDERBOOK] Can't match order:MktData(price=115,quantity=3390)(Limit(side=BUY,orderId=2,price=100,quantity=46))
16:02:30.592 [main] INFO  c.o.v.MutatingMatchOneOrderVisitor - [ORDERBOOK] visiting LevelOrderBookLevel(price=119,quantity=5600)
16:02:30.592 [main] INFO  c.o.v.MutatingMatchOneOrderVisitor - [ORDERBOOK] Can't match order:MktData(price=119,quantity=5600)(Limit(side=BUY,orderId=2,price=100,quantity=46))
16:02:30.592 [main] DEBUG c.o.v.ReadOnlyMarketDataChannelPublishVisitor - Bid Side Size: 3
16:02:30.592 [main] DEBUG c.o.v.ReadOnlyMarketDataChannelPublishVisitor - Adding Mkt Data Msg BID: Price=98 Qty=100
16:02:30.592 [main] DEBUG c.o.v.ReadOnlyMarketDataChannelPublishVisitor - Adding Mkt Data Msg BID: Price=95 Qty=200
16:02:30.592 [main] DEBUG c.o.v.ReadOnlyMarketDataChannelPublishVisitor - Adding Mkt Data Msg BID: Price=91 Qty=300
16:02:30.592 [main] DEBUG c.o.v.ReadOnlyMarketDataChannelPublishVisitor - Ask Side Size: 2
16:02:30.592 [main] DEBUG c.o.v.ReadOnlyMarketDataChannelPublishVisitor - Adding Mkt Data Msg ASK: Price=115 Qty=3390
16:02:30.592 [main] DEBUG c.o.v.ReadOnlyMarketDataChannelPublishVisitor - Adding Mkt Data Msg ASK: Price=119 Qty=5600
16:02:30.592 [main] INFO  c.o.channel.MarketDataChannel - [ORDERBOOK] Sending market data update...
16:02:30.593 [main] INFO  c.sequencer.consumer.LoggingConsumer - [204] 
|----BID-----|
    100 @ 98
    200 @ 95
    300 @ 91
|----ASK-----|
  3390 @ 115
  5600 @ 119

16:02:30.593 [main] DEBUG c.service.MarketDataService - [ALGO] BID: price:98 quantity:100
16:02:30.593 [main] DEBUG c.service.MarketDataService - [ALGO] BID: price:95 quantity:200
16:02:30.593 [main] DEBUG c.service.MarketDataService - [ALGO] BID: price:91 quantity:300
16:02:30.593 [main] DEBUG c.service.MarketDataService - [ALGO] ASK: price:115 quantity:3390
16:02:30.593 [main] DEBUG c.service.MarketDataService - [ALGO] ASK: price:119 quantity:5600
16:02:30.593 [main] INFO  c.gettingstarted.MyAlgoLogic - [MYALGO] In Algo Logic.... HeLlO
16:02:30.593 [main] INFO  c.gettingstarted.MyAlgoLogic - [MYALGO] The state of the order book is:
|----BID-----||----ASK----|
    100 @ 98  3390 @ 115
    200 @ 95  5600 @ 119
    300 @ 91          - 
|------------||-----------|

16:02:30.662 [main] INFO  c.sequencer.consumer.LoggingConsumer - [205] 
|----BID-----|
    100 @ 95
    200 @ 93
    300 @ 91
|----ASK-----|
    501 @ 98
   200 @ 101
  5000 @ 110
  5600 @ 119

16:02:30.662 [main] INFO  c.orderbook.OrderBook - [ORDERBOOK] Processing Mkt Data Update
16:02:30.663 [main] INFO  c.o.v.MutatingRemoveAllMarketDataOrdersVisitor - [ORDERBOOK] Removing market data order:MktData(price=98,quantity=100)
16:02:30.663 [main] INFO  c.o.v.MutatingRemoveAllMarketDataOrdersVisitor - [ORDERBOOK] Removing level:98
16:02:30.663 [main] INFO  c.o.v.MutatingRemoveAllMarketDataOrdersVisitor - [ORDERBOOK] Removing market data order:MktData(price=95,quantity=200)
16:02:30.663 [main] INFO  c.o.v.MutatingRemoveAllMarketDataOrdersVisitor - [ORDERBOOK] Removing level:95
16:02:30.663 [main] INFO  c.o.v.MutatingRemoveAllMarketDataOrdersVisitor - [ORDERBOOK] Removing market data order:MktData(price=91,quantity=300)
16:02:30.663 [main] INFO  c.o.v.MutatingRemoveAllMarketDataOrdersVisitor - [ORDERBOOK] Removing level:91
16:02:30.663 [main] DEBUG c.orderbook.OrderBook - [ORDERBOOK] ASK: Adding orderMktData(price=95,quantity=100)
16:02:30.663 [main] DEBUG c.orderbook.OrderBook - [ORDERBOOK] ASK: Adding orderMktData(price=93,quantity=200)
16:02:30.663 [main] DEBUG c.orderbook.OrderBook - [ORDERBOOK] ASK: Adding orderMktData(price=91,quantity=300)
16:02:30.663 [main] INFO  c.o.v.MutatingRemoveAllMarketDataOrdersVisitor - [ORDERBOOK] Removing market data order:MktData(price=115,quantity=3390)
16:02:30.663 [main] INFO  c.o.v.MutatingRemoveAllMarketDataOrdersVisitor - [ORDERBOOK] Removing level:115
16:02:30.663 [main] INFO  c.o.v.MutatingRemoveAllMarketDataOrdersVisitor - [ORDERBOOK] Removing market data order:MktData(price=119,quantity=5600)
16:02:30.663 [main] INFO  c.o.v.MutatingRemoveAllMarketDataOrdersVisitor - [ORDERBOOK] Removing level:119
16:02:30.663 [main] DEBUG c.orderbook.OrderBook - [ORDERBOOK] ASK: Adding orderMktData(price=98,quantity=501)
16:02:30.663 [main] DEBUG c.orderbook.OrderBook - [ORDERBOOK] ASK: Adding orderMktData(price=101,quantity=200)
16:02:30.663 [main] DEBUG c.orderbook.OrderBook - [ORDERBOOK] ASK: Adding orderMktData(price=110,quantity=5000)
16:02:30.663 [main] DEBUG c.orderbook.OrderBook - [ORDERBOOK] ASK: Adding orderMktData(price=119,quantity=5600)
16:02:30.663 [main] DEBUG c.service.MarketDataService - [ALGO] BID: price:95 quantity:100
16:02:30.663 [main] DEBUG c.service.MarketDataService - [ALGO] BID: price:93 quantity:200
16:02:30.663 [main] DEBUG c.service.MarketDataService - [ALGO] BID: price:91 quantity:300
16:02:30.663 [main] DEBUG c.service.MarketDataService - [ALGO] ASK: price:98 quantity:501
16:02:30.663 [main] DEBUG c.service.MarketDataService - [ALGO] ASK: price:101 quantity:200
16:02:30.663 [main] DEBUG c.service.MarketDataService - [ALGO] ASK: price:110 quantity:5000
16:02:30.663 [main] DEBUG c.service.MarketDataService - [ALGO] ASK: price:119 quantity:5600
16:02:30.663 [main] INFO  c.gettingstarted.MyAlgoLogic - [MYALGO] In Algo Logic.... HeLlO
16:02:30.663 [main] INFO  c.gettingstarted.MyAlgoLogic - [MYALGO] The state of the order book is:
|----BID-----||----ASK----|
    100 @ 95    501 @ 98
    200 @ 93   200 @ 101
    300 @ 91  5000 @ 110
          -   5600 @ 119
|------------||-----------|

]]></system-out>
  </testcase>
</testsuite>