<?xml version="1.0" encoding="UTF-8"?>
<testsuite xmlns:xsi="http://www.w3.org/2001/XMLSchema-instance" xsi:noNamespaceSchemaLocation="https://maven.apache.org/surefire/maven-surefire-plugin/xsd/surefire-test-report-3.0.xsd" version="3.0" name="codingblackfemales.gettingstarted.MyAlgoTest" time="0.003" tests="1" errors="0" skipped="0" failures="0">
  <properties>
[...]
</properties>
  <testcase name="testDispatchThroughSequencer" classname="codingblackfemales.gettingstarted.MyAlgoTest" time="0.002">
    <system-out><![CDATA[17:41:02.492 [main] INFO  c.sequencer.consumer.LoggingConsumer - [1] 
|----BID-----|
   101 @ 100
   200 @ 110
  5000 @ 115
|----ASK-----|
    100 @ 98
    200 @ 95
    300 @ 91

17:41:02.493 [main] DEBUG c.service.MarketDataService - [ALGO] BID: price:100 quantity:101
17:41:02.493 [main] DEBUG c.service.MarketDataService - [ALGO] BID: price:110 quantity:200
17:41:02.493 [main] DEBUG c.service.MarketDataService - [ALGO] BID: price:115 quantity:5000
17:41:02.493 [main] DEBUG c.service.MarketDataService - [ALGO] ASK: price:98 quantity:100
17:41:02.493 [main] DEBUG c.service.MarketDataService - [ALGO] ASK: price:95 quantity:200
17:41:02.493 [main] DEBUG c.service.MarketDataService - [ALGO] ASK: price:91 quantity:300
17:41:02.493 [main] INFO  c.gettingstarted.MyAlgoLogic - [MYALGO] In Algo Logic.... HeLlO
17:41:02.493 [main] INFO  c.gettingstarted.MyAlgoLogic - [MYALGO] The state of the order book is:
 |----BID-----||----ASK----|
   101 @ 100    100 @ 98
   200 @ 110    200 @ 95
  5000 @ 115    300 @ 91
|------------||-----------|

total order count is0
active orders are []
17:41:02.493 [main] INFO  c.gettingstarted.MyAlgoLogic - [MYALGO] Have:0 children, want 4, joining passive side of book with: 10 @ 100
17:41:02.493 [main] INFO  c.container.Actioner - [ALGO] Actioner, sending action:CreateChildOrder(side=BUY,quantity=10,price=100)
17:41:02.494 [main] INFO  c.sequencer.consumer.LoggingConsumer - [2] [CreateOrder](sbeTemplateId=4|sbeSchemaId=2|sbeSchemaVersion=0|sbeBlockLength=33):instrumentId=0|price=100|quantity=10|side=BUY|orderId=2
17:41:02.494 [main] INFO  c.gettingstarted.MyAlgoLogic - [MYALGO] In Algo Logic.... HeLlO
17:41:02.494 [main] INFO  c.gettingstarted.MyAlgoLogic - [MYALGO] The state of the order book is:
 |----BID-----||----ASK----|
   101 @ 100    100 @ 98
   200 @ 110    200 @ 95
  5000 @ 115    300 @ 91
|------------||-----------|

total order count is1
active orders are [codingblackfemales.sotw.ChildOrder@561b6512]
17:41:02.494 [main] INFO  c.gettingstarted.MyAlgoLogic - [MYALGO] Have:1 children, want 4, joining passive side of book with: 10 @ 100
17:41:02.494 [main] INFO  c.container.Actioner - [ALGO] Actioner, sending action:CreateChildOrder(side=BUY,quantity=10,price=100)
17:41:02.494 [main] INFO  c.sequencer.consumer.LoggingConsumer - [3] [CreateOrder](sbeTemplateId=4|sbeSchemaId=2|sbeSchemaVersion=0|sbeBlockLength=33):instrumentId=0|price=100|quantity=10|side=BUY|orderId=3
17:41:02.495 [main] INFO  c.gettingstarted.MyAlgoLogic - [MYALGO] In Algo Logic.... HeLlO
17:41:02.495 [main] INFO  c.gettingstarted.MyAlgoLogic - [MYALGO] The state of the order book is:
 |----BID-----||----ASK----|
   101 @ 100    100 @ 98
   200 @ 110    200 @ 95
  5000 @ 115    300 @ 91
|------------||-----------|

total order count is2
active orders are [codingblackfemales.sotw.ChildOrder@561b6512, codingblackfemales.sotw.ChildOrder@2e377400]
17:41:02.495 [main] INFO  c.gettingstarted.MyAlgoLogic - [MYALGO] Have:2 children, want 4, joining passive side of book with: 10 @ 100
17:41:02.495 [main] INFO  c.container.Actioner - [ALGO] Actioner, sending action:CreateChildOrder(side=BUY,quantity=10,price=100)
17:41:02.495 [main] INFO  c.sequencer.consumer.LoggingConsumer - [4] [CreateOrder](sbeTemplateId=4|sbeSchemaId=2|sbeSchemaVersion=0|sbeBlockLength=33):instrumentId=0|price=100|quantity=10|side=BUY|orderId=4
17:41:02.495 [main] INFO  c.gettingstarted.MyAlgoLogic - [MYALGO] In Algo Logic.... HeLlO
17:41:02.495 [main] INFO  c.gettingstarted.MyAlgoLogic - [MYALGO] The state of the order book is:
 |----BID-----||----ASK----|
   101 @ 100    100 @ 98
   200 @ 110    200 @ 95
  5000 @ 115    300 @ 91
|------------||-----------|

total order count is3
active orders are [codingblackfemales.sotw.ChildOrder@561b6512, codingblackfemales.sotw.ChildOrder@2e377400, codingblackfemales.sotw.ChildOrder@1757cd72]
17:41:02.496 [main] INFO  c.gettingstarted.MyAlgoLogic - [MYALGO] Have:3 children, want 4, joining passive side of book with: 10 @ 100
17:41:02.496 [main] INFO  c.container.Actioner - [ALGO] Actioner, sending action:CreateChildOrder(side=BUY,quantity=10,price=100)
17:41:02.496 [main] INFO  c.sequencer.consumer.LoggingConsumer - [5] [CreateOrder](sbeTemplateId=4|sbeSchemaId=2|sbeSchemaVersion=0|sbeBlockLength=33):instrumentId=0|price=100|quantity=10|side=BUY|orderId=5
17:41:02.496 [main] INFO  c.gettingstarted.MyAlgoLogic - [MYALGO] In Algo Logic.... HeLlO
17:41:02.496 [main] INFO  c.gettingstarted.MyAlgoLogic - [MYALGO] The state of the order book is:
 |----BID-----||----ASK----|
   101 @ 100    100 @ 98
   200 @ 110    200 @ 95
  5000 @ 115    300 @ 91
|------------||-----------|

17:41:02.496 [main] INFO  c.gettingstarted.MyAlgoLogic - [MYALGO] total order count is4
17:41:02.496 [main] INFO  c.gettingstarted.MyAlgoLogic - [MYALGO] active orders are --[codingblackfemales.sotw.ChildOrder@561b6512, codingblackfemales.sotw.ChildOrder@2e377400, codingblackfemales.sotw.ChildOrder@1757cd72, codingblackfemales.sotw.ChildOrder@445b295b]
17:41:02.496 [main] INFO  c.gettingstarted.MyAlgoLogic - [MYALGO] active orders are:[codingblackfemales.sotw.ChildOrder@561b6512, codingblackfemales.sotw.ChildOrder@2e377400, codingblackfemales.sotw.ChildOrder@1757cd72, codingblackfemales.sotw.ChildOrder@445b295b]
17:41:02.496 [main] INFO  c.gettingstarted.MyAlgoLogic - [MYALGO] lets look at statecodingblackfemales.sotw.SimpleAlgoStateImpl@49e5f737
total order count is4
active orders are [codingblackfemales.sotw.ChildOrder@561b6512, codingblackfemales.sotw.ChildOrder@2e377400, codingblackfemales.sotw.ChildOrder@1757cd72, codingblackfemales.sotw.ChildOrder@445b295b]
17:41:02.497 [main] INFO  c.gettingstarted.MyAlgoLogic - [MYALGO] option is present total order count is4
17:41:02.497 [main] INFO  c.gettingstarted.MyAlgoLogic - [MYALGO] option is present, active orders are [codingblackfemales.sotw.ChildOrder@561b6512, codingblackfemales.sotw.ChildOrder@2e377400, codingblackfemales.sotw.ChildOrder@1757cd72, codingblackfemales.sotw.ChildOrder@445b295b]
total order count is4
active orders are [codingblackfemales.sotw.ChildOrder@561b6512, codingblackfemales.sotw.ChildOrder@2e377400, codingblackfemales.sotw.ChildOrder@1757cd72, codingblackfemales.sotw.ChildOrder@445b295b]
17:41:02.497 [main] INFO  c.gettingstarted.MyAlgoLogic - [MYALGO] Cancelling order:codingblackfemales.sotw.ChildOrder@561b6512
17:41:02.497 [main] INFO  c.gettingstarted.MyAlgoLogic - [MYALGO] option is present active orders are:[codingblackfemales.sotw.ChildOrder@561b6512, codingblackfemales.sotw.ChildOrder@2e377400, codingblackfemales.sotw.ChildOrder@1757cd72, codingblackfemales.sotw.ChildOrder@445b295b]
17:41:02.497 [main] INFO  c.container.Actioner - [ALGO] Actioner, sending action:CancelChildOrder(codingblackfemales.sotw.ChildOrder@561b6512)
17:41:02.498 [main] INFO  c.sequencer.consumer.LoggingConsumer - [6] [CancelOrder](sbeTemplateId=5|sbeSchemaId=2|sbeSchemaVersion=0|sbeBlockLength=8):orderId=2
17:41:02.498 [main] INFO  c.gettingstarted.MyAlgoLogic - [MYALGO] In Algo Logic.... HeLlO
17:41:02.498 [main] INFO  c.gettingstarted.MyAlgoLogic - [MYALGO] The state of the order book is:
 |----BID-----||----ASK----|
   101 @ 100    100 @ 98
   200 @ 110    200 @ 95
  5000 @ 115    300 @ 91
|------------||-----------|

17:41:02.498 [main] INFO  c.gettingstarted.MyAlgoLogic - [MYALGO] total order count is4
17:41:02.498 [main] INFO  c.gettingstarted.MyAlgoLogic - [MYALGO] active orders are --[codingblackfemales.sotw.ChildOrder@2e377400, codingblackfemales.sotw.ChildOrder@1757cd72, codingblackfemales.sotw.ChildOrder@445b295b]
17:41:02.498 [main] INFO  c.gettingstarted.MyAlgoLogic - [MYALGO] active orders are:[codingblackfemales.sotw.ChildOrder@2e377400, codingblackfemales.sotw.ChildOrder@1757cd72, codingblackfemales.sotw.ChildOrder@445b295b]
17:41:02.498 [main] INFO  c.gettingstarted.MyAlgoLogic - [MYALGO] lets look at statecodingblackfemales.sotw.SimpleAlgoStateImpl@49e5f737
total order count is4
active orders are [codingblackfemales.sotw.ChildOrder@2e377400, codingblackfemales.sotw.ChildOrder@1757cd72, codingblackfemales.sotw.ChildOrder@445b295b]
17:41:02.499 [main] INFO  c.gettingstarted.MyAlgoLogic - [MYALGO] option is present total order count is4
17:41:02.499 [main] INFO  c.gettingstarted.MyAlgoLogic - [MYALGO] option is present, active orders are [codingblackfemales.sotw.ChildOrder@2e377400, codingblackfemales.sotw.ChildOrder@1757cd72, codingblackfemales.sotw.ChildOrder@445b295b]
total order count is4
active orders are [codingblackfemales.sotw.ChildOrder@2e377400, codingblackfemales.sotw.ChildOrder@1757cd72, codingblackfemales.sotw.ChildOrder@445b295b]
17:41:02.499 [main] INFO  c.gettingstarted.MyAlgoLogic - [MYALGO] Cancelling order:codingblackfemales.sotw.ChildOrder@2e377400
17:41:02.499 [main] INFO  c.gettingstarted.MyAlgoLogic - [MYALGO] option is present active orders are:[codingblackfemales.sotw.ChildOrder@2e377400, codingblackfemales.sotw.ChildOrder@1757cd72, codingblackfemales.sotw.ChildOrder@445b295b]
17:41:02.499 [main] INFO  c.container.Actioner - [ALGO] Actioner, sending action:CancelChildOrder(codingblackfemales.sotw.ChildOrder@2e377400)
17:41:02.499 [main] INFO  c.sequencer.consumer.LoggingConsumer - [7] [CancelOrder](sbeTemplateId=5|sbeSchemaId=2|sbeSchemaVersion=0|sbeBlockLength=8):orderId=3
17:41:02.500 [main] INFO  c.gettingstarted.MyAlgoLogic - [MYALGO] In Algo Logic.... HeLlO
17:41:02.500 [main] INFO  c.gettingstarted.MyAlgoLogic - [MYALGO] The state of the order book is:
 |----BID-----||----ASK----|
   101 @ 100    100 @ 98
   200 @ 110    200 @ 95
  5000 @ 115    300 @ 91
|------------||-----------|

17:41:02.500 [main] INFO  c.gettingstarted.MyAlgoLogic - [MYALGO] total order count is4
17:41:02.500 [main] INFO  c.gettingstarted.MyAlgoLogic - [MYALGO] active orders are --[codingblackfemales.sotw.ChildOrder@1757cd72, codingblackfemales.sotw.ChildOrder@445b295b]
17:41:02.500 [main] INFO  c.gettingstarted.MyAlgoLogic - [MYALGO] active orders are:[codingblackfemales.sotw.ChildOrder@1757cd72, codingblackfemales.sotw.ChildOrder@445b295b]
17:41:02.500 [main] INFO  c.gettingstarted.MyAlgoLogic - [MYALGO] lets look at statecodingblackfemales.sotw.SimpleAlgoStateImpl@49e5f737
total order count is4
active orders are [codingblackfemales.sotw.ChildOrder@1757cd72, codingblackfemales.sotw.ChildOrder@445b295b]
17:41:02.501 [main] INFO  c.gettingstarted.MyAlgoLogic - [MYALGO] option is present total order count is4
17:41:02.501 [main] INFO  c.gettingstarted.MyAlgoLogic - [MYALGO] option is present, active orders are [codingblackfemales.sotw.ChildOrder@1757cd72, codingblackfemales.sotw.ChildOrder@445b295b]
total order count is4
active orders are [codingblackfemales.sotw.ChildOrder@1757cd72, codingblackfemales.sotw.ChildOrder@445b295b]
17:41:02.501 [main] INFO  c.gettingstarted.MyAlgoLogic - [MYALGO] Cancelling order:codingblackfemales.sotw.ChildOrder@1757cd72
17:41:02.501 [main] INFO  c.gettingstarted.MyAlgoLogic - [MYALGO] option is present active orders are:[codingblackfemales.sotw.ChildOrder@1757cd72, codingblackfemales.sotw.ChildOrder@445b295b]
17:41:02.501 [main] INFO  c.container.Actioner - [ALGO] Actioner, sending action:CancelChildOrder(codingblackfemales.sotw.ChildOrder@1757cd72)
17:41:02.501 [main] INFO  c.sequencer.consumer.LoggingConsumer - [8] [CancelOrder](sbeTemplateId=5|sbeSchemaId=2|sbeSchemaVersion=0|sbeBlockLength=8):orderId=4
17:41:02.501 [main] INFO  c.gettingstarted.MyAlgoLogic - [MYALGO] In Algo Logic.... HeLlO
17:41:02.501 [main] INFO  c.gettingstarted.MyAlgoLogic - [MYALGO] The state of the order book is:
 |----BID-----||----ASK----|
   101 @ 100    100 @ 98
   200 @ 110    200 @ 95
  5000 @ 115    300 @ 91
|------------||-----------|

17:41:02.501 [main] INFO  c.gettingstarted.MyAlgoLogic - [MYALGO] total order count is4
17:41:02.501 [main] INFO  c.gettingstarted.MyAlgoLogic - [MYALGO] active orders are --[codingblackfemales.sotw.ChildOrder@445b295b]
17:41:02.501 [main] INFO  c.gettingstarted.MyAlgoLogic - [MYALGO] active orders are:[codingblackfemales.sotw.ChildOrder@445b295b]
17:41:02.501 [main] INFO  c.gettingstarted.MyAlgoLogic - [MYALGO] lets look at statecodingblackfemales.sotw.SimpleAlgoStateImpl@49e5f737
total order count is4
active orders are [codingblackfemales.sotw.ChildOrder@445b295b]
17:41:02.501 [main] INFO  c.gettingstarted.MyAlgoLogic - [MYALGO] option is present total order count is4
17:41:02.501 [main] INFO  c.gettingstarted.MyAlgoLogic - [MYALGO] option is present, active orders are [codingblackfemales.sotw.ChildOrder@445b295b]
total order count is4
active orders are [codingblackfemales.sotw.ChildOrder@445b295b]
17:41:02.501 [main] INFO  c.gettingstarted.MyAlgoLogic - [MYALGO] Cancelling order:codingblackfemales.sotw.ChildOrder@445b295b
17:41:02.501 [main] INFO  c.gettingstarted.MyAlgoLogic - [MYALGO] option is present active orders are:[codingblackfemales.sotw.ChildOrder@445b295b]
17:41:02.501 [main] INFO  c.container.Actioner - [ALGO] Actioner, sending action:CancelChildOrder(codingblackfemales.sotw.ChildOrder@445b295b)
17:41:02.501 [main] INFO  c.sequencer.consumer.LoggingConsumer - [9] [CancelOrder](sbeTemplateId=5|sbeSchemaId=2|sbeSchemaVersion=0|sbeBlockLength=8):orderId=5
17:41:02.501 [main] INFO  c.gettingstarted.MyAlgoLogic - [MYALGO] In Algo Logic.... HeLlO
17:41:02.505 [main] INFO  c.gettingstarted.MyAlgoLogic - [MYALGO] The state of the order book is:
 |----BID-----||----ASK----|
   101 @ 100    100 @ 98
   200 @ 110    200 @ 95
  5000 @ 115    300 @ 91
|------------||-----------|

17:41:02.505 [main] INFO  c.gettingstarted.MyAlgoLogic - [MYALGO] Have:4 children, want 4, done.
]]></system-out>
  </testcase>
</testsuite>